There was an error importing jinja2.
Please run `conda install jinja2` to enable jinja template support
Removing old build directory
Removing old work directory
BUILD START: ansicolors-1.0.2-py27_0
Fetching package metadata: ......
Solving package specifications: .There was an error importing jinja2.
Please run `conda install jinja2` to enable jinja template support
+ /home/ubuntu/miniconda/envs/_build/bin/python setup.py install
running install
running bdist_egg
running egg_info
writing ansicolors.egg-info/PKG-INFO
writing top-level names to ansicolors.egg-info/top_level.txt
writing dependency_links to ansicolors.egg-info/dependency_links.txt
reading manifest file 'ansicolors.egg-info/SOURCES.txt'
reading manifest template 'MANIFEST.in'
writing manifest file 'ansicolors.egg-info/SOURCES.txt'
installing library code to build/bdist.linux-x86_64/egg
running install_lib
running build_py
creating build
creating build/lib
copying colors.py -> build/lib
creating build/bdist.linux-x86_64
creating build/bdist.linux-x86_64/egg
copying build/lib/colors.py -> build/bdist.linux-x86_64/egg
byte-compiling build/bdist.linux-x86_64/egg/colors.py to colors.pyc
creating build/bdist.linux-x86_64/egg/EGG-INFO
copying ansicolors.egg-info/PKG-INFO -> build/bdist.linux-x86_64/egg/EGG-INFO
copying ansicolors.egg-info/SOURCES.txt -> build/bdist.linux-x86_64/egg/EGG-INFO
copying ansicolors.egg-info/dependency_links.txt -> build/bdist.linux-x86_64/egg/EGG-INFO
copying ansicolors.egg-info/top_level.txt -> build/bdist.linux-x86_64/egg/EGG-INFO
zip_safe flag not set; analyzing archive contents...
creating dist
creating 'dist/ansicolors-1.0.2-py2.7.egg' and adding 'build/bdist.linux-x86_64/egg' to it
removing 'build/bdist.linux-x86_64/egg' (and everything under it)
Processing ansicolors-1.0.2-py2.7.egg
Copying ansicolors-1.0.2-py2.7.egg to /home/ubuntu/miniconda/envs/_build/lib/python2.7/site-packages
Adding ansicolors 1.0.2 to easy-install.pth file

Installed /home/ubuntu/miniconda/envs/_build/lib/python2.7/site-packages/ansicolors-1.0.2-py2.7.egg
Processing dependencies for ansicolors==1.0.2
Finished processing dependencies for ansicolors==1.0.2

The following NEW packages will be INSTALLED:

    openssl:    1.0.1k-1    
    pip:        6.1.1-py27_0
    python:     2.7.9-3     
    readline:   6.2-2       
    setuptools: 16.0-py27_0 
    sqlite:     3.8.4.1-1   
    system:     5.8-2       
    tk:         8.5.18-0    
    zlib:       1.2.8-0     

Linking packages ...
[                    ]|                                                  |   0%[openssl             ]|                                                  |   0%[readline            ]|#####                                             |  11%[sqlite              ]|###########                                       |  22%[system              ]|################                                  |  33%[tk                  ]|######################                            |  44%[zlib                ]|###########################                       |  55%[python              ]|#################################                 |  66%[setuptools          ]|######################################            |  77%[pip                 ]|############################################      |  88%[      COMPLETE      ]|##################################################| 100%
Removing old work directory
Source cache directory is: /home/ubuntu/miniconda/conda-bld/src_cache
Found source in cache: ansicolors-1.0.2.tar.gz
Extracting download
Package: ansicolors-1.0.2-py27_0
source tree in: /home/ubuntu/miniconda/conda-bld/work/ansicolors-1.0.2
found egg: /home/ubuntu/miniconda/envs/_build/lib/python2.7/site-packages/ansicolors-1.0.2-py2.7.egg
number of files: 2
Fixing permissions
Fixing permissions
BUILD END: ansicolors-1.0.2-py27_0
TEST START: ansicolors-1.0.2-py27_0
Fetching package metadata: ......
Solving package specifications: .===== testing package: ansicolors-1.0.2-py27_0 =====
import: u'ansicolors'
Traceback (most recent call last):
  File "/home/ubuntu/miniconda/conda-bld/test-tmp_dir/run_test.py", line 25, in <module>
    import ansicolors
ImportError: No module named ansicolors

The following packages will be downloaded:

    package                    |            build
    ---------------------------|-----------------
    ansicolors-1.0.2           |           py27_0           6 KB

The following NEW packages will be INSTALLED:

    ansicolors: 1.0.2-py27_0
    openssl:    1.0.1k-1    
    pip:        6.1.1-py27_0
    python:     2.7.9-3     
    readline:   6.2-2       
    setuptools: 16.0-py27_0 
    sqlite:     3.8.4.1-1   
    system:     5.8-2       
    tk:         8.5.18-0    
    zlib:       1.2.8-0     

Fetching packages ...
ansicolors-1.0   0% |                              | ETA:  --:--:--   0.00  B/sansicolors-1.0 100% |###############################| ETA:  0:00:00  17.21 MB/sansicolors-1.0 100% |###############################| Time: 0:00:00   9.72 MB/s
Extracting packages ...
[      COMPLETE      ]|                                                  |   0%[ansicolors          ]|                                                  |   0%[ansicolors          ]|                                                  |   0%[      COMPLETE      ]|##################################################| 100%
Linking packages ...
[      COMPLETE      ]|                                                  |   0%[openssl             ]|                                                  |   0%[openssl             ]|                                                  |   0%[readline            ]|#####                                             |  10%[sqlite              ]|##########                                        |  20%[system              ]|###############                                   |  30%[tk                  ]|####################                              |  40%[zlib                ]|#########################                         |  50%[ansicolors          ]|##############################                    |  60%[python              ]|###################################               |  70%[setuptools          ]|########################################          |  80%[pip                 ]|#############################################     |  90%[      COMPLETE      ]|##################################################| 100%
TESTS FAILED: ansicolors-1.0.2-py27_0
