There was an error importing jinja2.
Please run `conda install jinja2` to enable jinja template support
Removing old build directory
Removing old work directory
BUILD START: fabric-1.10.1-py27_0
Fetching package metadata: ......
Solving package specifications: .................There was an error importing jinja2.
Please run `conda install jinja2` to enable jinja template support
+ /home/ubuntu/miniconda/envs/_build/bin/python setup.py install
running install
running bdist_egg
running egg_info
writing requirements to Fabric.egg-info/requires.txt
writing Fabric.egg-info/PKG-INFO
writing top-level names to Fabric.egg-info/top_level.txt
writing dependency_links to Fabric.egg-info/dependency_links.txt
writing entry points to Fabric.egg-info/entry_points.txt
reading manifest file 'Fabric.egg-info/SOURCES.txt'
reading manifest template 'MANIFEST.in'
warning: no previously-included files matching '*' found under directory 'sites/docs/_build'
warning: no previously-included files matching '*' found under directory 'sites/www/_build'
warning: no previously-included files matching '*.pyc' found under directory 'tests'
warning: no previously-included files matching '*.pyo' found under directory 'tests'
writing manifest file 'Fabric.egg-info/SOURCES.txt'
installing library code to build/bdist.linux-x86_64/egg
running install_lib
running build_py
creating build
creating build/lib
creating build/lib/fabric
copying fabric/colors.py -> build/lib/fabric
copying fabric/tasks.py -> build/lib/fabric
copying fabric/__main__.py -> build/lib/fabric
copying fabric/utils.py -> build/lib/fabric
copying fabric/operations.py -> build/lib/fabric
copying fabric/network.py -> build/lib/fabric
copying fabric/docs.py -> build/lib/fabric
copying fabric/api.py -> build/lib/fabric
copying fabric/context_managers.py -> build/lib/fabric
copying fabric/task_utils.py -> build/lib/fabric
copying fabric/thread_handling.py -> build/lib/fabric
copying fabric/version.py -> build/lib/fabric
copying fabric/sftp.py -> build/lib/fabric
copying fabric/main.py -> build/lib/fabric
copying fabric/__init__.py -> build/lib/fabric
copying fabric/decorators.py -> build/lib/fabric
copying fabric/state.py -> build/lib/fabric
copying fabric/io.py -> build/lib/fabric
copying fabric/auth.py -> build/lib/fabric
copying fabric/job_queue.py -> build/lib/fabric
copying fabric/exceptions.py -> build/lib/fabric
creating build/lib/fabfile
copying fabfile/tag.py -> build/lib/fabfile
copying fabfile/utils.py -> build/lib/fabfile
copying fabfile/__init__.py -> build/lib/fabfile
creating build/lib/fabric/contrib
copying fabric/contrib/django.py -> build/lib/fabric/contrib
copying fabric/contrib/console.py -> build/lib/fabric/contrib
copying fabric/contrib/files.py -> build/lib/fabric/contrib
copying fabric/contrib/__init__.py -> build/lib/fabric/contrib
copying fabric/contrib/project.py -> build/lib/fabric/contrib
creating build/bdist.linux-x86_64
creating build/bdist.linux-x86_64/egg
creating build/bdist.linux-x86_64/egg/fabric
copying build/lib/fabric/colors.py -> build/bdist.linux-x86_64/egg/fabric
copying build/lib/fabric/tasks.py -> build/bdist.linux-x86_64/egg/fabric
copying build/lib/fabric/__main__.py -> build/bdist.linux-x86_64/egg/fabric
copying build/lib/fabric/utils.py -> build/bdist.linux-x86_64/egg/fabric
copying build/lib/fabric/operations.py -> build/bdist.linux-x86_64/egg/fabric
copying build/lib/fabric/network.py -> build/bdist.linux-x86_64/egg/fabric
copying build/lib/fabric/docs.py -> build/bdist.linux-x86_64/egg/fabric
copying build/lib/fabric/api.py -> build/bdist.linux-x86_64/egg/fabric
copying build/lib/fabric/context_managers.py -> build/bdist.linux-x86_64/egg/fabric
copying build/lib/fabric/task_utils.py -> build/bdist.linux-x86_64/egg/fabric
copying build/lib/fabric/thread_handling.py -> build/bdist.linux-x86_64/egg/fabric
copying build/lib/fabric/version.py -> build/bdist.linux-x86_64/egg/fabric
creating build/bdist.linux-x86_64/egg/fabric/contrib
copying build/lib/fabric/contrib/django.py -> build/bdist.linux-x86_64/egg/fabric/contrib
copying build/lib/fabric/contrib/console.py -> build/bdist.linux-x86_64/egg/fabric/contrib
copying build/lib/fabric/contrib/files.py -> build/bdist.linux-x86_64/egg/fabric/contrib
copying build/lib/fabric/contrib/__init__.py -> build/bdist.linux-x86_64/egg/fabric/contrib
copying build/lib/fabric/contrib/project.py -> build/bdist.linux-x86_64/egg/fabric/contrib
copying build/lib/fabric/sftp.py -> build/bdist.linux-x86_64/egg/fabric
copying build/lib/fabric/main.py -> build/bdist.linux-x86_64/egg/fabric
copying build/lib/fabric/__init__.py -> build/bdist.linux-x86_64/egg/fabric
copying build/lib/fabric/decorators.py -> build/bdist.linux-x86_64/egg/fabric
copying build/lib/fabric/state.py -> build/bdist.linux-x86_64/egg/fabric
copying build/lib/fabric/io.py -> build/bdist.linux-x86_64/egg/fabric
copying build/lib/fabric/auth.py -> build/bdist.linux-x86_64/egg/fabric
copying build/lib/fabric/job_queue.py -> build/bdist.linux-x86_64/egg/fabric
copying build/lib/fabric/exceptions.py -> build/bdist.linux-x86_64/egg/fabric
creating build/bdist.linux-x86_64/egg/fabfile
copying build/lib/fabfile/tag.py -> build/bdist.linux-x86_64/egg/fabfile
copying build/lib/fabfile/utils.py -> build/bdist.linux-x86_64/egg/fabfile
copying build/lib/fabfile/__init__.py -> build/bdist.linux-x86_64/egg/fabfile
byte-compiling build/bdist.linux-x86_64/egg/fabric/colors.py to colors.pyc
byte-compiling build/bdist.linux-x86_64/egg/fabric/tasks.py to tasks.pyc
byte-compiling build/bdist.linux-x86_64/egg/fabric/__main__.py to __main__.pyc
byte-compiling build/bdist.linux-x86_64/egg/fabric/utils.py to utils.pyc
byte-compiling build/bdist.linux-x86_64/egg/fabric/operations.py to operations.pyc
byte-compiling build/bdist.linux-x86_64/egg/fabric/network.py to network.pyc
byte-compiling build/bdist.linux-x86_64/egg/fabric/docs.py to docs.pyc
byte-compiling build/bdist.linux-x86_64/egg/fabric/api.py to api.pyc
byte-compiling build/bdist.linux-x86_64/egg/fabric/context_managers.py to context_managers.pyc
byte-compiling build/bdist.linux-x86_64/egg/fabric/task_utils.py to task_utils.pyc
byte-compiling build/bdist.linux-x86_64/egg/fabric/thread_handling.py to thread_handling.pyc
byte-compiling build/bdist.linux-x86_64/egg/fabric/version.py to version.pyc
byte-compiling build/bdist.linux-x86_64/egg/fabric/contrib/django.py to django.pyc
byte-compiling build/bdist.linux-x86_64/egg/fabric/contrib/console.py to console.pyc
byte-compiling build/bdist.linux-x86_64/egg/fabric/contrib/files.py to files.pyc
byte-compiling build/bdist.linux-x86_64/egg/fabric/contrib/__init__.py to __init__.pyc
byte-compiling build/bdist.linux-x86_64/egg/fabric/contrib/project.py to project.pyc
byte-compiling build/bdist.linux-x86_64/egg/fabric/sftp.py to sftp.pyc
byte-compiling build/bdist.linux-x86_64/egg/fabric/main.py to main.pyc
byte-compiling build/bdist.linux-x86_64/egg/fabric/__init__.py to __init__.pyc
byte-compiling build/bdist.linux-x86_64/egg/fabric/decorators.py to decorators.pyc
byte-compiling build/bdist.linux-x86_64/egg/fabric/state.py to state.pyc
byte-compiling build/bdist.linux-x86_64/egg/fabric/io.py to io.pyc
byte-compiling build/bdist.linux-x86_64/egg/fabric/auth.py to auth.pyc
byte-compiling build/bdist.linux-x86_64/egg/fabric/job_queue.py to job_queue.pyc
byte-compiling build/bdist.linux-x86_64/egg/fabric/exceptions.py to exceptions.pyc
byte-compiling build/bdist.linux-x86_64/egg/fabfile/tag.py to tag.pyc
byte-compiling build/bdist.linux-x86_64/egg/fabfile/utils.py to utils.pyc
byte-compiling build/bdist.linux-x86_64/egg/fabfile/__init__.py to __init__.pyc
creating build/bdist.linux-x86_64/egg/EGG-INFO
copying Fabric.egg-info/PKG-INFO -> build/bdist.linux-x86_64/egg/EGG-INFO
copying Fabric.egg-info/SOURCES.txt -> build/bdist.linux-x86_64/egg/EGG-INFO
copying Fabric.egg-info/dependency_links.txt -> build/bdist.linux-x86_64/egg/EGG-INFO
copying Fabric.egg-info/entry_points.txt -> build/bdist.linux-x86_64/egg/EGG-INFO
copying Fabric.egg-info/requires.txt -> build/bdist.linux-x86_64/egg/EGG-INFO
copying Fabric.egg-info/top_level.txt -> build/bdist.linux-x86_64/egg/EGG-INFO
zip_safe flag not set; analyzing archive contents...
fabric.version: module references __file__
creating dist
creating 'dist/Fabric-1.10.1-py2.7.egg' and adding 'build/bdist.linux-x86_64/egg' to it
removing 'build/bdist.linux-x86_64/egg' (and everything under it)
Processing Fabric-1.10.1-py2.7.egg
creating /home/ubuntu/miniconda/envs/_build/lib/python2.7/site-packages/Fabric-1.10.1-py2.7.egg
Extracting Fabric-1.10.1-py2.7.egg to /home/ubuntu/miniconda/envs/_build/lib/python2.7/site-packages
Adding Fabric 1.10.1 to easy-install.pth file
Installing fab script to /home/ubuntu/miniconda/envs/_build/bin

Installed /home/ubuntu/miniconda/envs/_build/lib/python2.7/site-packages/Fabric-1.10.1-py2.7.egg
Processing dependencies for Fabric==1.10.1
Searching for paramiko==1.15.2
Best match: paramiko 1.15.2
Processing paramiko-1.15.2-py2.7.egg
Adding paramiko 1.15.2 to easy-install.pth file

Using /home/ubuntu/miniconda/envs/_build/lib/python2.7/site-packages/paramiko-1.15.2-py2.7.egg
Searching for ecdsa==0.13
Best match: ecdsa 0.13
Processing ecdsa-0.13-py2.7.egg
Adding ecdsa 0.13 to easy-install.pth file

Using /home/ubuntu/miniconda/envs/_build/lib/python2.7/site-packages/ecdsa-0.13-py2.7.egg
Searching for pycrypto==2.6.1
Best match: pycrypto 2.6.1
Adding pycrypto 2.6.1 to easy-install.pth file

Using /home/ubuntu/miniconda/envs/_build/lib/python2.7/site-packages
Finished processing dependencies for Fabric==1.10.1

The following NEW packages will be INSTALLED:

    ecdsa:      0.13-py27_0  
    openssl:    1.0.1k-1     
    paramiko:   1.15.2-py27_0
    pip:        6.1.1-py27_0 
    pycrypto:   2.6.1-py27_0 
    python:     2.7.9-3      
    readline:   6.2-2        
    setuptools: 16.0-py27_0  
    sqlite:     3.8.4.1-1    
    system:     5.8-2        
    tk:         8.5.18-0     
    zlib:       1.2.8-0      

Linking packages ...
[                    ]|                                                  |   0%[openssl             ]|                                                  |   0%[readline            ]|####                                              |   8%[sqlite              ]|########                                          |  16%[system              ]|############                                      |  25%[tk                  ]|################                                  |  33%[zlib                ]|####################                              |  41%[ecdsa               ]|#########################                         |  50%[pycrypto            ]|#############################                     |  58%[paramiko            ]|#################################                 |  66%[python              ]|#####################################             |  75%[setuptools          ]|#########################################         |  83%[pip                 ]|#############################################     |  91%[      COMPLETE      ]|##################################################| 100%
Removing old work directory
Source cache directory is: /home/ubuntu/miniconda/conda-bld/src_cache
Found source in cache: Fabric-1.10.1.tar.gz
Extracting download
Package: fabric-1.10.1-py27_0
source tree in: /home/ubuntu/miniconda/conda-bld/work/Fabric-1.10.1
found egg dir: /home/ubuntu/miniconda/envs/_build/lib/python2.7/site-packages/Fabric-1.10.1-py2.7.egg
number of files: 60
Fixing permissions
Detected hard-coded path in text file bin/fab
Fixing permissions
BUILD END: fabric-1.10.1-py27_0
TEST START: fabric-1.10.1-py27_0
Fetching package metadata: ......
Solving package specifications: .................===== testing package: fabric-1.10.1-py27_0 =====
import: u'fabfile'
Traceback (most recent call last):
  File "/home/ubuntu/miniconda/conda-bld/test-tmp_dir/run_test.py", line 25, in <module>
    import fabfile
  File "/home/ubuntu/miniconda/envs/_test/lib/python2.7/site-packages/fabfile/__init__.py", line 7, in <module>
    import nose
ImportError: No module named nose

The following packages will be downloaded:

    package                    |            build
    ---------------------------|-----------------
    fabric-1.10.1              |           py27_0         109 KB

The following NEW packages will be INSTALLED:

    ecdsa:      0.13-py27_0  
    fabric:     1.10.1-py27_0
    openssl:    1.0.1k-1     
    paramiko:   1.15.2-py27_0
    pip:        6.1.1-py27_0 
    pycrypto:   2.6.1-py27_0 
    python:     2.7.9-3      
    readline:   6.2-2        
    setuptools: 16.0-py27_0  
    sqlite:     3.8.4.1-1    
    system:     5.8-2        
    tk:         8.5.18-0     
    zlib:       1.2.8-0      

Fetching packages ...
fabric-1.10.1-   0% |                              | ETA:  --:--:--   0.00  B/sfabric-1.10.1-  14% |####                           | ETA:  0:00:00  45.75 MB/sfabric-1.10.1-  29% |#########                      | ETA:  0:00:00  56.58 MB/sfabric-1.10.1-  43% |#############                  | ETA:  0:00:00  63.49 MB/sfabric-1.10.1-  58% |##################             | ETA:  0:00:00  67.90 MB/sfabric-1.10.1-  73% |######################         | ETA:  0:00:00  71.11 MB/sfabric-1.10.1-  87% |###########################    | ETA:  0:00:00  73.58 MB/sfabric-1.10.1- 100% |###############################| ETA:  0:00:00  74.05 MB/sfabric-1.10.1- 100% |###############################| Time: 0:00:00  65.11 MB/s
Extracting packages ...
[      COMPLETE      ]|                                                  |   0%[fabric              ]|                                                  |   0%[fabric              ]|                                                  |   0%[      COMPLETE      ]|##################################################| 100%
Linking packages ...
[      COMPLETE      ]|                                                  |   0%[openssl             ]|                                                  |   0%[openssl             ]|                                                  |   0%[readline            ]|###                                               |   7%[sqlite              ]|#######                                           |  15%[system              ]|###########                                       |  23%[tk                  ]|###############                                   |  30%[zlib                ]|###################                               |  38%[ecdsa               ]|#######################                           |  46%[pycrypto            ]|##########################                        |  53%[paramiko            ]|##############################                    |  61%[fabric              ]|##################################                |  69%[python              ]|######################################            |  76%[setuptools          ]|##########################################        |  84%[pip                 ]|##############################################    |  92%[      COMPLETE      ]|##################################################| 100%
TESTS FAILED: fabric-1.10.1-py27_0
