There was an error importing jinja2.
Please run `conda install jinja2` to enable jinja template support
Removing old build directory
Removing old work directory
BUILD START: factory_boy-2.5.2-py27_0
Fetching package metadata: ......
Solving package specifications: .There was an error importing jinja2.
Please run `conda install jinja2` to enable jinja template support
+ /home/ubuntu/miniconda/envs/_build/bin/python setup.py install
running install
running bdist_egg
running egg_info
writing factory_boy.egg-info/PKG-INFO
writing top-level names to factory_boy.egg-info/top_level.txt
writing dependency_links to factory_boy.egg-info/dependency_links.txt
reading manifest file 'factory_boy.egg-info/SOURCES.txt'
reading manifest template 'MANIFEST.in'
no previously-included directories found matching 'docs/_build'
writing manifest file 'factory_boy.egg-info/SOURCES.txt'
installing library code to build/bdist.linux-x86_64/egg
running install_lib
running build_py
creating build
creating build/lib
creating build/lib/factory
copying factory/mongoengine.py -> build/lib/factory
copying factory/utils.py -> build/lib/factory
copying factory/compat.py -> build/lib/factory
copying factory/fuzzy.py -> build/lib/factory
copying factory/mogo.py -> build/lib/factory
copying factory/containers.py -> build/lib/factory
copying factory/alchemy.py -> build/lib/factory
copying factory/declarations.py -> build/lib/factory
copying factory/django.py -> build/lib/factory
copying factory/__init__.py -> build/lib/factory
copying factory/helpers.py -> build/lib/factory
copying factory/base.py -> build/lib/factory
creating build/bdist.linux-x86_64
creating build/bdist.linux-x86_64/egg
creating build/bdist.linux-x86_64/egg/factory
copying build/lib/factory/mongoengine.py -> build/bdist.linux-x86_64/egg/factory
copying build/lib/factory/utils.py -> build/bdist.linux-x86_64/egg/factory
copying build/lib/factory/compat.py -> build/bdist.linux-x86_64/egg/factory
copying build/lib/factory/fuzzy.py -> build/bdist.linux-x86_64/egg/factory
copying build/lib/factory/mogo.py -> build/bdist.linux-x86_64/egg/factory
copying build/lib/factory/containers.py -> build/bdist.linux-x86_64/egg/factory
copying build/lib/factory/alchemy.py -> build/bdist.linux-x86_64/egg/factory
copying build/lib/factory/declarations.py -> build/bdist.linux-x86_64/egg/factory
copying build/lib/factory/django.py -> build/bdist.linux-x86_64/egg/factory
copying build/lib/factory/__init__.py -> build/bdist.linux-x86_64/egg/factory
copying build/lib/factory/helpers.py -> build/bdist.linux-x86_64/egg/factory
copying build/lib/factory/base.py -> build/bdist.linux-x86_64/egg/factory
byte-compiling build/bdist.linux-x86_64/egg/factory/mongoengine.py to mongoengine.pyc
byte-compiling build/bdist.linux-x86_64/egg/factory/utils.py to utils.pyc
byte-compiling build/bdist.linux-x86_64/egg/factory/compat.py to compat.pyc
byte-compiling build/bdist.linux-x86_64/egg/factory/fuzzy.py to fuzzy.pyc
byte-compiling build/bdist.linux-x86_64/egg/factory/mogo.py to mogo.pyc
byte-compiling build/bdist.linux-x86_64/egg/factory/containers.py to containers.pyc
byte-compiling build/bdist.linux-x86_64/egg/factory/alchemy.py to alchemy.pyc
byte-compiling build/bdist.linux-x86_64/egg/factory/declarations.py to declarations.pyc
byte-compiling build/bdist.linux-x86_64/egg/factory/django.py to django.pyc
byte-compiling build/bdist.linux-x86_64/egg/factory/__init__.py to __init__.pyc
byte-compiling build/bdist.linux-x86_64/egg/factory/helpers.py to helpers.pyc
byte-compiling build/bdist.linux-x86_64/egg/factory/base.py to base.pyc
creating build/bdist.linux-x86_64/egg/EGG-INFO
copying factory_boy.egg-info/PKG-INFO -> build/bdist.linux-x86_64/egg/EGG-INFO
copying factory_boy.egg-info/SOURCES.txt -> build/bdist.linux-x86_64/egg/EGG-INFO
copying factory_boy.egg-info/dependency_links.txt -> build/bdist.linux-x86_64/egg/EGG-INFO
copying factory_boy.egg-info/top_level.txt -> build/bdist.linux-x86_64/egg/EGG-INFO
zip_safe flag not set; analyzing archive contents...
creating dist
creating 'dist/factory_boy-2.5.2-py2.7.egg' and adding 'build/bdist.linux-x86_64/egg' to it
removing 'build/bdist.linux-x86_64/egg' (and everything under it)
Processing factory_boy-2.5.2-py2.7.egg
Copying factory_boy-2.5.2-py2.7.egg to /home/ubuntu/miniconda/envs/_build/lib/python2.7/site-packages
Adding factory-boy 2.5.2 to easy-install.pth file

Installed /home/ubuntu/miniconda/envs/_build/lib/python2.7/site-packages/factory_boy-2.5.2-py2.7.egg
Processing dependencies for factory-boy==2.5.2
Finished processing dependencies for factory-boy==2.5.2

The following NEW packages will be INSTALLED:

    openssl:    1.0.1k-1    
    pip:        6.1.1-py27_0
    python:     2.7.9-3     
    readline:   6.2-2       
    setuptools: 16.0-py27_0 
    sqlite:     3.8.4.1-1   
    system:     5.8-2       
    tk:         8.5.18-0    
    zlib:       1.2.8-0     

Linking packages ...
[                    ]|                                                  |   0%[openssl             ]|                                                  |   0%[readline            ]|#####                                             |  11%[sqlite              ]|###########                                       |  22%[system              ]|################                                  |  33%[tk                  ]|######################                            |  44%[zlib                ]|###########################                       |  55%[python              ]|#################################                 |  66%[setuptools          ]|######################################            |  77%[pip                 ]|############################################      |  88%[      COMPLETE      ]|##################################################| 100%
Removing old work directory
Source cache directory is: /home/ubuntu/miniconda/conda-bld/src_cache
Found source in cache: factory_boy-2.5.2.tar.gz
Extracting download
Package: factory_boy-2.5.2-py27_0
source tree in: /home/ubuntu/miniconda/conda-bld/work/factory_boy-2.5.2
found egg: /home/ubuntu/miniconda/envs/_build/lib/python2.7/site-packages/factory_boy-2.5.2-py2.7.egg
number of files: 2
Fixing permissions
Fixing permissions
BUILD END: factory_boy-2.5.2-py27_0
TEST START: factory_boy-2.5.2-py27_0
Fetching package metadata: ......
Solving package specifications: .===== testing package: factory_boy-2.5.2-py27_0 =====
import: u'factory'
import: u'factory_boy'
Traceback (most recent call last):
  File "/home/ubuntu/miniconda/conda-bld/test-tmp_dir/run_test.py", line 28, in <module>
    import factory_boy
ImportError: No module named factory_boy

The following packages will be downloaded:

    package                    |            build
    ---------------------------|-----------------
    factory_boy-2.5.2          |           py27_0          67 KB

The following NEW packages will be INSTALLED:

    factory_boy: 2.5.2-py27_0
    openssl:     1.0.1k-1    
    pip:         6.1.1-py27_0
    python:      2.7.9-3     
    readline:    6.2-2       
    setuptools:  16.0-py27_0 
    sqlite:      3.8.4.1-1   
    system:      5.8-2       
    tk:          8.5.18-0    
    zlib:        1.2.8-0     

Fetching packages ...
factory_boy-2.   0% |                              | ETA:  --:--:--   0.00  B/sfactory_boy-2.  23% |#######                        | ETA:  0:00:00  47.23 MB/sfactory_boy-2.  47% |##############                 | ETA:  0:00:00  54.35 MB/sfactory_boy-2.  71% |######################         | ETA:  0:00:00  61.14 MB/sfactory_boy-2.  95% |#############################  | ETA:  0:00:00  65.93 MB/sfactory_boy-2. 100% |###############################| ETA:  0:00:00  60.29 MB/sfactory_boy-2. 100% |###############################| Time: 0:00:00  51.04 MB/s
Extracting packages ...
[      COMPLETE      ]|                                                  |   0%[factory_boy         ]|                                                  |   0%[factory_boy         ]|                                                  |   0%[      COMPLETE      ]|##################################################| 100%
Linking packages ...
[      COMPLETE      ]|                                                  |   0%[openssl             ]|                                                  |   0%[openssl             ]|                                                  |   0%[readline            ]|#####                                             |  10%[sqlite              ]|##########                                        |  20%[system              ]|###############                                   |  30%[tk                  ]|####################                              |  40%[zlib                ]|#########################                         |  50%[factory_boy         ]|##############################                    |  60%[python              ]|###################################               |  70%[setuptools          ]|########################################          |  80%[pip                 ]|#############################################     |  90%[      COMPLETE      ]|##################################################| 100%
TESTS FAILED: factory_boy-2.5.2-py27_0
