Removing old build directory
Removing old work directory
BUILD START: joblib-0.8.4-py27_0
Fetching package metadata: ......
Solving package specifications: .+ /home/ubuntu/miniconda/envs/_build/bin/python setup.py install
/home/ubuntu/miniconda/envs/_build/lib/python2.7/distutils/dist.py:267: UserWarning: Unknown distribution option: 'summary'
  warnings.warn(msg)
running install
running build
running build_py
creating build
creating build/lib
creating build/lib/joblib
copying joblib/pool.py -> build/lib/joblib
copying joblib/disk.py -> build/lib/joblib
copying joblib/_multiprocessing_helpers.py -> build/lib/joblib
copying joblib/format_stack.py -> build/lib/joblib
copying joblib/func_inspect.py -> build/lib/joblib
copying joblib/hashing.py -> build/lib/joblib
copying joblib/memory.py -> build/lib/joblib
copying joblib/my_exceptions.py -> build/lib/joblib
copying joblib/testing.py -> build/lib/joblib
copying joblib/parallel.py -> build/lib/joblib
copying joblib/__init__.py -> build/lib/joblib
copying joblib/logger.py -> build/lib/joblib
copying joblib/numpy_pickle.py -> build/lib/joblib
copying joblib/_compat.py -> build/lib/joblib
creating build/lib/joblib/test
copying joblib/test/test_my_exceptions.py -> build/lib/joblib/test
copying joblib/test/test_numpy_pickle.py -> build/lib/joblib/test
copying joblib/test/test_hashing.py -> build/lib/joblib/test
copying joblib/test/test_func_inspect.py -> build/lib/joblib/test
copying joblib/test/test_logger.py -> build/lib/joblib/test
copying joblib/test/test_disk.py -> build/lib/joblib/test
copying joblib/test/test_pool.py -> build/lib/joblib/test
copying joblib/test/test_format_stack.py -> build/lib/joblib/test
copying joblib/test/__init__.py -> build/lib/joblib/test
copying joblib/test/test_memory.py -> build/lib/joblib/test
copying joblib/test/test_parallel.py -> build/lib/joblib/test
copying joblib/test/common.py -> build/lib/joblib/test
running install_lib
creating /home/ubuntu/miniconda/envs/_build/lib/python2.7/site-packages/joblib
copying build/lib/joblib/pool.py -> /home/ubuntu/miniconda/envs/_build/lib/python2.7/site-packages/joblib
copying build/lib/joblib/disk.py -> /home/ubuntu/miniconda/envs/_build/lib/python2.7/site-packages/joblib
copying build/lib/joblib/_multiprocessing_helpers.py -> /home/ubuntu/miniconda/envs/_build/lib/python2.7/site-packages/joblib
copying build/lib/joblib/format_stack.py -> /home/ubuntu/miniconda/envs/_build/lib/python2.7/site-packages/joblib
copying build/lib/joblib/func_inspect.py -> /home/ubuntu/miniconda/envs/_build/lib/python2.7/site-packages/joblib
copying build/lib/joblib/hashing.py -> /home/ubuntu/miniconda/envs/_build/lib/python2.7/site-packages/joblib
copying build/lib/joblib/memory.py -> /home/ubuntu/miniconda/envs/_build/lib/python2.7/site-packages/joblib
copying build/lib/joblib/my_exceptions.py -> /home/ubuntu/miniconda/envs/_build/lib/python2.7/site-packages/joblib
creating /home/ubuntu/miniconda/envs/_build/lib/python2.7/site-packages/joblib/test
copying build/lib/joblib/test/test_my_exceptions.py -> /home/ubuntu/miniconda/envs/_build/lib/python2.7/site-packages/joblib/test
copying build/lib/joblib/test/test_numpy_pickle.py -> /home/ubuntu/miniconda/envs/_build/lib/python2.7/site-packages/joblib/test
copying build/lib/joblib/test/test_hashing.py -> /home/ubuntu/miniconda/envs/_build/lib/python2.7/site-packages/joblib/test
copying build/lib/joblib/test/test_func_inspect.py -> /home/ubuntu/miniconda/envs/_build/lib/python2.7/site-packages/joblib/test
copying build/lib/joblib/test/test_logger.py -> /home/ubuntu/miniconda/envs/_build/lib/python2.7/site-packages/joblib/test
copying build/lib/joblib/test/test_disk.py -> /home/ubuntu/miniconda/envs/_build/lib/python2.7/site-packages/joblib/test
copying build/lib/joblib/test/test_pool.py -> /home/ubuntu/miniconda/envs/_build/lib/python2.7/site-packages/joblib/test
copying build/lib/joblib/test/test_format_stack.py -> /home/ubuntu/miniconda/envs/_build/lib/python2.7/site-packages/joblib/test
copying build/lib/joblib/test/__init__.py -> /home/ubuntu/miniconda/envs/_build/lib/python2.7/site-packages/joblib/test
copying build/lib/joblib/test/test_memory.py -> /home/ubuntu/miniconda/envs/_build/lib/python2.7/site-packages/joblib/test
copying build/lib/joblib/test/test_parallel.py -> /home/ubuntu/miniconda/envs/_build/lib/python2.7/site-packages/joblib/test
copying build/lib/joblib/test/common.py -> /home/ubuntu/miniconda/envs/_build/lib/python2.7/site-packages/joblib/test
copying build/lib/joblib/testing.py -> /home/ubuntu/miniconda/envs/_build/lib/python2.7/site-packages/joblib
copying build/lib/joblib/parallel.py -> /home/ubuntu/miniconda/envs/_build/lib/python2.7/site-packages/joblib
copying build/lib/joblib/__init__.py -> /home/ubuntu/miniconda/envs/_build/lib/python2.7/site-packages/joblib
copying build/lib/joblib/logger.py -> /home/ubuntu/miniconda/envs/_build/lib/python2.7/site-packages/joblib
copying build/lib/joblib/numpy_pickle.py -> /home/ubuntu/miniconda/envs/_build/lib/python2.7/site-packages/joblib
copying build/lib/joblib/_compat.py -> /home/ubuntu/miniconda/envs/_build/lib/python2.7/site-packages/joblib
byte-compiling /home/ubuntu/miniconda/envs/_build/lib/python2.7/site-packages/joblib/pool.py to pool.pyc
byte-compiling /home/ubuntu/miniconda/envs/_build/lib/python2.7/site-packages/joblib/disk.py to disk.pyc
byte-compiling /home/ubuntu/miniconda/envs/_build/lib/python2.7/site-packages/joblib/_multiprocessing_helpers.py to _multiprocessing_helpers.pyc
byte-compiling /home/ubuntu/miniconda/envs/_build/lib/python2.7/site-packages/joblib/format_stack.py to format_stack.pyc
byte-compiling /home/ubuntu/miniconda/envs/_build/lib/python2.7/site-packages/joblib/func_inspect.py to func_inspect.pyc
byte-compiling /home/ubuntu/miniconda/envs/_build/lib/python2.7/site-packages/joblib/hashing.py to hashing.pyc
byte-compiling /home/ubuntu/miniconda/envs/_build/lib/python2.7/site-packages/joblib/memory.py to memory.pyc
byte-compiling /home/ubuntu/miniconda/envs/_build/lib/python2.7/site-packages/joblib/my_exceptions.py to my_exceptions.pyc
byte-compiling /home/ubuntu/miniconda/envs/_build/lib/python2.7/site-packages/joblib/test/test_my_exceptions.py to test_my_exceptions.pyc
byte-compiling /home/ubuntu/miniconda/envs/_build/lib/python2.7/site-packages/joblib/test/test_numpy_pickle.py to test_numpy_pickle.pyc
byte-compiling /home/ubuntu/miniconda/envs/_build/lib/python2.7/site-packages/joblib/test/test_hashing.py to test_hashing.pyc
byte-compiling /home/ubuntu/miniconda/envs/_build/lib/python2.7/site-packages/joblib/test/test_func_inspect.py to test_func_inspect.pyc
byte-compiling /home/ubuntu/miniconda/envs/_build/lib/python2.7/site-packages/joblib/test/test_logger.py to test_logger.pyc
byte-compiling /home/ubuntu/miniconda/envs/_build/lib/python2.7/site-packages/joblib/test/test_disk.py to test_disk.pyc
byte-compiling /home/ubuntu/miniconda/envs/_build/lib/python2.7/site-packages/joblib/test/test_pool.py to test_pool.pyc
byte-compiling /home/ubuntu/miniconda/envs/_build/lib/python2.7/site-packages/joblib/test/test_format_stack.py to test_format_stack.pyc
byte-compiling /home/ubuntu/miniconda/envs/_build/lib/python2.7/site-packages/joblib/test/__init__.py to __init__.pyc
byte-compiling /home/ubuntu/miniconda/envs/_build/lib/python2.7/site-packages/joblib/test/test_memory.py to test_memory.pyc
byte-compiling /home/ubuntu/miniconda/envs/_build/lib/python2.7/site-packages/joblib/test/test_parallel.py to test_parallel.pyc
byte-compiling /home/ubuntu/miniconda/envs/_build/lib/python2.7/site-packages/joblib/test/common.py to common.pyc
byte-compiling /home/ubuntu/miniconda/envs/_build/lib/python2.7/site-packages/joblib/testing.py to testing.pyc
byte-compiling /home/ubuntu/miniconda/envs/_build/lib/python2.7/site-packages/joblib/parallel.py to parallel.pyc
byte-compiling /home/ubuntu/miniconda/envs/_build/lib/python2.7/site-packages/joblib/__init__.py to __init__.pyc
byte-compiling /home/ubuntu/miniconda/envs/_build/lib/python2.7/site-packages/joblib/logger.py to logger.pyc
byte-compiling /home/ubuntu/miniconda/envs/_build/lib/python2.7/site-packages/joblib/numpy_pickle.py to numpy_pickle.pyc
byte-compiling /home/ubuntu/miniconda/envs/_build/lib/python2.7/site-packages/joblib/_compat.py to _compat.pyc
running install_egg_info
Writing /home/ubuntu/miniconda/envs/_build/lib/python2.7/site-packages/joblib-0.8.4-py2.7.egg-info

The following NEW packages will be INSTALLED:

    openssl:    1.0.1k-1    
    pip:        7.0.3-py27_0
    python:     2.7.10-0    
    readline:   6.2-2       
    setuptools: 17.0-py27_0 
    sqlite:     3.8.4.1-1   
    system:     5.8-2       
    tk:         8.5.18-0    
    zlib:       1.2.8-0     

Linking packages ...
[                    ]|                                                  |   0%[openssl             ]|                                                  |   0%[readline            ]|#####                                             |  11%[sqlite              ]|###########                                       |  22%[system              ]|################                                  |  33%[tk                  ]|######################                            |  44%[zlib                ]|###########################                       |  55%[python              ]|#################################                 |  66%[setuptools          ]|######################################            |  77%[pip                 ]|############################################      |  88%[      COMPLETE      ]|##################################################| 100%
Removing old work directory
Source cache directory is: /home/ubuntu/miniconda/conda-bld/src_cache
Found source in cache: joblib-0.8.4.tar.gz
Extracting download
Package: joblib-0.8.4-py27_0
source tree in: /home/ubuntu/miniconda/conda-bld/work/joblib-0.8.4
number of files: 53
Fixing permissions
Fixing permissions
BUILD END: joblib-0.8.4-py27_0
TEST START: joblib-0.8.4-py27_0
Fetching package metadata: ......
Solving package specifications: .===== testing package: joblib-0.8.4-py27_0 =====
import: u'joblib'
import: u'joblib.test'
Traceback (most recent call last):
  File "/home/ubuntu/miniconda/conda-bld/test-tmp_dir/run_test.py", line 28, in <module>
    import joblib.test
  File "/home/ubuntu/miniconda/envs/_test/lib/python2.7/site-packages/joblib/test/__init__.py", line 1, in <module>
    from . import test_memory
  File "/home/ubuntu/miniconda/envs/_test/lib/python2.7/site-packages/joblib/test/test_memory.py", line 19, in <module>
    import nose
ImportError: No module named nose

The following packages will be downloaded:

    package                    |            build
    ---------------------------|-----------------
    joblib-0.8.4               |           py27_0          95 KB

The following NEW packages will be INSTALLED:

    joblib:     0.8.4-py27_0
    openssl:    1.0.1k-1    
    pip:        7.0.3-py27_0
    python:     2.7.10-0    
    readline:   6.2-2       
    setuptools: 17.0-py27_0 
    sqlite:     3.8.4.1-1   
    system:     5.8-2       
    tk:         8.5.18-0    
    zlib:       1.2.8-0     

Fetching packages ...
joblib-0.8.4-p   0% |                              | ETA:  --:--:--   0.00  B/sjoblib-0.8.4-p  16% |#####                          | ETA:  0:00:00  43.22 MB/sjoblib-0.8.4-p  33% |##########                     | ETA:  0:00:00  55.24 MB/sjoblib-0.8.4-p  50% |###############                | ETA:  0:00:00  62.61 MB/sjoblib-0.8.4-p  67% |####################           | ETA:  0:00:00  67.21 MB/sjoblib-0.8.4-p  83% |#########################      | ETA:  0:00:00  70.38 MB/sjoblib-0.8.4-p 100% |###############################| ETA:  0:00:00  72.31 MB/sjoblib-0.8.4-p 100% |###############################| Time: 0:00:00  61.64 MB/s
Extracting packages ...
[      COMPLETE      ]|                                                  |   0%[joblib              ]|                                                  |   0%[joblib              ]|                                                  |   0%[      COMPLETE      ]|##################################################| 100%
Linking packages ...
[      COMPLETE      ]|                                                  |   0%[openssl             ]|                                                  |   0%[openssl             ]|                                                  |   0%[readline            ]|#####                                             |  10%[sqlite              ]|##########                                        |  20%[system              ]|###############                                   |  30%[tk                  ]|####################                              |  40%[zlib                ]|#########################                         |  50%[joblib              ]|##############################                    |  60%[python              ]|###################################               |  70%[setuptools          ]|########################################          |  80%[pip                 ]|#############################################     |  90%[      COMPLETE      ]|##################################################| 100%
TESTS FAILED: joblib-0.8.4-py27_0
