There was an error importing jinja2.
Please run `conda install jinja2` to enable jinja template support
Removing old build directory
Removing old work directory
BUILD START: kombu-3.0.26-py27_0
Fetching package metadata: ......
Solving package specifications: .There was an error importing jinja2.
Please run `conda install jinja2` to enable jinja template support
+ /home/ubuntu/miniconda/envs/_build/bin/python setup.py install
running install
running bdist_egg
running egg_info
writing requirements to kombu.egg-info/requires.txt
writing kombu.egg-info/PKG-INFO
writing top-level names to kombu.egg-info/top_level.txt
writing dependency_links to kombu.egg-info/dependency_links.txt
reading manifest file 'kombu.egg-info/SOURCES.txt'
reading manifest template 'MANIFEST.in'
warning: no files found matching 'README'
writing manifest file 'kombu.egg-info/SOURCES.txt'
installing library code to build/bdist.linux-x86_64/egg
running install_lib
running build_py
creating build
creating build/lib
creating build/lib/kombu
copying kombu/mixins.py -> build/lib/kombu
copying kombu/compat.py -> build/lib/kombu
copying kombu/pidbox.py -> build/lib/kombu
copying kombu/message.py -> build/lib/kombu
copying kombu/abstract.py -> build/lib/kombu
copying kombu/serialization.py -> build/lib/kombu
copying kombu/five.py -> build/lib/kombu
copying kombu/connection.py -> build/lib/kombu
copying kombu/clocks.py -> build/lib/kombu
copying kombu/pools.py -> build/lib/kombu
copying kombu/syn.py -> build/lib/kombu
copying kombu/log.py -> build/lib/kombu
copying kombu/__init__.py -> build/lib/kombu
copying kombu/common.py -> build/lib/kombu
copying kombu/messaging.py -> build/lib/kombu
copying kombu/entity.py -> build/lib/kombu
copying kombu/simple.py -> build/lib/kombu
copying kombu/compression.py -> build/lib/kombu
copying kombu/exceptions.py -> build/lib/kombu
creating build/lib/kombu/utils
copying kombu/utils/limits.py -> build/lib/kombu/utils
copying kombu/utils/compat.py -> build/lib/kombu/utils
copying kombu/utils/encoding.py -> build/lib/kombu/utils
copying kombu/utils/functional.py -> build/lib/kombu/utils
copying kombu/utils/debug.py -> build/lib/kombu/utils
copying kombu/utils/url.py -> build/lib/kombu/utils
copying kombu/utils/text.py -> build/lib/kombu/utils
copying kombu/utils/amq_manager.py -> build/lib/kombu/utils
copying kombu/utils/__init__.py -> build/lib/kombu/utils
copying kombu/utils/eventio.py -> build/lib/kombu/utils
creating build/lib/kombu/transport
copying kombu/transport/pyamqp.py -> build/lib/kombu/transport
copying kombu/transport/mongodb.py -> build/lib/kombu/transport
copying kombu/transport/amqplib.py -> build/lib/kombu/transport
copying kombu/transport/SLMQ.py -> build/lib/kombu/transport
copying kombu/transport/filesystem.py -> build/lib/kombu/transport
copying kombu/transport/zookeeper.py -> build/lib/kombu/transport
copying kombu/transport/memory.py -> build/lib/kombu/transport
copying kombu/transport/librabbitmq.py -> build/lib/kombu/transport
copying kombu/transport/couchdb.py -> build/lib/kombu/transport
copying kombu/transport/qpid.py -> build/lib/kombu/transport
copying kombu/transport/zmq.py -> build/lib/kombu/transport
copying kombu/transport/beanstalk.py -> build/lib/kombu/transport
copying kombu/transport/__init__.py -> build/lib/kombu/transport
copying kombu/transport/pyro.py -> build/lib/kombu/transport
copying kombu/transport/SQS.py -> build/lib/kombu/transport
copying kombu/transport/base.py -> build/lib/kombu/transport
copying kombu/transport/redis.py -> build/lib/kombu/transport
creating build/lib/kombu/transport/sqlalchemy
copying kombu/transport/sqlalchemy/__init__.py -> build/lib/kombu/transport/sqlalchemy
copying kombu/transport/sqlalchemy/models.py -> build/lib/kombu/transport/sqlalchemy
creating build/lib/kombu/transport/django
copying kombu/transport/django/managers.py -> build/lib/kombu/transport/django
copying kombu/transport/django/__init__.py -> build/lib/kombu/transport/django
copying kombu/transport/django/models.py -> build/lib/kombu/transport/django
creating build/lib/kombu/transport/django/management
copying kombu/transport/django/management/__init__.py -> build/lib/kombu/transport/django/management
creating build/lib/kombu/transport/django/management/commands
copying kombu/transport/django/management/commands/clean_kombu_messages.py -> build/lib/kombu/transport/django/management/commands
copying kombu/transport/django/management/commands/__init__.py -> build/lib/kombu/transport/django/management/commands
creating build/lib/kombu/transport/django/migrations
copying kombu/transport/django/migrations/0001_initial.py -> build/lib/kombu/transport/django/migrations
copying kombu/transport/django/migrations/__init__.py -> build/lib/kombu/transport/django/migrations
creating build/lib/kombu/transport/virtual
copying kombu/transport/virtual/scheduling.py -> build/lib/kombu/transport/virtual
copying kombu/transport/virtual/__init__.py -> build/lib/kombu/transport/virtual
copying kombu/transport/virtual/exchange.py -> build/lib/kombu/transport/virtual
creating build/lib/kombu/async
copying kombu/async/debug.py -> build/lib/kombu/async
copying kombu/async/semaphore.py -> build/lib/kombu/async
copying kombu/async/timer.py -> build/lib/kombu/async
copying kombu/async/__init__.py -> build/lib/kombu/async
copying kombu/async/hub.py -> build/lib/kombu/async
creating build/lib/kombu/tests
copying kombu/tests/test_common.py -> build/lib/kombu/tests
copying kombu/tests/test_connection.py -> build/lib/kombu/tests
copying kombu/tests/test_pidbox.py -> build/lib/kombu/tests
copying kombu/tests/test_syn.py -> build/lib/kombu/tests
copying kombu/tests/test_log.py -> build/lib/kombu/tests
copying kombu/tests/test_compression.py -> build/lib/kombu/tests
copying kombu/tests/case.py -> build/lib/kombu/tests
copying kombu/tests/test_simple.py -> build/lib/kombu/tests
copying kombu/tests/test_compat.py -> build/lib/kombu/tests
copying kombu/tests/mocks.py -> build/lib/kombu/tests
copying kombu/tests/test_pools.py -> build/lib/kombu/tests
copying kombu/tests/test_mixins.py -> build/lib/kombu/tests
copying kombu/tests/test_messaging.py -> build/lib/kombu/tests
copying kombu/tests/__init__.py -> build/lib/kombu/tests
copying kombu/tests/test_clocks.py -> build/lib/kombu/tests
copying kombu/tests/test_entities.py -> build/lib/kombu/tests
copying kombu/tests/test_serialization.py -> build/lib/kombu/tests
creating build/lib/kombu/tests/utils
copying kombu/tests/utils/test_encoding.py -> build/lib/kombu/tests/utils
copying kombu/tests/utils/test_functional.py -> build/lib/kombu/tests/utils
copying kombu/tests/utils/test_amq_manager.py -> build/lib/kombu/tests/utils
copying kombu/tests/utils/__init__.py -> build/lib/kombu/tests/utils
copying kombu/tests/utils/test_debug.py -> build/lib/kombu/tests/utils
copying kombu/tests/utils/test_utils.py -> build/lib/kombu/tests/utils
creating build/lib/kombu/tests/transport
copying kombu/tests/transport/test_filesystem.py -> build/lib/kombu/tests/transport
copying kombu/tests/transport/test_amqplib.py -> build/lib/kombu/tests/transport
copying kombu/tests/transport/test_qpid.py -> build/lib/kombu/tests/transport
copying kombu/tests/transport/test_mongodb.py -> build/lib/kombu/tests/transport
copying kombu/tests/transport/test_SQS.py -> build/lib/kombu/tests/transport
copying kombu/tests/transport/test_base.py -> build/lib/kombu/tests/transport
copying kombu/tests/transport/test_librabbitmq.py -> build/lib/kombu/tests/transport
copying kombu/tests/transport/__init__.py -> build/lib/kombu/tests/transport
copying kombu/tests/transport/test_pyamqp.py -> build/lib/kombu/tests/transport
copying kombu/tests/transport/test_transport.py -> build/lib/kombu/tests/transport
copying kombu/tests/transport/test_memory.py -> build/lib/kombu/tests/transport
copying kombu/tests/transport/test_redis.py -> build/lib/kombu/tests/transport
copying kombu/tests/transport/test_sqlalchemy.py -> build/lib/kombu/tests/transport
creating build/lib/kombu/tests/transport/virtual
copying kombu/tests/transport/virtual/test_base.py -> build/lib/kombu/tests/transport/virtual
copying kombu/tests/transport/virtual/test_exchange.py -> build/lib/kombu/tests/transport/virtual
copying kombu/tests/transport/virtual/__init__.py -> build/lib/kombu/tests/transport/virtual
copying kombu/tests/transport/virtual/test_scheduling.py -> build/lib/kombu/tests/transport/virtual
creating build/lib/kombu/tests/async
copying kombu/tests/async/test_semaphore.py -> build/lib/kombu/tests/async
copying kombu/tests/async/test_hub.py -> build/lib/kombu/tests/async
copying kombu/tests/async/__init__.py -> build/lib/kombu/tests/async
creating build/bdist.linux-x86_64
creating build/bdist.linux-x86_64/egg
creating build/bdist.linux-x86_64/egg/kombu
copying build/lib/kombu/mixins.py -> build/bdist.linux-x86_64/egg/kombu
copying build/lib/kombu/compat.py -> build/bdist.linux-x86_64/egg/kombu
copying build/lib/kombu/pidbox.py -> build/bdist.linux-x86_64/egg/kombu
creating build/bdist.linux-x86_64/egg/kombu/utils
copying build/lib/kombu/utils/limits.py -> build/bdist.linux-x86_64/egg/kombu/utils
copying build/lib/kombu/utils/compat.py -> build/bdist.linux-x86_64/egg/kombu/utils
copying build/lib/kombu/utils/encoding.py -> build/bdist.linux-x86_64/egg/kombu/utils
copying build/lib/kombu/utils/functional.py -> build/bdist.linux-x86_64/egg/kombu/utils
copying build/lib/kombu/utils/debug.py -> build/bdist.linux-x86_64/egg/kombu/utils
copying build/lib/kombu/utils/url.py -> build/bdist.linux-x86_64/egg/kombu/utils
copying build/lib/kombu/utils/text.py -> build/bdist.linux-x86_64/egg/kombu/utils
copying build/lib/kombu/utils/amq_manager.py -> build/bdist.linux-x86_64/egg/kombu/utils
copying build/lib/kombu/utils/__init__.py -> build/bdist.linux-x86_64/egg/kombu/utils
copying build/lib/kombu/utils/eventio.py -> build/bdist.linux-x86_64/egg/kombu/utils
creating build/bdist.linux-x86_64/egg/kombu/transport
copying build/lib/kombu/transport/pyamqp.py -> build/bdist.linux-x86_64/egg/kombu/transport
copying build/lib/kombu/transport/mongodb.py -> build/bdist.linux-x86_64/egg/kombu/transport
copying build/lib/kombu/transport/amqplib.py -> build/bdist.linux-x86_64/egg/kombu/transport
copying build/lib/kombu/transport/SLMQ.py -> build/bdist.linux-x86_64/egg/kombu/transport
copying build/lib/kombu/transport/filesystem.py -> build/bdist.linux-x86_64/egg/kombu/transport
copying build/lib/kombu/transport/zookeeper.py -> build/bdist.linux-x86_64/egg/kombu/transport
copying build/lib/kombu/transport/memory.py -> build/bdist.linux-x86_64/egg/kombu/transport
copying build/lib/kombu/transport/librabbitmq.py -> build/bdist.linux-x86_64/egg/kombu/transport
copying build/lib/kombu/transport/couchdb.py -> build/bdist.linux-x86_64/egg/kombu/transport
copying build/lib/kombu/transport/qpid.py -> build/bdist.linux-x86_64/egg/kombu/transport
copying build/lib/kombu/transport/zmq.py -> build/bdist.linux-x86_64/egg/kombu/transport
copying build/lib/kombu/transport/beanstalk.py -> build/bdist.linux-x86_64/egg/kombu/transport
creating build/bdist.linux-x86_64/egg/kombu/transport/sqlalchemy
copying build/lib/kombu/transport/sqlalchemy/__init__.py -> build/bdist.linux-x86_64/egg/kombu/transport/sqlalchemy
copying build/lib/kombu/transport/sqlalchemy/models.py -> build/bdist.linux-x86_64/egg/kombu/transport/sqlalchemy
copying build/lib/kombu/transport/__init__.py -> build/bdist.linux-x86_64/egg/kombu/transport
copying build/lib/kombu/transport/pyro.py -> build/bdist.linux-x86_64/egg/kombu/transport
copying build/lib/kombu/transport/SQS.py -> build/bdist.linux-x86_64/egg/kombu/transport
creating build/bdist.linux-x86_64/egg/kombu/transport/django
creating build/bdist.linux-x86_64/egg/kombu/transport/django/management
copying build/lib/kombu/transport/django/management/__init__.py -> build/bdist.linux-x86_64/egg/kombu/transport/django/management
creating build/bdist.linux-x86_64/egg/kombu/transport/django/management/commands
copying build/lib/kombu/transport/django/management/commands/clean_kombu_messages.py -> build/bdist.linux-x86_64/egg/kombu/transport/django/management/commands
copying build/lib/kombu/transport/django/management/commands/__init__.py -> build/bdist.linux-x86_64/egg/kombu/transport/django/management/commands
copying build/lib/kombu/transport/django/managers.py -> build/bdist.linux-x86_64/egg/kombu/transport/django
copying build/lib/kombu/transport/django/__init__.py -> build/bdist.linux-x86_64/egg/kombu/transport/django
copying build/lib/kombu/transport/django/models.py -> build/bdist.linux-x86_64/egg/kombu/transport/django
creating build/bdist.linux-x86_64/egg/kombu/transport/django/migrations
copying build/lib/kombu/transport/django/migrations/0001_initial.py -> build/bdist.linux-x86_64/egg/kombu/transport/django/migrations
copying build/lib/kombu/transport/django/migrations/__init__.py -> build/bdist.linux-x86_64/egg/kombu/transport/django/migrations
creating build/bdist.linux-x86_64/egg/kombu/transport/virtual
copying build/lib/kombu/transport/virtual/scheduling.py -> build/bdist.linux-x86_64/egg/kombu/transport/virtual
copying build/lib/kombu/transport/virtual/__init__.py -> build/bdist.linux-x86_64/egg/kombu/transport/virtual
copying build/lib/kombu/transport/virtual/exchange.py -> build/bdist.linux-x86_64/egg/kombu/transport/virtual
copying build/lib/kombu/transport/base.py -> build/bdist.linux-x86_64/egg/kombu/transport
copying build/lib/kombu/transport/redis.py -> build/bdist.linux-x86_64/egg/kombu/transport
creating build/bdist.linux-x86_64/egg/kombu/async
copying build/lib/kombu/async/debug.py -> build/bdist.linux-x86_64/egg/kombu/async
copying build/lib/kombu/async/semaphore.py -> build/bdist.linux-x86_64/egg/kombu/async
copying build/lib/kombu/async/timer.py -> build/bdist.linux-x86_64/egg/kombu/async
copying build/lib/kombu/async/__init__.py -> build/bdist.linux-x86_64/egg/kombu/async
copying build/lib/kombu/async/hub.py -> build/bdist.linux-x86_64/egg/kombu/async
copying build/lib/kombu/message.py -> build/bdist.linux-x86_64/egg/kombu
copying build/lib/kombu/abstract.py -> build/bdist.linux-x86_64/egg/kombu
copying build/lib/kombu/serialization.py -> build/bdist.linux-x86_64/egg/kombu
copying build/lib/kombu/five.py -> build/bdist.linux-x86_64/egg/kombu
copying build/lib/kombu/connection.py -> build/bdist.linux-x86_64/egg/kombu
copying build/lib/kombu/clocks.py -> build/bdist.linux-x86_64/egg/kombu
creating build/bdist.linux-x86_64/egg/kombu/tests
copying build/lib/kombu/tests/test_common.py -> build/bdist.linux-x86_64/egg/kombu/tests
copying build/lib/kombu/tests/test_connection.py -> build/bdist.linux-x86_64/egg/kombu/tests
copying build/lib/kombu/tests/test_pidbox.py -> build/bdist.linux-x86_64/egg/kombu/tests
copying build/lib/kombu/tests/test_syn.py -> build/bdist.linux-x86_64/egg/kombu/tests
copying build/lib/kombu/tests/test_log.py -> build/bdist.linux-x86_64/egg/kombu/tests
copying build/lib/kombu/tests/test_compression.py -> build/bdist.linux-x86_64/egg/kombu/tests
copying build/lib/kombu/tests/case.py -> build/bdist.linux-x86_64/egg/kombu/tests
copying build/lib/kombu/tests/test_simple.py -> build/bdist.linux-x86_64/egg/kombu/tests
copying build/lib/kombu/tests/test_compat.py -> build/bdist.linux-x86_64/egg/kombu/tests
creating build/bdist.linux-x86_64/egg/kombu/tests/utils
copying build/lib/kombu/tests/utils/test_encoding.py -> build/bdist.linux-x86_64/egg/kombu/tests/utils
copying build/lib/kombu/tests/utils/test_functional.py -> build/bdist.linux-x86_64/egg/kombu/tests/utils
copying build/lib/kombu/tests/utils/test_amq_manager.py -> build/bdist.linux-x86_64/egg/kombu/tests/utils
copying build/lib/kombu/tests/utils/__init__.py -> build/bdist.linux-x86_64/egg/kombu/tests/utils
copying build/lib/kombu/tests/utils/test_debug.py -> build/bdist.linux-x86_64/egg/kombu/tests/utils
copying build/lib/kombu/tests/utils/test_utils.py -> build/bdist.linux-x86_64/egg/kombu/tests/utils
copying build/lib/kombu/tests/mocks.py -> build/bdist.linux-x86_64/egg/kombu/tests
creating build/bdist.linux-x86_64/egg/kombu/tests/transport
copying build/lib/kombu/tests/transport/test_filesystem.py -> build/bdist.linux-x86_64/egg/kombu/tests/transport
copying build/lib/kombu/tests/transport/test_amqplib.py -> build/bdist.linux-x86_64/egg/kombu/tests/transport
copying build/lib/kombu/tests/transport/test_qpid.py -> build/bdist.linux-x86_64/egg/kombu/tests/transport
copying build/lib/kombu/tests/transport/test_mongodb.py -> build/bdist.linux-x86_64/egg/kombu/tests/transport
copying build/lib/kombu/tests/transport/test_SQS.py -> build/bdist.linux-x86_64/egg/kombu/tests/transport
copying build/lib/kombu/tests/transport/test_base.py -> build/bdist.linux-x86_64/egg/kombu/tests/transport
copying build/lib/kombu/tests/transport/test_librabbitmq.py -> build/bdist.linux-x86_64/egg/kombu/tests/transport
copying build/lib/kombu/tests/transport/__init__.py -> build/bdist.linux-x86_64/egg/kombu/tests/transport
copying build/lib/kombu/tests/transport/test_pyamqp.py -> build/bdist.linux-x86_64/egg/kombu/tests/transport
copying build/lib/kombu/tests/transport/test_transport.py -> build/bdist.linux-x86_64/egg/kombu/tests/transport
copying build/lib/kombu/tests/transport/test_memory.py -> build/bdist.linux-x86_64/egg/kombu/tests/transport
copying build/lib/kombu/tests/transport/test_redis.py -> build/bdist.linux-x86_64/egg/kombu/tests/transport
creating build/bdist.linux-x86_64/egg/kombu/tests/transport/virtual
copying build/lib/kombu/tests/transport/virtual/test_base.py -> build/bdist.linux-x86_64/egg/kombu/tests/transport/virtual
copying build/lib/kombu/tests/transport/virtual/test_exchange.py -> build/bdist.linux-x86_64/egg/kombu/tests/transport/virtual
copying build/lib/kombu/tests/transport/virtual/__init__.py -> build/bdist.linux-x86_64/egg/kombu/tests/transport/virtual
copying build/lib/kombu/tests/transport/virtual/test_scheduling.py -> build/bdist.linux-x86_64/egg/kombu/tests/transport/virtual
copying build/lib/kombu/tests/transport/test_sqlalchemy.py -> build/bdist.linux-x86_64/egg/kombu/tests/transport
copying build/lib/kombu/tests/test_pools.py -> build/bdist.linux-x86_64/egg/kombu/tests
creating build/bdist.linux-x86_64/egg/kombu/tests/async
copying build/lib/kombu/tests/async/test_semaphore.py -> build/bdist.linux-x86_64/egg/kombu/tests/async
copying build/lib/kombu/tests/async/test_hub.py -> build/bdist.linux-x86_64/egg/kombu/tests/async
copying build/lib/kombu/tests/async/__init__.py -> build/bdist.linux-x86_64/egg/kombu/tests/async
copying build/lib/kombu/tests/test_mixins.py -> build/bdist.linux-x86_64/egg/kombu/tests
copying build/lib/kombu/tests/test_messaging.py -> build/bdist.linux-x86_64/egg/kombu/tests
copying build/lib/kombu/tests/__init__.py -> build/bdist.linux-x86_64/egg/kombu/tests
copying build/lib/kombu/tests/test_clocks.py -> build/bdist.linux-x86_64/egg/kombu/tests
copying build/lib/kombu/tests/test_entities.py -> build/bdist.linux-x86_64/egg/kombu/tests
copying build/lib/kombu/tests/test_serialization.py -> build/bdist.linux-x86_64/egg/kombu/tests
copying build/lib/kombu/pools.py -> build/bdist.linux-x86_64/egg/kombu
copying build/lib/kombu/syn.py -> build/bdist.linux-x86_64/egg/kombu
copying build/lib/kombu/log.py -> build/bdist.linux-x86_64/egg/kombu
copying build/lib/kombu/__init__.py -> build/bdist.linux-x86_64/egg/kombu
copying build/lib/kombu/common.py -> build/bdist.linux-x86_64/egg/kombu
copying build/lib/kombu/messaging.py -> build/bdist.linux-x86_64/egg/kombu
copying build/lib/kombu/entity.py -> build/bdist.linux-x86_64/egg/kombu
copying build/lib/kombu/simple.py -> build/bdist.linux-x86_64/egg/kombu
copying build/lib/kombu/compression.py -> build/bdist.linux-x86_64/egg/kombu
copying build/lib/kombu/exceptions.py -> build/bdist.linux-x86_64/egg/kombu
byte-compiling build/bdist.linux-x86_64/egg/kombu/mixins.py to mixins.pyc
byte-compiling build/bdist.linux-x86_64/egg/kombu/compat.py to compat.pyc
byte-compiling build/bdist.linux-x86_64/egg/kombu/pidbox.py to pidbox.pyc
byte-compiling build/bdist.linux-x86_64/egg/kombu/utils/limits.py to limits.pyc
byte-compiling build/bdist.linux-x86_64/egg/kombu/utils/compat.py to compat.pyc
byte-compiling build/bdist.linux-x86_64/egg/kombu/utils/encoding.py to encoding.pyc
byte-compiling build/bdist.linux-x86_64/egg/kombu/utils/functional.py to functional.pyc
byte-compiling build/bdist.linux-x86_64/egg/kombu/utils/debug.py to debug.pyc
byte-compiling build/bdist.linux-x86_64/egg/kombu/utils/url.py to url.pyc
byte-compiling build/bdist.linux-x86_64/egg/kombu/utils/text.py to text.pyc
byte-compiling build/bdist.linux-x86_64/egg/kombu/utils/amq_manager.py to amq_manager.pyc
byte-compiling build/bdist.linux-x86_64/egg/kombu/utils/__init__.py to __init__.pyc
byte-compiling build/bdist.linux-x86_64/egg/kombu/utils/eventio.py to eventio.pyc
byte-compiling build/bdist.linux-x86_64/egg/kombu/transport/pyamqp.py to pyamqp.pyc
byte-compiling build/bdist.linux-x86_64/egg/kombu/transport/mongodb.py to mongodb.pyc
byte-compiling build/bdist.linux-x86_64/egg/kombu/transport/amqplib.py to amqplib.pyc
byte-compiling build/bdist.linux-x86_64/egg/kombu/transport/SLMQ.py to SLMQ.pyc
byte-compiling build/bdist.linux-x86_64/egg/kombu/transport/filesystem.py to filesystem.pyc
byte-compiling build/bdist.linux-x86_64/egg/kombu/transport/zookeeper.py to zookeeper.pyc
byte-compiling build/bdist.linux-x86_64/egg/kombu/transport/memory.py to memory.pyc
byte-compiling build/bdist.linux-x86_64/egg/kombu/transport/librabbitmq.py to librabbitmq.pyc
byte-compiling build/bdist.linux-x86_64/egg/kombu/transport/couchdb.py to couchdb.pyc
byte-compiling build/bdist.linux-x86_64/egg/kombu/transport/qpid.py to qpid.pyc
byte-compiling build/bdist.linux-x86_64/egg/kombu/transport/zmq.py to zmq.pyc
byte-compiling build/bdist.linux-x86_64/egg/kombu/transport/beanstalk.py to beanstalk.pyc
byte-compiling build/bdist.linux-x86_64/egg/kombu/transport/sqlalchemy/__init__.py to __init__.pyc
byte-compiling build/bdist.linux-x86_64/egg/kombu/transport/sqlalchemy/models.py to models.pyc
byte-compiling build/bdist.linux-x86_64/egg/kombu/transport/__init__.py to __init__.pyc
byte-compiling build/bdist.linux-x86_64/egg/kombu/transport/pyro.py to pyro.pyc
byte-compiling build/bdist.linux-x86_64/egg/kombu/transport/SQS.py to SQS.pyc
byte-compiling build/bdist.linux-x86_64/egg/kombu/transport/django/management/__init__.py to __init__.pyc
byte-compiling build/bdist.linux-x86_64/egg/kombu/transport/django/management/commands/clean_kombu_messages.py to clean_kombu_messages.pyc
byte-compiling build/bdist.linux-x86_64/egg/kombu/transport/django/management/commands/__init__.py to __init__.pyc
byte-compiling build/bdist.linux-x86_64/egg/kombu/transport/django/managers.py to managers.pyc
byte-compiling build/bdist.linux-x86_64/egg/kombu/transport/django/__init__.py to __init__.pyc
byte-compiling build/bdist.linux-x86_64/egg/kombu/transport/django/models.py to models.pyc
byte-compiling build/bdist.linux-x86_64/egg/kombu/transport/django/migrations/0001_initial.py to 0001_initial.pyc
byte-compiling build/bdist.linux-x86_64/egg/kombu/transport/django/migrations/__init__.py to __init__.pyc
byte-compiling build/bdist.linux-x86_64/egg/kombu/transport/virtual/scheduling.py to scheduling.pyc
byte-compiling build/bdist.linux-x86_64/egg/kombu/transport/virtual/__init__.py to __init__.pyc
byte-compiling build/bdist.linux-x86_64/egg/kombu/transport/virtual/exchange.py to exchange.pyc
byte-compiling build/bdist.linux-x86_64/egg/kombu/transport/base.py to base.pyc
byte-compiling build/bdist.linux-x86_64/egg/kombu/transport/redis.py to redis.pyc
byte-compiling build/bdist.linux-x86_64/egg/kombu/async/debug.py to debug.pyc
byte-compiling build/bdist.linux-x86_64/egg/kombu/async/semaphore.py to semaphore.pyc
byte-compiling build/bdist.linux-x86_64/egg/kombu/async/timer.py to timer.pyc
byte-compiling build/bdist.linux-x86_64/egg/kombu/async/__init__.py to __init__.pyc
byte-compiling build/bdist.linux-x86_64/egg/kombu/async/hub.py to hub.pyc
byte-compiling build/bdist.linux-x86_64/egg/kombu/message.py to message.pyc
byte-compiling build/bdist.linux-x86_64/egg/kombu/abstract.py to abstract.pyc
byte-compiling build/bdist.linux-x86_64/egg/kombu/serialization.py to serialization.pyc
byte-compiling build/bdist.linux-x86_64/egg/kombu/five.py to five.pyc
byte-compiling build/bdist.linux-x86_64/egg/kombu/connection.py to connection.pyc
byte-compiling build/bdist.linux-x86_64/egg/kombu/clocks.py to clocks.pyc
byte-compiling build/bdist.linux-x86_64/egg/kombu/tests/test_common.py to test_common.pyc
byte-compiling build/bdist.linux-x86_64/egg/kombu/tests/test_connection.py to test_connection.pyc
byte-compiling build/bdist.linux-x86_64/egg/kombu/tests/test_pidbox.py to test_pidbox.pyc
byte-compiling build/bdist.linux-x86_64/egg/kombu/tests/test_syn.py to test_syn.pyc
byte-compiling build/bdist.linux-x86_64/egg/kombu/tests/test_log.py to test_log.pyc
byte-compiling build/bdist.linux-x86_64/egg/kombu/tests/test_compression.py to test_compression.pyc
byte-compiling build/bdist.linux-x86_64/egg/kombu/tests/case.py to case.pyc
byte-compiling build/bdist.linux-x86_64/egg/kombu/tests/test_simple.py to test_simple.pyc
byte-compiling build/bdist.linux-x86_64/egg/kombu/tests/test_compat.py to test_compat.pyc
byte-compiling build/bdist.linux-x86_64/egg/kombu/tests/utils/test_encoding.py to test_encoding.pyc
byte-compiling build/bdist.linux-x86_64/egg/kombu/tests/utils/test_functional.py to test_functional.pyc
byte-compiling build/bdist.linux-x86_64/egg/kombu/tests/utils/test_amq_manager.py to test_amq_manager.pyc
byte-compiling build/bdist.linux-x86_64/egg/kombu/tests/utils/__init__.py to __init__.pyc
byte-compiling build/bdist.linux-x86_64/egg/kombu/tests/utils/test_debug.py to test_debug.pyc
byte-compiling build/bdist.linux-x86_64/egg/kombu/tests/utils/test_utils.py to test_utils.pyc
byte-compiling build/bdist.linux-x86_64/egg/kombu/tests/mocks.py to mocks.pyc
byte-compiling build/bdist.linux-x86_64/egg/kombu/tests/transport/test_filesystem.py to test_filesystem.pyc
byte-compiling build/bdist.linux-x86_64/egg/kombu/tests/transport/test_amqplib.py to test_amqplib.pyc
byte-compiling build/bdist.linux-x86_64/egg/kombu/tests/transport/test_qpid.py to test_qpid.pyc
byte-compiling build/bdist.linux-x86_64/egg/kombu/tests/transport/test_mongodb.py to test_mongodb.pyc
byte-compiling build/bdist.linux-x86_64/egg/kombu/tests/transport/test_SQS.py to test_SQS.pyc
byte-compiling build/bdist.linux-x86_64/egg/kombu/tests/transport/test_base.py to test_base.pyc
byte-compiling build/bdist.linux-x86_64/egg/kombu/tests/transport/test_librabbitmq.py to test_librabbitmq.pyc
byte-compiling build/bdist.linux-x86_64/egg/kombu/tests/transport/__init__.py to __init__.pyc
byte-compiling build/bdist.linux-x86_64/egg/kombu/tests/transport/test_pyamqp.py to test_pyamqp.pyc
byte-compiling build/bdist.linux-x86_64/egg/kombu/tests/transport/test_transport.py to test_transport.pyc
byte-compiling build/bdist.linux-x86_64/egg/kombu/tests/transport/test_memory.py to test_memory.pyc
byte-compiling build/bdist.linux-x86_64/egg/kombu/tests/transport/test_redis.py to test_redis.pyc
byte-compiling build/bdist.linux-x86_64/egg/kombu/tests/transport/virtual/test_base.py to test_base.pyc
byte-compiling build/bdist.linux-x86_64/egg/kombu/tests/transport/virtual/test_exchange.py to test_exchange.pyc
byte-compiling build/bdist.linux-x86_64/egg/kombu/tests/transport/virtual/__init__.py to __init__.pyc
byte-compiling build/bdist.linux-x86_64/egg/kombu/tests/transport/virtual/test_scheduling.py to test_scheduling.pyc
byte-compiling build/bdist.linux-x86_64/egg/kombu/tests/transport/test_sqlalchemy.py to test_sqlalchemy.pyc
byte-compiling build/bdist.linux-x86_64/egg/kombu/tests/test_pools.py to test_pools.pyc
byte-compiling build/bdist.linux-x86_64/egg/kombu/tests/async/test_semaphore.py to test_semaphore.pyc
byte-compiling build/bdist.linux-x86_64/egg/kombu/tests/async/test_hub.py to test_hub.pyc
byte-compiling build/bdist.linux-x86_64/egg/kombu/tests/async/__init__.py to __init__.pyc
byte-compiling build/bdist.linux-x86_64/egg/kombu/tests/test_mixins.py to test_mixins.pyc
byte-compiling build/bdist.linux-x86_64/egg/kombu/tests/test_messaging.py to test_messaging.pyc
byte-compiling build/bdist.linux-x86_64/egg/kombu/tests/__init__.py to __init__.pyc
byte-compiling build/bdist.linux-x86_64/egg/kombu/tests/test_clocks.py to test_clocks.pyc
byte-compiling build/bdist.linux-x86_64/egg/kombu/tests/test_entities.py to test_entities.pyc
byte-compiling build/bdist.linux-x86_64/egg/kombu/tests/test_serialization.py to test_serialization.pyc
byte-compiling build/bdist.linux-x86_64/egg/kombu/pools.py to pools.pyc
byte-compiling build/bdist.linux-x86_64/egg/kombu/syn.py to syn.pyc
byte-compiling build/bdist.linux-x86_64/egg/kombu/log.py to log.pyc
byte-compiling build/bdist.linux-x86_64/egg/kombu/__init__.py to __init__.pyc
byte-compiling build/bdist.linux-x86_64/egg/kombu/common.py to common.pyc
byte-compiling build/bdist.linux-x86_64/egg/kombu/messaging.py to messaging.pyc
byte-compiling build/bdist.linux-x86_64/egg/kombu/entity.py to entity.pyc
byte-compiling build/bdist.linux-x86_64/egg/kombu/simple.py to simple.pyc
byte-compiling build/bdist.linux-x86_64/egg/kombu/compression.py to compression.pyc
byte-compiling build/bdist.linux-x86_64/egg/kombu/exceptions.py to exceptions.pyc
creating build/bdist.linux-x86_64/egg/EGG-INFO
copying kombu.egg-info/PKG-INFO -> build/bdist.linux-x86_64/egg/EGG-INFO
copying kombu.egg-info/SOURCES.txt -> build/bdist.linux-x86_64/egg/EGG-INFO
copying kombu.egg-info/dependency_links.txt -> build/bdist.linux-x86_64/egg/EGG-INFO
copying kombu.egg-info/not-zip-safe -> build/bdist.linux-x86_64/egg/EGG-INFO
copying kombu.egg-info/requires.txt -> build/bdist.linux-x86_64/egg/EGG-INFO
copying kombu.egg-info/top_level.txt -> build/bdist.linux-x86_64/egg/EGG-INFO
creating dist
creating 'dist/kombu-3.0.26-py2.7.egg' and adding 'build/bdist.linux-x86_64/egg' to it
removing 'build/bdist.linux-x86_64/egg' (and everything under it)
Processing kombu-3.0.26-py2.7.egg
creating /home/ubuntu/miniconda/envs/_build/lib/python2.7/site-packages/kombu-3.0.26-py2.7.egg
Extracting kombu-3.0.26-py2.7.egg to /home/ubuntu/miniconda/envs/_build/lib/python2.7/site-packages
Adding kombu 3.0.26 to easy-install.pth file

Installed /home/ubuntu/miniconda/envs/_build/lib/python2.7/site-packages/kombu-3.0.26-py2.7.egg
Processing dependencies for kombu==3.0.26
Searching for amqp==1.4.6
Best match: amqp 1.4.6
Adding amqp 1.4.6 to easy-install.pth file

Using /home/ubuntu/miniconda/envs/_build/lib/python2.7/site-packages
Searching for anyjson==0.3.3
Best match: anyjson 0.3.3
Adding anyjson 0.3.3 to easy-install.pth file

Using /home/ubuntu/miniconda/envs/_build/lib/python2.7/site-packages
Finished processing dependencies for kombu==3.0.26

The following NEW packages will be INSTALLED:

    amqp:       1.4.6-py27_0
    anyjson:    0.3.3-py27_0
    openssl:    1.0.1k-1    
    pip:        6.1.1-py27_0
    python:     2.7.9-3     
    readline:   6.2-2       
    setuptools: 16.0-py27_0 
    sqlite:     3.8.4.1-1   
    system:     5.8-2       
    tk:         8.5.18-0    
    zlib:       1.2.8-0     

Linking packages ...
[                    ]|                                                  |   0%[openssl             ]|                                                  |   0%[readline            ]|####                                              |   9%[sqlite              ]|#########                                         |  18%[system              ]|#############                                     |  27%[tk                  ]|##################                                |  36%[zlib                ]|######################                            |  45%[amqp                ]|###########################                       |  54%[anyjson             ]|###############################                   |  63%[python              ]|####################################              |  72%[setuptools          ]|########################################          |  81%[pip                 ]|#############################################     |  90%[      COMPLETE      ]|##################################################| 100%
Removing old work directory
Source cache directory is: /home/ubuntu/miniconda/conda-bld/src_cache
Found source in cache: kombu-3.0.26.tar.gz
Extracting download
Package: kombu-3.0.26-py27_0
source tree in: /home/ubuntu/miniconda/conda-bld/work/kombu-3.0.26
found egg dir: /home/ubuntu/miniconda/envs/_build/lib/python2.7/site-packages/kombu-3.0.26-py2.7.egg
number of files: 215
Fixing permissions
Fixing permissions
BUILD END: kombu-3.0.26-py27_0
TEST START: kombu-3.0.26-py27_0
Fetching package metadata: ......
Solving package specifications: .
The following packages will be downloaded:

    package                    |            build
    ---------------------------|-----------------
    kombu-3.0.26               |           py27_0         342 KB

The following NEW packages will be INSTALLED:

    amqp:       1.4.6-py27_0 
    anyjson:    0.3.3-py27_0 
    kombu:      3.0.26-py27_0
    openssl:    1.0.1k-1     
    pip:        6.1.1-py27_0 
    python:     2.7.9-3      
    readline:   6.2-2        
    setuptools: 16.0-py27_0  
    sqlite:     3.8.4.1-1    
    system:     5.8-2        
    tk:         8.5.18-0     
    zlib:       1.2.8-0      

Fetching packages ...
kombu-3.0.26-p   0% |                              | ETA:  --:--:--   0.00  B/skombu-3.0.26-p   4% |#                              | ETA:  0:00:00  41.80 MB/skombu-3.0.26-p   9% |##                             | ETA:  0:00:00  54.07 MB/skombu-3.0.26-p  14% |####                           | ETA:  0:00:00  61.36 MB/skombu-3.0.26-p  18% |#####                          | ETA:  0:00:00  66.27 MB/skombu-3.0.26-p  23% |#######                        | ETA:  0:00:00  69.78 MB/skombu-3.0.26-p  28% |########                       | ETA:  0:00:00  10.35 MB/skombu-3.0.26-p  32% |##########                     | ETA:  0:00:00  11.84 MB/skombu-3.0.26-p  37% |###########                    | ETA:  0:00:00  13.28 MB/skombu-3.0.26-p  42% |#############                  | ETA:  0:00:00  14.67 MB/skombu-3.0.26-p  46% |##############                 | ETA:  0:00:00  16.01 MB/skombu-3.0.26-p  51% |###############                | ETA:  0:00:00  17.30 MB/skombu-3.0.26-p  56% |#################              | ETA:  0:00:00  18.55 MB/skombu-3.0.26-p  60% |##################             | ETA:  0:00:00  19.77 MB/skombu-3.0.26-p  65% |####################           | ETA:  0:00:00  20.94 MB/skombu-3.0.26-p  70% |#####################          | ETA:  0:00:00  22.07 MB/skombu-3.0.26-p  74% |#######################        | ETA:  0:00:00  23.17 MB/skombu-3.0.26-p  79% |########################       | ETA:  0:00:00  24.24 MB/skombu-3.0.26-p  84% |##########################     | ETA:  0:00:00  25.27 MB/skombu-3.0.26-p  88% |###########################    | ETA:  0:00:00  26.06 MB/skombu-3.0.26-p  93% |#############################  | ETA:  0:00:00  27.01 MB/skombu-3.0.26-p  98% |############################## | ETA:  0:00:00  27.95 MB/skombu-3.0.26-p 100% |###############################| ETA:  0:00:00  28.02 MB/skombu-3.0.26-p 100% |###############################| Time: 0:00:00  27.52 MB/s
Extracting packages ...
[      COMPLETE      ]|                                                  |   0%[kombu               ]|                                                  |   0%[kombu               ]|                                                  |   0%[      COMPLETE      ]|##################################################| 100%
Linking packages ...
[      COMPLETE      ]|                                                  |   0%[openssl             ]|                                                  |   0%[openssl             ]|                                                  |   0%[readline            ]|####                                              |   8%[sqlite              ]|########                                          |  16%[system              ]|############                                      |  25%[tk                  ]|################                                  |  33%[zlib                ]|####################                              |  41%[amqp                ]|#########################                         |  50%[anyjson             ]|#############################                     |  58%[kombu               ]|#################################                 |  66%[python              ]|#####################################             |  75%[setuptools          ]|#########################################         |  83%[pip                 ]|#############################################     |  91%[      COMPLETE      ]|#########################===== testing package: kombu-3.0.26-py27_0 =====
import: u'kombu'
import: u'kombu.async'
import: u'kombu.tests'
import: u'kombu.tests.async'
import: u'kombu.tests.transport'
import: u'kombu.tests.transport.virtual'
import: u'kombu.tests.utils'
import: u'kombu.transport'
import: u'kombu.transport.django'
Traceback (most recent call last):
  File "/home/ubuntu/miniconda/conda-bld/test-tmp_dir/run_test.py", line 49, in <module>
    import kombu.transport.django
  File "/home/ubuntu/miniconda/envs/_test/lib/python2.7/site-packages/kombu/transport/django/__init__.py", line 6, in <module>
    from django.conf import settings
ImportError: No module named django.conf
#########################| 100%
TESTS FAILED: kombu-3.0.26-py27_0
