Removing old build directory
Removing old work directory
BUILD START: logilab-astng-0.24.3-py27_0
Fetching package metadata: ......
Solving package specifications: .+ /home/ubuntu/miniconda/envs/_build/bin/python setup.py install
running install
running build
running build_py
creating build
creating build/lib
creating build/lib/logilab
creating build/lib/logilab/astng
copying ./protocols.py -> build/lib/logilab/astng
copying ./mixins.py -> build/lib/logilab/astng
copying ./inference.py -> build/lib/logilab/astng
copying ./utils.py -> build/lib/logilab/astng
copying ./rebuilder.py -> build/lib/logilab/astng
copying ./nodes.py -> build/lib/logilab/astng
copying ./bases.py -> build/lib/logilab/astng
copying ./raw_building.py -> build/lib/logilab/astng
copying ./scoped_nodes.py -> build/lib/logilab/astng
copying ./as_string.py -> build/lib/logilab/astng
copying ./inspector.py -> build/lib/logilab/astng
copying ./node_classes.py -> build/lib/logilab/astng
copying ./builder.py -> build/lib/logilab/astng
copying ./__init__.py -> build/lib/logilab/astng
copying ./manager.py -> build/lib/logilab/astng
copying ./__pkginfo__.py -> build/lib/logilab/astng
copying ./exceptions.py -> build/lib/logilab/astng
package init file './test/__init__.py' not found (or not a regular file)
creating build/lib/logilab/astng/test
copying ./test/unittest_utils.py -> build/lib/logilab/astng/test
copying ./test/unittest_python3.py -> build/lib/logilab/astng/test
copying ./test/unittest_builder.py -> build/lib/logilab/astng/test
copying ./test/unittest_inference.py -> build/lib/logilab/astng/test
copying ./test/unittest_regrtest.py -> build/lib/logilab/astng/test
copying ./test/unittest_manager.py -> build/lib/logilab/astng/test
copying ./test/unittest_nodes.py -> build/lib/logilab/astng/test
copying ./test/unittest_inspector.py -> build/lib/logilab/astng/test
copying ./test/unittest_lookup.py -> build/lib/logilab/astng/test
copying ./test/unittest_scoped_nodes.py -> build/lib/logilab/astng/test
creating build/lib/logilab/astng/test/data2
copying ./test/data2/suppliermodule_test.py -> build/lib/logilab/astng/test/data2
copying ./test/data2/clientmodule_test.py -> build/lib/logilab/astng/test/data2
copying ./test/data2/__init__.py -> build/lib/logilab/astng/test/data2
creating build/lib/logilab/astng/test/data
copying ./test/data/module.py -> build/lib/logilab/astng/test/data
copying ./test/data/email.py -> build/lib/logilab/astng/test/data
copying ./test/data/absimport.py -> build/lib/logilab/astng/test/data
copying ./test/data/module2.py -> build/lib/logilab/astng/test/data
copying ./test/data/format.py -> build/lib/logilab/astng/test/data
copying ./test/data/all.py -> build/lib/logilab/astng/test/data
copying ./test/data/nonregr.py -> build/lib/logilab/astng/test/data
copying ./test/data/__init__.py -> build/lib/logilab/astng/test/data
copying ./test/data/noendingnewline.py -> build/lib/logilab/astng/test/data
copying ./test/data/notall.py -> build/lib/logilab/astng/test/data
creating build/lib/logilab/astng/test/data/SSL1
copying ./test/data/SSL1/Connection1.py -> build/lib/logilab/astng/test/data/SSL1
copying ./test/data/SSL1/__init__.py -> build/lib/logilab/astng/test/data/SSL1
creating build/lib/logilab/astng/test/data/appl
copying ./test/data/appl/myConnection.py -> build/lib/logilab/astng/test/data/appl
copying ./test/data/appl/__init__.py -> build/lib/logilab/astng/test/data/appl
package init file './test/__init__.py' not found (or not a regular file)
running install_lib
creating /home/ubuntu/miniconda/envs/_build/lib/python2.7/site-packages/logilab
creating /home/ubuntu/miniconda/envs/_build/lib/python2.7/site-packages/logilab/astng
copying build/lib/logilab/astng/protocols.py -> /home/ubuntu/miniconda/envs/_build/lib/python2.7/site-packages/logilab/astng
copying build/lib/logilab/astng/mixins.py -> /home/ubuntu/miniconda/envs/_build/lib/python2.7/site-packages/logilab/astng
copying build/lib/logilab/astng/inference.py -> /home/ubuntu/miniconda/envs/_build/lib/python2.7/site-packages/logilab/astng
copying build/lib/logilab/astng/utils.py -> /home/ubuntu/miniconda/envs/_build/lib/python2.7/site-packages/logilab/astng
copying build/lib/logilab/astng/rebuilder.py -> /home/ubuntu/miniconda/envs/_build/lib/python2.7/site-packages/logilab/astng
copying build/lib/logilab/astng/nodes.py -> /home/ubuntu/miniconda/envs/_build/lib/python2.7/site-packages/logilab/astng
copying build/lib/logilab/astng/bases.py -> /home/ubuntu/miniconda/envs/_build/lib/python2.7/site-packages/logilab/astng
copying build/lib/logilab/astng/raw_building.py -> /home/ubuntu/miniconda/envs/_build/lib/python2.7/site-packages/logilab/astng
copying build/lib/logilab/astng/scoped_nodes.py -> /home/ubuntu/miniconda/envs/_build/lib/python2.7/site-packages/logilab/astng
copying build/lib/logilab/astng/as_string.py -> /home/ubuntu/miniconda/envs/_build/lib/python2.7/site-packages/logilab/astng
copying build/lib/logilab/astng/inspector.py -> /home/ubuntu/miniconda/envs/_build/lib/python2.7/site-packages/logilab/astng
copying build/lib/logilab/astng/node_classes.py -> /home/ubuntu/miniconda/envs/_build/lib/python2.7/site-packages/logilab/astng
copying build/lib/logilab/astng/builder.py -> /home/ubuntu/miniconda/envs/_build/lib/python2.7/site-packages/logilab/astng
creating /home/ubuntu/miniconda/envs/_build/lib/python2.7/site-packages/logilab/astng/brain
copying build/lib/logilab/astng/brain/py2stdlib.py -> /home/ubuntu/miniconda/envs/_build/lib/python2.7/site-packages/logilab/astng/brain
copying build/lib/logilab/astng/brain/py2mechanize.py -> /home/ubuntu/miniconda/envs/_build/lib/python2.7/site-packages/logilab/astng/brain
copying build/lib/logilab/astng/brain/py2qt4.py -> /home/ubuntu/miniconda/envs/_build/lib/python2.7/site-packages/logilab/astng/brain
creating /home/ubuntu/miniconda/envs/_build/lib/python2.7/site-packages/logilab/astng/test
copying build/lib/logilab/astng/test/unittest_utils.py -> /home/ubuntu/miniconda/envs/_build/lib/python2.7/site-packages/logilab/astng/test
copying build/lib/logilab/astng/test/unittest_python3.py -> /home/ubuntu/miniconda/envs/_build/lib/python2.7/site-packages/logilab/astng/test
copying build/lib/logilab/astng/test/unittest_builder.py -> /home/ubuntu/miniconda/envs/_build/lib/python2.7/site-packages/logilab/astng/test
copying build/lib/logilab/astng/test/unittest_inference.py -> /home/ubuntu/miniconda/envs/_build/lib/python2.7/site-packages/logilab/astng/test
copying build/lib/logilab/astng/test/unittest_regrtest.py -> /home/ubuntu/miniconda/envs/_build/lib/python2.7/site-packages/logilab/astng/test
copying build/lib/logilab/astng/test/unittest_manager.py -> /home/ubuntu/miniconda/envs/_build/lib/python2.7/site-packages/logilab/astng/test
copying build/lib/logilab/astng/test/unittest_nodes.py -> /home/ubuntu/miniconda/envs/_build/lib/python2.7/site-packages/logilab/astng/test
copying build/lib/logilab/astng/test/unittest_inspector.py -> /home/ubuntu/miniconda/envs/_build/lib/python2.7/site-packages/logilab/astng/test
copying build/lib/logilab/astng/test/unittest_lookup.py -> /home/ubuntu/miniconda/envs/_build/lib/python2.7/site-packages/logilab/astng/test
copying build/lib/logilab/astng/test/unittest_scoped_nodes.py -> /home/ubuntu/miniconda/envs/_build/lib/python2.7/site-packages/logilab/astng/test
creating /home/ubuntu/miniconda/envs/_build/lib/python2.7/site-packages/logilab/astng/test/data2
copying build/lib/logilab/astng/test/data2/suppliermodule_test.py -> /home/ubuntu/miniconda/envs/_build/lib/python2.7/site-packages/logilab/astng/test/data2
copying build/lib/logilab/astng/test/data2/clientmodule_test.py -> /home/ubuntu/miniconda/envs/_build/lib/python2.7/site-packages/logilab/astng/test/data2
copying build/lib/logilab/astng/test/data2/__init__.py -> /home/ubuntu/miniconda/envs/_build/lib/python2.7/site-packages/logilab/astng/test/data2
creating /home/ubuntu/miniconda/envs/_build/lib/python2.7/site-packages/logilab/astng/test/data
copying build/lib/logilab/astng/test/data/module.py -> /home/ubuntu/miniconda/envs/_build/lib/python2.7/site-packages/logilab/astng/test/data
copying build/lib/logilab/astng/test/data/email.py -> /home/ubuntu/miniconda/envs/_build/lib/python2.7/site-packages/logilab/astng/test/data
copying build/lib/logilab/astng/test/data/absimport.py -> /home/ubuntu/miniconda/envs/_build/lib/python2.7/site-packages/logilab/astng/test/data
creating /home/ubuntu/miniconda/envs/_build/lib/python2.7/site-packages/logilab/astng/test/data/SSL1
copying build/lib/logilab/astng/test/data/SSL1/Connection1.py -> /home/ubuntu/miniconda/envs/_build/lib/python2.7/site-packages/logilab/astng/test/data/SSL1
copying build/lib/logilab/astng/test/data/SSL1/__init__.py -> /home/ubuntu/miniconda/envs/_build/lib/python2.7/site-packages/logilab/astng/test/data/SSL1
creating /home/ubuntu/miniconda/envs/_build/lib/python2.7/site-packages/logilab/astng/test/data/appl
copying build/lib/logilab/astng/test/data/appl/myConnection.py -> /home/ubuntu/miniconda/envs/_build/lib/python2.7/site-packages/logilab/astng/test/data/appl
copying build/lib/logilab/astng/test/data/appl/__init__.py -> /home/ubuntu/miniconda/envs/_build/lib/python2.7/site-packages/logilab/astng/test/data/appl
copying build/lib/logilab/astng/test/data/module2.py -> /home/ubuntu/miniconda/envs/_build/lib/python2.7/site-packages/logilab/astng/test/data
copying build/lib/logilab/astng/test/data/format.py -> /home/ubuntu/miniconda/envs/_build/lib/python2.7/site-packages/logilab/astng/test/data
copying build/lib/logilab/astng/test/data/all.py -> /home/ubuntu/miniconda/envs/_build/lib/python2.7/site-packages/logilab/astng/test/data
copying build/lib/logilab/astng/test/data/nonregr.py -> /home/ubuntu/miniconda/envs/_build/lib/python2.7/site-packages/logilab/astng/test/data
copying build/lib/logilab/astng/test/data/__init__.py -> /home/ubuntu/miniconda/envs/_build/lib/python2.7/site-packages/logilab/astng/test/data
copying build/lib/logilab/astng/test/data/noendingnewline.py -> /home/ubuntu/miniconda/envs/_build/lib/python2.7/site-packages/logilab/astng/test/data
copying build/lib/logilab/astng/test/data/MyPyPa-0.1.0-py2.5.zip -> /home/ubuntu/miniconda/envs/_build/lib/python2.7/site-packages/logilab/astng/test/data
copying build/lib/logilab/astng/test/data/notall.py -> /home/ubuntu/miniconda/envs/_build/lib/python2.7/site-packages/logilab/astng/test/data
copying build/lib/logilab/astng/test/data/MyPyPa-0.1.0-py2.5.egg -> /home/ubuntu/miniconda/envs/_build/lib/python2.7/site-packages/logilab/astng/test/data
creating /home/ubuntu/miniconda/envs/_build/lib/python2.7/site-packages/logilab/astng/test/regrtest_data
creating /home/ubuntu/miniconda/envs/_build/lib/python2.7/site-packages/logilab/astng/test/regrtest_data/package
copying build/lib/logilab/astng/test/regrtest_data/package/absimport.py -> /home/ubuntu/miniconda/envs/_build/lib/python2.7/site-packages/logilab/astng/test/regrtest_data/package
copying build/lib/logilab/astng/test/regrtest_data/package/hello.py -> /home/ubuntu/miniconda/envs/_build/lib/python2.7/site-packages/logilab/astng/test/regrtest_data/package
creating /home/ubuntu/miniconda/envs/_build/lib/python2.7/site-packages/logilab/astng/test/regrtest_data/package/subpackage
copying build/lib/logilab/astng/test/regrtest_data/package/subpackage/module.py -> /home/ubuntu/miniconda/envs/_build/lib/python2.7/site-packages/logilab/astng/test/regrtest_data/package/subpackage
copying build/lib/logilab/astng/test/regrtest_data/package/subpackage/__init__.py -> /home/ubuntu/miniconda/envs/_build/lib/python2.7/site-packages/logilab/astng/test/regrtest_data/package/subpackage
copying build/lib/logilab/astng/test/regrtest_data/package/__init__.py -> /home/ubuntu/miniconda/envs/_build/lib/python2.7/site-packages/logilab/astng/test/regrtest_data/package
copying build/lib/logilab/astng/test/regrtest_data/package/import_package_subpackage_module.py -> /home/ubuntu/miniconda/envs/_build/lib/python2.7/site-packages/logilab/astng/test/regrtest_data/package
creating /home/ubuntu/miniconda/envs/_build/lib/python2.7/site-packages/logilab/astng/test/regrtest_data/absimp
copying build/lib/logilab/astng/test/regrtest_data/absimp/__init__.py -> /home/ubuntu/miniconda/envs/_build/lib/python2.7/site-packages/logilab/astng/test/regrtest_data/absimp
creating /home/ubuntu/miniconda/envs/_build/lib/python2.7/site-packages/logilab/astng/test/regrtest_data/absimp/sidepackage
copying build/lib/logilab/astng/test/regrtest_data/absimp/sidepackage/__init__.py -> /home/ubuntu/miniconda/envs/_build/lib/python2.7/site-packages/logilab/astng/test/regrtest_data/absimp/sidepackage
copying build/lib/logilab/astng/test/regrtest_data/absimp/string.py -> /home/ubuntu/miniconda/envs/_build/lib/python2.7/site-packages/logilab/astng/test/regrtest_data/absimp
copying build/lib/logilab/astng/test/regrtest_data/descriptor_crash.py -> /home/ubuntu/miniconda/envs/_build/lib/python2.7/site-packages/logilab/astng/test/regrtest_data
copying build/lib/logilab/astng/__init__.py -> /home/ubuntu/miniconda/envs/_build/lib/python2.7/site-packages/logilab/astng
copying build/lib/logilab/astng/manager.py -> /home/ubuntu/miniconda/envs/_build/lib/python2.7/site-packages/logilab/astng
copying build/lib/logilab/astng/__pkginfo__.py -> /home/ubuntu/miniconda/envs/_build/lib/python2.7/site-packages/logilab/astng
copying build/lib/logilab/astng/exceptions.py -> /home/ubuntu/miniconda/envs/_build/lib/python2.7/site-packages/logilab/astng
byte-compiling /home/ubuntu/miniconda/envs/_build/lib/python2.7/site-packages/logilab/astng/protocols.py to protocols.pyc
byte-compiling /home/ubuntu/miniconda/envs/_build/lib/python2.7/site-packages/logilab/astng/mixins.py to mixins.pyc
byte-compiling /home/ubuntu/miniconda/envs/_build/lib/python2.7/site-packages/logilab/astng/inference.py to inference.pyc
byte-compiling /home/ubuntu/miniconda/envs/_build/lib/python2.7/site-packages/logilab/astng/utils.py to utils.pyc
byte-compiling /home/ubuntu/miniconda/envs/_build/lib/python2.7/site-packages/logilab/astng/rebuilder.py to rebuilder.pyc
byte-compiling /home/ubuntu/miniconda/envs/_build/lib/python2.7/site-packages/logilab/astng/nodes.py to nodes.pyc
byte-compiling /home/ubuntu/miniconda/envs/_build/lib/python2.7/site-packages/logilab/astng/bases.py to bases.pyc
byte-compiling /home/ubuntu/miniconda/envs/_build/lib/python2.7/site-packages/logilab/astng/raw_building.py to raw_building.pyc
byte-compiling /home/ubuntu/miniconda/envs/_build/lib/python2.7/site-packages/logilab/astng/scoped_nodes.py to scoped_nodes.pyc
byte-compiling /home/ubuntu/miniconda/envs/_build/lib/python2.7/site-packages/logilab/astng/as_string.py to as_string.pyc
byte-compiling /home/ubuntu/miniconda/envs/_build/lib/python2.7/site-packages/logilab/astng/inspector.py to inspector.pyc
byte-compiling /home/ubuntu/miniconda/envs/_build/lib/python2.7/site-packages/logilab/astng/node_classes.py to node_classes.pyc
byte-compiling /home/ubuntu/miniconda/envs/_build/lib/python2.7/site-packages/logilab/astng/builder.py to builder.pyc
byte-compiling /home/ubuntu/miniconda/envs/_build/lib/python2.7/site-packages/logilab/astng/brain/py2stdlib.py to py2stdlib.pyc
byte-compiling /home/ubuntu/miniconda/envs/_build/lib/python2.7/site-packages/logilab/astng/brain/py2mechanize.py to py2mechanize.pyc
byte-compiling /home/ubuntu/miniconda/envs/_build/lib/python2.7/site-packages/logilab/astng/brain/py2qt4.py to py2qt4.pyc
byte-compiling /home/ubuntu/miniconda/envs/_build/lib/python2.7/site-packages/logilab/astng/test/unittest_utils.py to unittest_utils.pyc
byte-compiling /home/ubuntu/miniconda/envs/_build/lib/python2.7/site-packages/logilab/astng/test/unittest_python3.py to unittest_python3.pyc
byte-compiling /home/ubuntu/miniconda/envs/_build/lib/python2.7/site-packages/logilab/astng/test/unittest_builder.py to unittest_builder.pyc
byte-compiling /home/ubuntu/miniconda/envs/_build/lib/python2.7/site-packages/logilab/astng/test/unittest_inference.py to unittest_inference.pyc
byte-compiling /home/ubuntu/miniconda/envs/_build/lib/python2.7/site-packages/logilab/astng/test/unittest_regrtest.py to unittest_regrtest.pyc
byte-compiling /home/ubuntu/miniconda/envs/_build/lib/python2.7/site-packages/logilab/astng/test/unittest_manager.py to unittest_manager.pyc
byte-compiling /home/ubuntu/miniconda/envs/_build/lib/python2.7/site-packages/logilab/astng/test/unittest_nodes.py to unittest_nodes.pyc
byte-compiling /home/ubuntu/miniconda/envs/_build/lib/python2.7/site-packages/logilab/astng/test/unittest_inspector.py to unittest_inspector.pyc
byte-compiling /home/ubuntu/miniconda/envs/_build/lib/python2.7/site-packages/logilab/astng/test/unittest_lookup.py to unittest_lookup.pyc
byte-compiling /home/ubuntu/miniconda/envs/_build/lib/python2.7/site-packages/logilab/astng/test/unittest_scoped_nodes.py to unittest_scoped_nodes.pyc
byte-compiling /home/ubuntu/miniconda/envs/_build/lib/python2.7/site-packages/logilab/astng/test/data2/suppliermodule_test.py to suppliermodule_test.pyc
byte-compiling /home/ubuntu/miniconda/envs/_build/lib/python2.7/site-packages/logilab/astng/test/data2/clientmodule_test.py to clientmodule_test.pyc
byte-compiling /home/ubuntu/miniconda/envs/_build/lib/python2.7/site-packages/logilab/astng/test/data2/__init__.py to __init__.pyc
byte-compiling /home/ubuntu/miniconda/envs/_build/lib/python2.7/site-packages/logilab/astng/test/data/module.py to module.pyc
byte-compiling /home/ubuntu/miniconda/envs/_build/lib/python2.7/site-packages/logilab/astng/test/data/email.py to email.pyc
byte-compiling /home/ubuntu/miniconda/envs/_build/lib/python2.7/site-packages/logilab/astng/test/data/absimport.py to absimport.pyc
byte-compiling /home/ubuntu/miniconda/envs/_build/lib/python2.7/site-packages/logilab/astng/test/data/SSL1/Connection1.py to Connection1.pyc
byte-compiling /home/ubuntu/miniconda/envs/_build/lib/python2.7/site-packages/logilab/astng/test/data/SSL1/__init__.py to __init__.pyc
byte-compiling /home/ubuntu/miniconda/envs/_build/lib/python2.7/site-packages/logilab/astng/test/data/appl/myConnection.py to myConnection.pyc
byte-compiling /home/ubuntu/miniconda/envs/_build/lib/python2.7/site-packages/logilab/astng/test/data/appl/__init__.py to __init__.pyc
byte-compiling /home/ubuntu/miniconda/envs/_build/lib/python2.7/site-packages/logilab/astng/test/data/module2.py to module2.pyc
byte-compiling /home/ubuntu/miniconda/envs/_build/lib/python2.7/site-packages/logilab/astng/test/data/format.py to format.pyc
byte-compiling /home/ubuntu/miniconda/envs/_build/lib/python2.7/site-packages/logilab/astng/test/data/all.py to all.pyc
byte-compiling /home/ubuntu/miniconda/envs/_build/lib/python2.7/site-packages/logilab/astng/test/data/nonregr.py to nonregr.pyc
byte-compiling /home/ubuntu/miniconda/envs/_build/lib/python2.7/site-packages/logilab/astng/test/data/__init__.py to __init__.pyc
byte-compiling /home/ubuntu/miniconda/envs/_build/lib/python2.7/site-packages/logilab/astng/test/data/noendingnewline.py to noendingnewline.pyc
byte-compiling /home/ubuntu/miniconda/envs/_build/lib/python2.7/site-packages/logilab/astng/test/data/notall.py to notall.pyc
byte-compiling /home/ubuntu/miniconda/envs/_build/lib/python2.7/site-packages/logilab/astng/test/regrtest_data/package/absimport.py to absimport.pyc
byte-compiling /home/ubuntu/miniconda/envs/_build/lib/python2.7/site-packages/logilab/astng/test/regrtest_data/package/hello.py to hello.pyc
byte-compiling /home/ubuntu/miniconda/envs/_build/lib/python2.7/site-packages/logilab/astng/test/regrtest_data/package/subpackage/module.py to module.pyc
byte-compiling /home/ubuntu/miniconda/envs/_build/lib/python2.7/site-packages/logilab/astng/test/regrtest_data/package/subpackage/__init__.py to __init__.pyc
byte-compiling /home/ubuntu/miniconda/envs/_build/lib/python2.7/site-packages/logilab/astng/test/regrtest_data/package/__init__.py to __init__.pyc
byte-compiling /home/ubuntu/miniconda/envs/_build/lib/python2.7/site-packages/logilab/astng/test/regrtest_data/package/import_package_subpackage_module.py to import_package_subpackage_module.pyc
byte-compiling /home/ubuntu/miniconda/envs/_build/lib/python2.7/site-packages/logilab/astng/test/regrtest_data/absimp/__init__.py to __init__.pyc
byte-compiling /home/ubuntu/miniconda/envs/_build/lib/python2.7/site-packages/logilab/astng/test/regrtest_data/absimp/sidepackage/__init__.py to __init__.pyc
byte-compiling /home/ubuntu/miniconda/envs/_build/lib/python2.7/site-packages/logilab/astng/test/regrtest_data/absimp/string.py to string.pyc
byte-compiling /home/ubuntu/miniconda/envs/_build/lib/python2.7/site-packages/logilab/astng/test/regrtest_data/descriptor_crash.py to descriptor_crash.pyc
byte-compiling /home/ubuntu/miniconda/envs/_build/lib/python2.7/site-packages/logilab/astng/__init__.py to __init__.pyc
byte-compiling /home/ubuntu/miniconda/envs/_build/lib/python2.7/site-packages/logilab/astng/manager.py to manager.pyc
byte-compiling /home/ubuntu/miniconda/envs/_build/lib/python2.7/site-packages/logilab/astng/__pkginfo__.py to __pkginfo__.pyc
byte-compiling /home/ubuntu/miniconda/envs/_build/lib/python2.7/site-packages/logilab/astng/exceptions.py to exceptions.pyc
running install_egg_info
Writing /home/ubuntu/miniconda/envs/_build/lib/python2.7/site-packages/logilab_astng-0.24.3-py2.7.egg-info

The following NEW packages will be INSTALLED:

    openssl:    1.0.1k-1     
    pip:        7.0.3-py27_0 
    python:     2.7.10-0     
    readline:   6.2-2        
    setuptools: 17.1.1-py27_0
    sqlite:     3.8.4.1-1    
    system:     5.8-2        
    tk:         8.5.18-0     
    zlib:       1.2.8-0      

Linking packages ...
[                    ]|                                                  |   0%[openssl             ]|                                                  |   0%[readline            ]|#####                                             |  11%[sqlite              ]|###########                                       |  22%[system              ]|################                                  |  33%[tk                  ]|######################                            |  44%[zlib                ]|###########################                       |  55%[python              ]|#################################                 |  66%[setuptools          ]|######################################            |  77%[pip                 ]|############################################      |  88%[      COMPLETE      ]|##################################################| 100%
Removing old work directory
Source cache directory is: /home/ubuntu/miniconda/conda-bld/src_cache
Found source in cache: logilab-astng-0.24.3.tar.gz
Extracting download
Package: logilab-astng-0.24.3-py27_0
source tree in: /home/ubuntu/miniconda/conda-bld/work/logilab-astng-0.24.3
compiling .pyc files...
number of files: 119
Fixing permissions
Fixing permissions
BUILD END: logilab-astng-0.24.3-py27_0
TEST START: logilab-astng-0.24.3-py27_0
Fetching package metadata: ......
Solving package specifications: .===== testing package: logilab-astng-0.24.3-py27_0 =====
import: u'logilab.astng'
Traceback (most recent call last):
  File "/home/ubuntu/miniconda/conda-bld/test-tmp_dir/run_test.py", line 25, in <module>
    import logilab.astng
  File "/home/ubuntu/miniconda/envs/_test/lib/python2.7/site-packages/logilab/astng/__init__.py", line 52, in <module>
    from logilab.astng.nodes import *
  File "/home/ubuntu/miniconda/envs/_test/lib/python2.7/site-packages/logilab/astng/nodes.py", line 48, in <module>
    from logilab.astng.scoped_nodes import Module, GenExpr, Lambda, DictComp, \
  File "/home/ubuntu/miniconda/envs/_test/lib/python2.7/site-packages/logilab/astng/scoped_nodes.py", line 29, in <module>
    from logilab.common.compat import builtins
ImportError: No module named common.compat

The following packages will be downloaded:

    package                    |            build
    ---------------------------|-----------------
    logilab-astng-0.24.3       |           py27_0         137 KB

The following NEW packages will be INSTALLED:

    logilab-astng: 0.24.3-py27_0
    openssl:       1.0.1k-1     
    pip:           7.0.3-py27_0 
    python:        2.7.10-0     
    readline:      6.2-2        
    setuptools:    17.1.1-py27_0
    sqlite:        3.8.4.1-1    
    system:        5.8-2        
    tk:            8.5.18-0     
    zlib:          1.2.8-0      

Fetching packages ...
logilab-astng-   0% |                              | ETA:  --:--:--   0.00  B/slogilab-astng-  11% |###                            | ETA:  0:00:00  46.81 MB/slogilab-astng-  23% |#######                        | ETA:  0:00:00  56.40 MB/slogilab-astng-  35% |##########                     | ETA:  0:00:00  62.93 MB/slogilab-astng-  46% |##############                 | ETA:  0:00:00  67.21 MB/slogilab-astng-  58% |##################             | ETA:  0:00:00  70.31 MB/slogilab-astng-  70% |#####################          | ETA:  0:00:00  72.81 MB/slogilab-astng-  82% |#########################      | ETA:  0:00:00  74.86 MB/slogilab-astng-  93% |#############################  | ETA:  0:00:00  76.43 MB/slogilab-astng- 100% |###############################| ETA:  0:00:00  74.51 MB/slogilab-astng- 100% |###############################| Time: 0:00:00  66.34 MB/s
Extracting packages ...
[      COMPLETE      ]|                                                  |   0%[logilab-astng       ]|                                                  |   0%[logilab-astng       ]|                                                  |   0%[      COMPLETE      ]|##################################################| 100%
Linking packages ...
[      COMPLETE      ]|                                                  |   0%[openssl             ]|                                                  |   0%[openssl             ]|                                                  |   0%[readline            ]|#####                                             |  10%[sqlite              ]|##########                                        |  20%[system              ]|###############                                   |  30%[tk                  ]|####################                              |  40%[zlib                ]|#########################                         |  50%[logilab-astng       ]|##############################                    |  60%[python              ]|###################################               |  70%[setuptools          ]|########################################          |  80%[pip                 ]|#############################################     |  90%[      COMPLETE      ]|##################################################| 100%
TESTS FAILED: logilab-astng-0.24.3-py27_0
