Removing old build directory
Removing old work directory
BUILD START: oslotest-1.6.0-py27_0
Fetching package metadata: ......
Solving package specifications: .+ /home/ubuntu/miniconda/envs/_build/bin/python setup.py install
running install
running build
running build_py
creating build
creating build/lib
creating build/lib/oslotest
copying oslotest/moxstubout.py -> build/lib/oslotest
copying oslotest/mockpatch.py -> build/lib/oslotest
copying oslotest/__init__.py -> build/lib/oslotest
copying oslotest/base.py -> build/lib/oslotest
creating build/lib/oslotest/tools
copying oslotest/tools/config.py -> build/lib/oslotest/tools
copying oslotest/tools/__init__.py -> build/lib/oslotest/tools
running egg_info
writing requirements to oslotest.egg-info/requires.txt
writing oslotest.egg-info/PKG-INFO
writing top-level names to oslotest.egg-info/top_level.txt
writing dependency_links to oslotest.egg-info/dependency_links.txt
[pbr] Reusing existing SOURCES.txt
running build_scripts
creating build/scripts-2.7
copying tools/oslo_debug_helper -> build/scripts-2.7
copying tools/oslo_run_cross_tests -> build/scripts-2.7
copying and adjusting tools/oslo_run_pre_release_tests -> build/scripts-2.7
changing mode of build/scripts-2.7/oslo_run_pre_release_tests from 664 to 775
running install_lib
creating /home/ubuntu/miniconda/envs/_build/lib/python2.7/site-packages/oslotest
copying build/lib/oslotest/moxstubout.py -> /home/ubuntu/miniconda/envs/_build/lib/python2.7/site-packages/oslotest
copying build/lib/oslotest/mockpatch.py -> /home/ubuntu/miniconda/envs/_build/lib/python2.7/site-packages/oslotest
copying build/lib/oslotest/__init__.py -> /home/ubuntu/miniconda/envs/_build/lib/python2.7/site-packages/oslotest
creating /home/ubuntu/miniconda/envs/_build/lib/python2.7/site-packages/oslotest/tools
copying build/lib/oslotest/tools/config.py -> /home/ubuntu/miniconda/envs/_build/lib/python2.7/site-packages/oslotest/tools
copying build/lib/oslotest/tools/__init__.py -> /home/ubuntu/miniconda/envs/_build/lib/python2.7/site-packages/oslotest/tools
copying build/lib/oslotest/base.py -> /home/ubuntu/miniconda/envs/_build/lib/python2.7/site-packages/oslotest
byte-compiling /home/ubuntu/miniconda/envs/_build/lib/python2.7/site-packages/oslotest/moxstubout.py to moxstubout.pyc
byte-compiling /home/ubuntu/miniconda/envs/_build/lib/python2.7/site-packages/oslotest/mockpatch.py to mockpatch.pyc
byte-compiling /home/ubuntu/miniconda/envs/_build/lib/python2.7/site-packages/oslotest/__init__.py to __init__.pyc
byte-compiling /home/ubuntu/miniconda/envs/_build/lib/python2.7/site-packages/oslotest/tools/config.py to config.pyc
byte-compiling /home/ubuntu/miniconda/envs/_build/lib/python2.7/site-packages/oslotest/tools/__init__.py to __init__.pyc
byte-compiling /home/ubuntu/miniconda/envs/_build/lib/python2.7/site-packages/oslotest/base.py to base.pyc
running install_egg_info
Copying oslotest.egg-info to /home/ubuntu/miniconda/envs/_build/lib/python2.7/site-packages/oslotest-1.6.0-py2.7.egg-info
running install_scripts
copying build/scripts-2.7/oslo_run_pre_release_tests -> /home/ubuntu/miniconda/envs/_build/bin
copying build/scripts-2.7/oslo_debug_helper -> /home/ubuntu/miniconda/envs/_build/bin
copying build/scripts-2.7/oslo_run_cross_tests -> /home/ubuntu/miniconda/envs/_build/bin
changing mode of /home/ubuntu/miniconda/envs/_build/bin/oslo_run_pre_release_tests to 775
changing mode of /home/ubuntu/miniconda/envs/_build/bin/oslo_debug_helper to 775
changing mode of /home/ubuntu/miniconda/envs/_build/bin/oslo_run_cross_tests to 775

The following NEW packages will be INSTALLED:

    openssl:    1.0.1k-1    
    pbr:        1.0.1-py27_0
    pip:        6.1.1-py27_0
    python:     2.7.9-3     
    readline:   6.2-2       
    setuptools: 16.0-py27_0 
    sqlite:     3.8.4.1-1   
    system:     5.8-2       
    tk:         8.5.18-0    
    zlib:       1.2.8-0     

Linking packages ...
[                    ]|                                                  |   0%[openssl             ]|                                                  |   0%[readline            ]|#####                                             |  10%[sqlite              ]|##########                                        |  20%[system              ]|###############                                   |  30%[tk                  ]|####################                              |  40%[zlib                ]|#########################                         |  50%[python              ]|##############################                    |  60%[setuptools          ]|###################################               |  70%[pbr                 ]|########################################          |  80%[pip                 ]|#############################################     |  90%[      COMPLETE      ]|##################################################| 100%
Removing old work directory
Source cache directory is: /home/ubuntu/miniconda/conda-bld/src_cache
Found source in cache: oslotest-1.6.0.tar.gz
Extracting download
Package: oslotest-1.6.0-py27_0
source tree in: /home/ubuntu/miniconda/conda-bld/work/oslotest-1.6.0
number of files: 22
Fixing permissions
Detected hard-coded path in text file bin/oslo_run_pre_release_tests
Fixing permissions
BUILD END: oslotest-1.6.0-py27_0
TEST START: oslotest-1.6.0-py27_0
Fetching package metadata: ......
Solving package specifications: .===== testing package: oslotest-1.6.0-py27_0 =====
import: u'oslotest'
Traceback (most recent call last):
  File "/home/ubuntu/miniconda/conda-bld/test-tmp_dir/run_test.py", line 25, in <module>
    import oslotest
  File "/home/ubuntu/miniconda/envs/_test/lib/python2.7/site-packages/oslotest/__init__.py", line 13, in <module>
    import six
ImportError: No module named six

The following packages will be downloaded:

    package                    |            build
    ---------------------------|-----------------
    oslotest-1.6.0             |           py27_0          12 KB

The following NEW packages will be INSTALLED:

    openssl:    1.0.1k-1    
    oslotest:   1.6.0-py27_0
    pbr:        1.0.1-py27_0
    pip:        6.1.1-py27_0
    python:     2.7.9-3     
    readline:   6.2-2       
    setuptools: 16.0-py27_0 
    sqlite:     3.8.4.1-1   
    system:     5.8-2       
    tk:         8.5.18-0    
    zlib:       1.2.8-0     

Fetching packages ...
oslotest-1.6.0   0% |                              | ETA:  --:--:--   0.00  B/soslotest-1.6.0 100% |###############################| ETA:  0:00:00  31.12 MB/soslotest-1.6.0 100% |###############################| Time: 0:00:00  19.58 MB/s
Extracting packages ...
[      COMPLETE      ]|                                                  |   0%[oslotest            ]|                                                  |   0%[oslotest            ]|                                                  |   0%[      COMPLETE      ]|##################################################| 100%
Linking packages ...
[      COMPLETE      ]|                                                  |   0%[openssl             ]|                                                  |   0%[openssl             ]|                                                  |   0%[readline            ]|####                                              |   9%[sqlite              ]|#########                                         |  18%[system              ]|#############                                     |  27%[tk                  ]|##################                                |  36%[zlib                ]|######################                            |  45%[python              ]|###########################                       |  54%[setuptools          ]|###############################                   |  63%[pbr                 ]|####################################              |  72%[pip                 ]|########################################          |  81%[oslotest            ]|#############################################     |  90%[      COMPLETE      ]|##################################################| 100%
TESTS FAILED: oslotest-1.6.0-py27_0
