Removing old build directory
Removing old work directory
BUILD START: protobuf-3.0.0a2-py27_0
Fetching package metadata: ........
Solving package specifications: .+ /home/hargup/anaconda/envs/_build/bin/python setup.py install
running install
running bdist_egg
running egg_info
writing requirements to protobuf.egg-info/requires.txt
writing protobuf.egg-info/PKG-INFO
writing namespace_packages to protobuf.egg-info/namespace_packages.txt
writing top-level names to protobuf.egg-info/top_level.txt
writing dependency_links to protobuf.egg-info/dependency_links.txt
reading manifest file 'protobuf.egg-info/SOURCES.txt'
writing manifest file 'protobuf.egg-info/SOURCES.txt'
installing library code to build/bdist.linux-x86_64/egg
running install_lib
running build_py
creating build
creating build/lib
creating build/lib/google
copying google/__init__.py -> build/lib/google
creating build/lib/google/protobuf
copying google/protobuf/reflection.py -> build/lib/google/protobuf
copying google/protobuf/text_encoding.py -> build/lib/google/protobuf
copying google/protobuf/message.py -> build/lib/google/protobuf
copying google/protobuf/unittest_custom_options_pb2.py -> build/lib/google/protobuf
copying google/protobuf/unittest_import_pb2.py -> build/lib/google/protobuf
copying google/protobuf/symbol_database.py -> build/lib/google/protobuf
copying google/protobuf/descriptor_pool.py -> build/lib/google/protobuf
copying google/protobuf/service_reflection.py -> build/lib/google/protobuf
copying google/protobuf/descriptor_database.py -> build/lib/google/protobuf
copying google/protobuf/unittest_pb2.py -> build/lib/google/protobuf
copying google/protobuf/text_format.py -> build/lib/google/protobuf
copying google/protobuf/descriptor.py -> build/lib/google/protobuf
copying google/protobuf/message_factory.py -> build/lib/google/protobuf
copying google/protobuf/unittest_import_public_pb2.py -> build/lib/google/protobuf
copying google/protobuf/unittest_no_generic_services_pb2.py -> build/lib/google/protobuf
copying google/protobuf/descriptor_pb2.py -> build/lib/google/protobuf
copying google/protobuf/service.py -> build/lib/google/protobuf
copying google/protobuf/proto_builder.py -> build/lib/google/protobuf
copying google/protobuf/unittest_proto3_arena_pb2.py -> build/lib/google/protobuf
copying google/protobuf/unittest_mset_pb2.py -> build/lib/google/protobuf
copying google/protobuf/__init__.py -> build/lib/google/protobuf
creating build/lib/google/protobuf/internal
copying google/protobuf/internal/symbol_database_test.py -> build/lib/google/protobuf/internal
copying google/protobuf/internal/descriptor_pool_test.py -> build/lib/google/protobuf/internal
copying google/protobuf/internal/descriptor_database_test.py -> build/lib/google/protobuf/internal
copying google/protobuf/internal/descriptor_pool_test1_pb2.py -> build/lib/google/protobuf/internal
copying google/protobuf/internal/wire_format.py -> build/lib/google/protobuf/internal
copying google/protobuf/internal/message_test.py -> build/lib/google/protobuf/internal
copying google/protobuf/internal/text_format_test.py -> build/lib/google/protobuf/internal
copying google/protobuf/internal/descriptor_test.py -> build/lib/google/protobuf/internal
copying google/protobuf/internal/unknown_fields_test.py -> build/lib/google/protobuf/internal
copying google/protobuf/internal/wire_format_test.py -> build/lib/google/protobuf/internal
copying google/protobuf/internal/python_message.py -> build/lib/google/protobuf/internal
copying google/protobuf/internal/reflection_test.py -> build/lib/google/protobuf/internal
copying google/protobuf/internal/generator_test.py -> build/lib/google/protobuf/internal
copying google/protobuf/internal/message_factory_test.py -> build/lib/google/protobuf/internal
copying google/protobuf/internal/more_extensions_dynamic_pb2.py -> build/lib/google/protobuf/internal
copying google/protobuf/internal/api_implementation_cpp_test.py -> build/lib/google/protobuf/internal
copying google/protobuf/internal/descriptor_pool_test2_pb2.py -> build/lib/google/protobuf/internal
copying google/protobuf/internal/service_reflection_test.py -> build/lib/google/protobuf/internal
copying google/protobuf/internal/decoder.py -> build/lib/google/protobuf/internal
copying google/protobuf/internal/message_listener.py -> build/lib/google/protobuf/internal
copying google/protobuf/internal/test_bad_identifiers_pb2.py -> build/lib/google/protobuf/internal
copying google/protobuf/internal/factory_test1_pb2.py -> build/lib/google/protobuf/internal
copying google/protobuf/internal/_parameterized.py -> build/lib/google/protobuf/internal
copying google/protobuf/internal/missing_enum_values_pb2.py -> build/lib/google/protobuf/internal
copying google/protobuf/internal/type_checkers.py -> build/lib/google/protobuf/internal
copying google/protobuf/internal/containers.py -> build/lib/google/protobuf/internal
copying google/protobuf/internal/encoder.py -> build/lib/google/protobuf/internal
copying google/protobuf/internal/test_util.py -> build/lib/google/protobuf/internal
copying google/protobuf/internal/more_extensions_pb2.py -> build/lib/google/protobuf/internal
copying google/protobuf/internal/text_encoding_test.py -> build/lib/google/protobuf/internal
copying google/protobuf/internal/factory_test2_pb2.py -> build/lib/google/protobuf/internal
copying google/protobuf/internal/enum_type_wrapper.py -> build/lib/google/protobuf/internal
copying google/protobuf/internal/more_messages_pb2.py -> build/lib/google/protobuf/internal
copying google/protobuf/internal/__init__.py -> build/lib/google/protobuf/internal
copying google/protobuf/internal/api_implementation.py -> build/lib/google/protobuf/internal
copying google/protobuf/internal/proto_builder_test.py -> build/lib/google/protobuf/internal
creating build/lib/google/protobuf/compiler
copying google/protobuf/compiler/plugin_pb2.py -> build/lib/google/protobuf/compiler
copying google/protobuf/compiler/__init__.py -> build/lib/google/protobuf/compiler
creating build/lib/google/protobuf/pyext
copying google/protobuf/pyext/python_pb2.py -> build/lib/google/protobuf/pyext
copying google/protobuf/pyext/cpp_message.py -> build/lib/google/protobuf/pyext
copying google/protobuf/pyext/__init__.py -> build/lib/google/protobuf/pyext
creating build/lib/google/protobuf/internal/import_test_package
copying google/protobuf/internal/import_test_package/inner_pb2.py -> build/lib/google/protobuf/internal/import_test_package
copying google/protobuf/internal/import_test_package/outer_pb2.py -> build/lib/google/protobuf/internal/import_test_package
copying google/protobuf/internal/import_test_package/__init__.py -> build/lib/google/protobuf/internal/import_test_package
creating build/bdist.linux-x86_64
creating build/bdist.linux-x86_64/egg
creating build/bdist.linux-x86_64/egg/google
creating build/bdist.linux-x86_64/egg/google/protobuf
copying build/lib/google/protobuf/reflection.py -> build/bdist.linux-x86_64/egg/google/protobuf
copying build/lib/google/protobuf/text_encoding.py -> build/bdist.linux-x86_64/egg/google/protobuf
copying build/lib/google/protobuf/message.py -> build/bdist.linux-x86_64/egg/google/protobuf
copying build/lib/google/protobuf/unittest_custom_options_pb2.py -> build/bdist.linux-x86_64/egg/google/protobuf
copying build/lib/google/protobuf/unittest_import_pb2.py -> build/bdist.linux-x86_64/egg/google/protobuf
creating build/bdist.linux-x86_64/egg/google/protobuf/internal
copying build/lib/google/protobuf/internal/symbol_database_test.py -> build/bdist.linux-x86_64/egg/google/protobuf/internal
copying build/lib/google/protobuf/internal/descriptor_pool_test.py -> build/bdist.linux-x86_64/egg/google/protobuf/internal
copying build/lib/google/protobuf/internal/descriptor_database_test.py -> build/bdist.linux-x86_64/egg/google/protobuf/internal
copying build/lib/google/protobuf/internal/descriptor_pool_test1_pb2.py -> build/bdist.linux-x86_64/egg/google/protobuf/internal
copying build/lib/google/protobuf/internal/wire_format.py -> build/bdist.linux-x86_64/egg/google/protobuf/internal
copying build/lib/google/protobuf/internal/message_test.py -> build/bdist.linux-x86_64/egg/google/protobuf/internal
copying build/lib/google/protobuf/internal/text_format_test.py -> build/bdist.linux-x86_64/egg/google/protobuf/internal
copying build/lib/google/protobuf/internal/descriptor_test.py -> build/bdist.linux-x86_64/egg/google/protobuf/internal
copying build/lib/google/protobuf/internal/unknown_fields_test.py -> build/bdist.linux-x86_64/egg/google/protobuf/internal
copying build/lib/google/protobuf/internal/wire_format_test.py -> build/bdist.linux-x86_64/egg/google/protobuf/internal
creating build/bdist.linux-x86_64/egg/google/protobuf/internal/import_test_package
copying build/lib/google/protobuf/internal/import_test_package/inner_pb2.py -> build/bdist.linux-x86_64/egg/google/protobuf/internal/import_test_package
copying build/lib/google/protobuf/internal/import_test_package/outer_pb2.py -> build/bdist.linux-x86_64/egg/google/protobuf/internal/import_test_package
copying build/lib/google/protobuf/internal/import_test_package/__init__.py -> build/bdist.linux-x86_64/egg/google/protobuf/internal/import_test_package
copying build/lib/google/protobuf/internal/python_message.py -> build/bdist.linux-x86_64/egg/google/protobuf/internal
copying build/lib/google/protobuf/internal/reflection_test.py -> build/bdist.linux-x86_64/egg/google/protobuf/internal
copying build/lib/google/protobuf/internal/generator_test.py -> build/bdist.linux-x86_64/egg/google/protobuf/internal
copying build/lib/google/protobuf/internal/message_factory_test.py -> build/bdist.linux-x86_64/egg/google/protobuf/internal
copying build/lib/google/protobuf/internal/more_extensions_dynamic_pb2.py -> build/bdist.linux-x86_64/egg/google/protobuf/internal
copying build/lib/google/protobuf/internal/api_implementation_cpp_test.py -> build/bdist.linux-x86_64/egg/google/protobuf/internal
copying build/lib/google/protobuf/internal/descriptor_pool_test2_pb2.py -> build/bdist.linux-x86_64/egg/google/protobuf/internal
copying build/lib/google/protobuf/internal/service_reflection_test.py -> build/bdist.linux-x86_64/egg/google/protobuf/internal
copying build/lib/google/protobuf/internal/decoder.py -> build/bdist.linux-x86_64/egg/google/protobuf/internal
copying build/lib/google/protobuf/internal/message_listener.py -> build/bdist.linux-x86_64/egg/google/protobuf/internal
copying build/lib/google/protobuf/internal/test_bad_identifiers_pb2.py -> build/bdist.linux-x86_64/egg/google/protobuf/internal
copying build/lib/google/protobuf/internal/factory_test1_pb2.py -> build/bdist.linux-x86_64/egg/google/protobuf/internal
copying build/lib/google/protobuf/internal/_parameterized.py -> build/bdist.linux-x86_64/egg/google/protobuf/internal
copying build/lib/google/protobuf/internal/missing_enum_values_pb2.py -> build/bdist.linux-x86_64/egg/google/protobuf/internal
copying build/lib/google/protobuf/internal/type_checkers.py -> build/bdist.linux-x86_64/egg/google/protobuf/internal
copying build/lib/google/protobuf/internal/containers.py -> build/bdist.linux-x86_64/egg/google/protobuf/internal
copying build/lib/google/protobuf/internal/encoder.py -> build/bdist.linux-x86_64/egg/google/protobuf/internal
copying build/lib/google/protobuf/internal/test_util.py -> build/bdist.linux-x86_64/egg/google/protobuf/internal
copying build/lib/google/protobuf/internal/more_extensions_pb2.py -> build/bdist.linux-x86_64/egg/google/protobuf/internal
copying build/lib/google/protobuf/internal/text_encoding_test.py -> build/bdist.linux-x86_64/egg/google/protobuf/internal
copying build/lib/google/protobuf/internal/factory_test2_pb2.py -> build/bdist.linux-x86_64/egg/google/protobuf/internal
copying build/lib/google/protobuf/internal/enum_type_wrapper.py -> build/bdist.linux-x86_64/egg/google/protobuf/internal
copying build/lib/google/protobuf/internal/more_messages_pb2.py -> build/bdist.linux-x86_64/egg/google/protobuf/internal
copying build/lib/google/protobuf/internal/__init__.py -> build/bdist.linux-x86_64/egg/google/protobuf/internal
copying build/lib/google/protobuf/internal/api_implementation.py -> build/bdist.linux-x86_64/egg/google/protobuf/internal
copying build/lib/google/protobuf/internal/proto_builder_test.py -> build/bdist.linux-x86_64/egg/google/protobuf/internal
copying build/lib/google/protobuf/symbol_database.py -> build/bdist.linux-x86_64/egg/google/protobuf
copying build/lib/google/protobuf/descriptor_pool.py -> build/bdist.linux-x86_64/egg/google/protobuf
creating build/bdist.linux-x86_64/egg/google/protobuf/compiler
copying build/lib/google/protobuf/compiler/plugin_pb2.py -> build/bdist.linux-x86_64/egg/google/protobuf/compiler
copying build/lib/google/protobuf/compiler/__init__.py -> build/bdist.linux-x86_64/egg/google/protobuf/compiler
copying build/lib/google/protobuf/service_reflection.py -> build/bdist.linux-x86_64/egg/google/protobuf
copying build/lib/google/protobuf/descriptor_database.py -> build/bdist.linux-x86_64/egg/google/protobuf
copying build/lib/google/protobuf/unittest_pb2.py -> build/bdist.linux-x86_64/egg/google/protobuf
copying build/lib/google/protobuf/text_format.py -> build/bdist.linux-x86_64/egg/google/protobuf
copying build/lib/google/protobuf/descriptor.py -> build/bdist.linux-x86_64/egg/google/protobuf
copying build/lib/google/protobuf/message_factory.py -> build/bdist.linux-x86_64/egg/google/protobuf
copying build/lib/google/protobuf/unittest_import_public_pb2.py -> build/bdist.linux-x86_64/egg/google/protobuf
copying build/lib/google/protobuf/unittest_no_generic_services_pb2.py -> build/bdist.linux-x86_64/egg/google/protobuf
copying build/lib/google/protobuf/descriptor_pb2.py -> build/bdist.linux-x86_64/egg/google/protobuf
copying build/lib/google/protobuf/service.py -> build/bdist.linux-x86_64/egg/google/protobuf
copying build/lib/google/protobuf/proto_builder.py -> build/bdist.linux-x86_64/egg/google/protobuf
copying build/lib/google/protobuf/unittest_proto3_arena_pb2.py -> build/bdist.linux-x86_64/egg/google/protobuf
copying build/lib/google/protobuf/unittest_mset_pb2.py -> build/bdist.linux-x86_64/egg/google/protobuf
creating build/bdist.linux-x86_64/egg/google/protobuf/pyext
copying build/lib/google/protobuf/pyext/python_pb2.py -> build/bdist.linux-x86_64/egg/google/protobuf/pyext
copying build/lib/google/protobuf/pyext/cpp_message.py -> build/bdist.linux-x86_64/egg/google/protobuf/pyext
copying build/lib/google/protobuf/pyext/__init__.py -> build/bdist.linux-x86_64/egg/google/protobuf/pyext
copying build/lib/google/protobuf/__init__.py -> build/bdist.linux-x86_64/egg/google/protobuf
copying build/lib/google/__init__.py -> build/bdist.linux-x86_64/egg/google
byte-compiling build/bdist.linux-x86_64/egg/google/protobuf/reflection.py to reflection.pyc
byte-compiling build/bdist.linux-x86_64/egg/google/protobuf/text_encoding.py to text_encoding.pyc
byte-compiling build/bdist.linux-x86_64/egg/google/protobuf/message.py to message.pyc
byte-compiling build/bdist.linux-x86_64/egg/google/protobuf/unittest_custom_options_pb2.py to unittest_custom_options_pb2.pyc
byte-compiling build/bdist.linux-x86_64/egg/google/protobuf/unittest_import_pb2.py to unittest_import_pb2.pyc
byte-compiling build/bdist.linux-x86_64/egg/google/protobuf/internal/symbol_database_test.py to symbol_database_test.pyc
byte-compiling build/bdist.linux-x86_64/egg/google/protobuf/internal/descriptor_pool_test.py to descriptor_pool_test.pyc
byte-compiling build/bdist.linux-x86_64/egg/google/protobuf/internal/descriptor_database_test.py to descriptor_database_test.pyc
byte-compiling build/bdist.linux-x86_64/egg/google/protobuf/internal/descriptor_pool_test1_pb2.py to descriptor_pool_test1_pb2.pyc
byte-compiling build/bdist.linux-x86_64/egg/google/protobuf/internal/wire_format.py to wire_format.pyc
byte-compiling build/bdist.linux-x86_64/egg/google/protobuf/internal/message_test.py to message_test.pyc
byte-compiling build/bdist.linux-x86_64/egg/google/protobuf/internal/text_format_test.py to text_format_test.pyc
byte-compiling build/bdist.linux-x86_64/egg/google/protobuf/internal/descriptor_test.py to descriptor_test.pyc
byte-compiling build/bdist.linux-x86_64/egg/google/protobuf/internal/unknown_fields_test.py to unknown_fields_test.pyc
byte-compiling build/bdist.linux-x86_64/egg/google/protobuf/internal/wire_format_test.py to wire_format_test.pyc
byte-compiling build/bdist.linux-x86_64/egg/google/protobuf/internal/import_test_package/inner_pb2.py to inner_pb2.pyc
byte-compiling build/bdist.linux-x86_64/egg/google/protobuf/internal/import_test_package/outer_pb2.py to outer_pb2.pyc
byte-compiling build/bdist.linux-x86_64/egg/google/protobuf/internal/import_test_package/__init__.py to __init__.pyc
byte-compiling build/bdist.linux-x86_64/egg/google/protobuf/internal/python_message.py to python_message.pyc
byte-compiling build/bdist.linux-x86_64/egg/google/protobuf/internal/reflection_test.py to reflection_test.pyc
byte-compiling build/bdist.linux-x86_64/egg/google/protobuf/internal/generator_test.py to generator_test.pyc
byte-compiling build/bdist.linux-x86_64/egg/google/protobuf/internal/message_factory_test.py to message_factory_test.pyc
byte-compiling build/bdist.linux-x86_64/egg/google/protobuf/internal/more_extensions_dynamic_pb2.py to more_extensions_dynamic_pb2.pyc
byte-compiling build/bdist.linux-x86_64/egg/google/protobuf/internal/api_implementation_cpp_test.py to api_implementation_cpp_test.pyc
byte-compiling build/bdist.linux-x86_64/egg/google/protobuf/internal/descriptor_pool_test2_pb2.py to descriptor_pool_test2_pb2.pyc
byte-compiling build/bdist.linux-x86_64/egg/google/protobuf/internal/service_reflection_test.py to service_reflection_test.pyc
byte-compiling build/bdist.linux-x86_64/egg/google/protobuf/internal/decoder.py to decoder.pyc
byte-compiling build/bdist.linux-x86_64/egg/google/protobuf/internal/message_listener.py to message_listener.pyc
byte-compiling build/bdist.linux-x86_64/egg/google/protobuf/internal/test_bad_identifiers_pb2.py to test_bad_identifiers_pb2.pyc
byte-compiling build/bdist.linux-x86_64/egg/google/protobuf/internal/factory_test1_pb2.py to factory_test1_pb2.pyc
byte-compiling build/bdist.linux-x86_64/egg/google/protobuf/internal/_parameterized.py to _parameterized.pyc
byte-compiling build/bdist.linux-x86_64/egg/google/protobuf/internal/missing_enum_values_pb2.py to missing_enum_values_pb2.pyc
byte-compiling build/bdist.linux-x86_64/egg/google/protobuf/internal/type_checkers.py to type_checkers.pyc
byte-compiling build/bdist.linux-x86_64/egg/google/protobuf/internal/containers.py to containers.pyc
byte-compiling build/bdist.linux-x86_64/egg/google/protobuf/internal/encoder.py to encoder.pyc
byte-compiling build/bdist.linux-x86_64/egg/google/protobuf/internal/test_util.py to test_util.pyc
byte-compiling build/bdist.linux-x86_64/egg/google/protobuf/internal/more_extensions_pb2.py to more_extensions_pb2.pyc
byte-compiling build/bdist.linux-x86_64/egg/google/protobuf/internal/text_encoding_test.py to text_encoding_test.pyc
byte-compiling build/bdist.linux-x86_64/egg/google/protobuf/internal/factory_test2_pb2.py to factory_test2_pb2.pyc
byte-compiling build/bdist.linux-x86_64/egg/google/protobuf/internal/enum_type_wrapper.py to enum_type_wrapper.pyc
byte-compiling build/bdist.linux-x86_64/egg/google/protobuf/internal/more_messages_pb2.py to more_messages_pb2.pyc
byte-compiling build/bdist.linux-x86_64/egg/google/protobuf/internal/__init__.py to __init__.pyc
byte-compiling build/bdist.linux-x86_64/egg/google/protobuf/internal/api_implementation.py to api_implementation.pyc
byte-compiling build/bdist.linux-x86_64/egg/google/protobuf/internal/proto_builder_test.py to proto_builder_test.pyc
byte-compiling build/bdist.linux-x86_64/egg/google/protobuf/symbol_database.py to symbol_database.pyc
byte-compiling build/bdist.linux-x86_64/egg/google/protobuf/descriptor_pool.py to descriptor_pool.pyc
byte-compiling build/bdist.linux-x86_64/egg/google/protobuf/compiler/plugin_pb2.py to plugin_pb2.pyc
byte-compiling build/bdist.linux-x86_64/egg/google/protobuf/compiler/__init__.py to __init__.pyc
byte-compiling build/bdist.linux-x86_64/egg/google/protobuf/service_reflection.py to service_reflection.pyc
byte-compiling build/bdist.linux-x86_64/egg/google/protobuf/descriptor_database.py to descriptor_database.pyc
byte-compiling build/bdist.linux-x86_64/egg/google/protobuf/unittest_pb2.py to unittest_pb2.pyc
byte-compiling build/bdist.linux-x86_64/egg/google/protobuf/text_format.py to text_format.pyc
byte-compiling build/bdist.linux-x86_64/egg/google/protobuf/descriptor.py to descriptor.pyc
byte-compiling build/bdist.linux-x86_64/egg/google/protobuf/message_factory.py to message_factory.pyc
byte-compiling build/bdist.linux-x86_64/egg/google/protobuf/unittest_import_public_pb2.py to unittest_import_public_pb2.pyc
byte-compiling build/bdist.linux-x86_64/egg/google/protobuf/unittest_no_generic_services_pb2.py to unittest_no_generic_services_pb2.pyc
byte-compiling build/bdist.linux-x86_64/egg/google/protobuf/descriptor_pb2.py to descriptor_pb2.pyc
byte-compiling build/bdist.linux-x86_64/egg/google/protobuf/service.py to service.pyc
byte-compiling build/bdist.linux-x86_64/egg/google/protobuf/proto_builder.py to proto_builder.pyc
byte-compiling build/bdist.linux-x86_64/egg/google/protobuf/unittest_proto3_arena_pb2.py to unittest_proto3_arena_pb2.pyc
byte-compiling build/bdist.linux-x86_64/egg/google/protobuf/unittest_mset_pb2.py to unittest_mset_pb2.pyc
byte-compiling build/bdist.linux-x86_64/egg/google/protobuf/pyext/python_pb2.py to python_pb2.pyc
byte-compiling build/bdist.linux-x86_64/egg/google/protobuf/pyext/cpp_message.py to cpp_message.pyc
byte-compiling build/bdist.linux-x86_64/egg/google/protobuf/pyext/__init__.py to __init__.pyc
byte-compiling build/bdist.linux-x86_64/egg/google/protobuf/__init__.py to __init__.pyc
byte-compiling build/bdist.linux-x86_64/egg/google/__init__.py to __init__.pyc
creating build/bdist.linux-x86_64/egg/EGG-INFO
copying protobuf.egg-info/PKG-INFO -> build/bdist.linux-x86_64/egg/EGG-INFO
copying protobuf.egg-info/SOURCES.txt -> build/bdist.linux-x86_64/egg/EGG-INFO
copying protobuf.egg-info/dependency_links.txt -> build/bdist.linux-x86_64/egg/EGG-INFO
copying protobuf.egg-info/namespace_packages.txt -> build/bdist.linux-x86_64/egg/EGG-INFO
copying protobuf.egg-info/requires.txt -> build/bdist.linux-x86_64/egg/EGG-INFO
copying protobuf.egg-info/top_level.txt -> build/bdist.linux-x86_64/egg/EGG-INFO
zip_safe flag not set; analyzing archive contents...
creating dist
creating 'dist/protobuf-3.0.0a2-py2.7.egg' and adding 'build/bdist.linux-x86_64/egg' to it
removing 'build/bdist.linux-x86_64/egg' (and everything under it)
Processing protobuf-3.0.0a2-py2.7.egg
Copying protobuf-3.0.0a2-py2.7.egg to /home/hargup/anaconda/envs/_build/lib/python2.7/site-packages
Adding protobuf 3.0.0a2 to easy-install.pth file

Installed /home/hargup/anaconda/envs/_build/lib/python2.7/site-packages/protobuf-3.0.0a2-py2.7.egg
Processing dependencies for protobuf==3.0.0a2
Searching for setuptools==16.0
Best match: setuptools 16.0
Processing setuptools-16.0-py2.7.egg
Adding setuptools 16.0 to easy-install.pth file
Installing easy_install script to /home/hargup/anaconda/envs/_build/bin
Installing easy_install-2.7 script to /home/hargup/anaconda/envs/_build/bin

Using /home/hargup/anaconda/envs/_build/lib/python2.7/site-packages/setuptools-16.0-py2.7.egg
Finished processing dependencies for protobuf==3.0.0a2

The following NEW packages will be INSTALLED:

    openssl:    1.0.1k-1    
    pip:        6.1.1-py27_0
    python:     2.7.9-3     
    readline:   6.2-2       
    setuptools: 16.0-py27_0 
    sqlite:     3.8.4.1-1   
    system:     5.8-2       
    tk:         8.5.18-0    
    zlib:       1.2.8-0     

Linking packages ...
[                    ]|                                                  |   0%[openssl             ]|                                                  |   0%[readline            ]|#####                                             |  11%[sqlite              ]|###########                                       |  22%[system              ]|################                                  |  33%[tk                  ]|######################                            |  44%[zlib                ]|###########################                       |  55%[python              ]|#################################                 |  66%[setuptools          ]|######################################            |  77%[pip                 ]|############################################      |  88%[      COMPLETE      ]|##################################################| 100%
Removing old work directory
Source cache directory is: /home/hargup/anaconda/conda-bld/src_cache
Found source in cache: protobuf-3.0.0a2.tar.gz
Extracting download
Package: protobuf-3.0.0a2-py27_0
source tree in: /home/hargup/anaconda/conda-bld/work/protobuf-3.0.0a2
found egg: /home/hargup/anaconda/envs/_build/lib/python2.7/site-packages/protobuf-3.0.0a2-py2.7.egg
number of files: 2
Fixing permissions
Fixing permissions
BUILD END: protobuf-3.0.0a2-py27_0
TEST START: protobuf-3.0.0a2-py27_0
Fetching package metadata: ........
Solving package specifications: .
The following packages will be downloaded:

    package                    |            build
    ---------------------------|-----------------
    protobuf-3.0.0a2           |           py27_0         489 KB

The following NEW packages will be INSTALLED:

    openssl:    1.0.1k-1      
    pip:        6.1.1-py27_0  
    protobuf:   3.0.0a2-py27_0
    python:     2.7.9-3       
    readline:   6.2-2         
    setuptools: 16.0-py27_0   
    sqlite:     3.8.4.1-1     
    system:     5.8-2         
    tk:         8.5.18-0      
    zlib:       1.2.8-0       

Fetching packages ...
protobuf-3.0.0   0% |                              | ETA:  --:--:--   0.00  B/sprotobuf-3.0.0   3% |#                              | ETA:  0:00:00  48.50 MB/sprotobuf-3.0.0   6% |##                             | ETA:  0:00:00  63.02 MB/sprotobuf-3.0.0   9% |###                            | ETA:  0:00:00  72.18 MB/sprotobuf-3.0.0  13% |####                           | ETA:  0:00:00  77.94 MB/sprotobuf-3.0.0  16% |#####                          | ETA:  0:00:00  82.08 MB/sprotobuf-3.0.0  19% |######                         | ETA:  0:00:00  85.19 MB/sprotobuf-3.0.0  22% |#######                        | ETA:  0:00:00  87.49 MB/sprotobuf-3.0.0  26% |########                       | ETA:  0:00:00  89.48 MB/sprotobuf-3.0.0  29% |#########                      | ETA:  0:00:00  91.09 MB/sprotobuf-3.0.0  32% |##########                     | ETA:  0:00:00  90.92 MB/sprotobuf-3.0.0  36% |###########                    | ETA:  0:00:00  91.95 MB/sprotobuf-3.0.0  39% |############                   | ETA:  0:00:00  93.09 MB/sprotobuf-3.0.0  42% |#############                  | ETA:  0:00:00  94.13 MB/sprotobuf-3.0.0  45% |##############                 | ETA:  0:00:00  94.98 MB/sprotobuf-3.0.0  49% |###############                | ETA:  0:00:00  95.82 MB/sprotobuf-3.0.0  52% |################               | ETA:  0:00:00  96.52 MB/sprotobuf-3.0.0  55% |#################              | ETA:  0:00:00  97.15 MB/sprotobuf-3.0.0  58% |##################             | ETA:  0:00:00  97.72 MB/sprotobuf-3.0.0  62% |###################            | ETA:  0:00:00  98.24 MB/sprotobuf-3.0.0  65% |####################           | ETA:  0:00:00  98.70 MB/sprotobuf-3.0.0  68% |#####################          | ETA:  0:00:00  99.10 MB/sprotobuf-3.0.0  72% |######################         | ETA:  0:00:00  99.52 MB/sprotobuf-3.0.0  75% |#######################        | ETA:  0:00:00  99.88 MB/sprotobuf-3.0.0  78% |########################       | ETA:  0:00:00 100.24 MB/sprotobuf-3.0.0  81% |#########################      | ETA:  0:00:00 100.49 MB/sprotobuf-3.0.0  85% |##########################     | ETA:  0:00:00 100.80 MB/sprotobuf-3.0.0  88% |###########################    | ETA:  0:00:00 101.09 MB/sprotobuf-3.0.0  91% |############################   | ETA:  0:00:00 101.34 MB/sprotobuf-3.0.0  94% |#############################  | ETA:  0:00:00 101.59 MB/sprotobuf-3.0.0  98% |############################## | ETA:  0:00:00 101.81 MB/sprotobuf-3.0.0 100% |###############################| ETA:  0:00:00 100.85 MB/sprotobuf-3.0.0 100% |###############################| Time: 0:00:00  97.49 MB/s
Extracting packages ...
[      COMPLETE      ]|                                                  |   0%[protobuf            ]|                                                  |   0%[protobuf            ]|                                                  |   0%[      COMPLETE      ]|##################################################| 100%
Linking packages ...
[      COMPLETE      ]|                                                  |   0%[openssl             ]|                                                  |   0%[openssl             ]|                                                  |   0%[readline            ]|#####                                             |  10%[sqlite              ]|##########                                        |  20%[system              ]|###############                                   |  30%[tk               ===== testing package: protobuf-3.0.0a2-py27_0 =====
import: u'google'
import: u'google.protobuf'
import: u'google.protobuf.compiler'
import: u'google.protobuf.internal'
import: u'google.protobuf.internal.import_test_package'
import: u'google.protobuf.pyext'
import: u'protobuf'
Traceback (most recent call last):
  File "/home/hargup/anaconda/conda-bld/test-tmp_dir/run_test.py", line 43, in <module>
    import protobuf
ImportError: No module named protobuf
   ]|####################                              |  40%[zlib                ]|#########################                         |  50%[python              ]|##############################                    |  60%[setuptools          ]|###################################               |  70%[pip                 ]|########################################          |  80%[protobuf            ]|#############################################     |  90%[      COMPLETE      ]|##################################################| 100%
TESTS FAILED: protobuf-3.0.0a2-py27_0
