There was an error importing jinja2.
Please run `conda install jinja2` to enable jinja template support
Removing old build directory
Removing old work directory
BUILD START: pypdf-1.13-py27_0
Fetching package metadata: ......
Solving package specifications: .There was an error importing jinja2.
Please run `conda install jinja2` to enable jinja template support
+ /home/ubuntu/miniconda/envs/_build/bin/python setup.py install
running install
running build
running build_py
creating build
creating build/lib
creating build/lib/pyPdf
copying pyPdf/generic.py -> build/lib/pyPdf
copying pyPdf/utils.py -> build/lib/pyPdf
copying pyPdf/filters.py -> build/lib/pyPdf
copying pyPdf/__init__.py -> build/lib/pyPdf
copying pyPdf/xmp.py -> build/lib/pyPdf
copying pyPdf/pdf.py -> build/lib/pyPdf
running install_lib
creating /home/ubuntu/miniconda/envs/_build/lib/python2.7/site-packages/pyPdf
copying build/lib/pyPdf/generic.py -> /home/ubuntu/miniconda/envs/_build/lib/python2.7/site-packages/pyPdf
copying build/lib/pyPdf/utils.py -> /home/ubuntu/miniconda/envs/_build/lib/python2.7/site-packages/pyPdf
copying build/lib/pyPdf/filters.py -> /home/ubuntu/miniconda/envs/_build/lib/python2.7/site-packages/pyPdf
copying build/lib/pyPdf/__init__.py -> /home/ubuntu/miniconda/envs/_build/lib/python2.7/site-packages/pyPdf
copying build/lib/pyPdf/xmp.py -> /home/ubuntu/miniconda/envs/_build/lib/python2.7/site-packages/pyPdf
copying build/lib/pyPdf/pdf.py -> /home/ubuntu/miniconda/envs/_build/lib/python2.7/site-packages/pyPdf
byte-compiling /home/ubuntu/miniconda/envs/_build/lib/python2.7/site-packages/pyPdf/generic.py to generic.pyc
byte-compiling /home/ubuntu/miniconda/envs/_build/lib/python2.7/site-packages/pyPdf/utils.py to utils.pyc
byte-compiling /home/ubuntu/miniconda/envs/_build/lib/python2.7/site-packages/pyPdf/filters.py to filters.pyc
byte-compiling /home/ubuntu/miniconda/envs/_build/lib/python2.7/site-packages/pyPdf/__init__.py to __init__.pyc
byte-compiling /home/ubuntu/miniconda/envs/_build/lib/python2.7/site-packages/pyPdf/xmp.py to xmp.pyc
byte-compiling /home/ubuntu/miniconda/envs/_build/lib/python2.7/site-packages/pyPdf/pdf.py to pdf.pyc
running install_egg_info
Writing /home/ubuntu/miniconda/envs/_build/lib/python2.7/site-packages/pyPdf-1.13-py2.7.egg-info

The following NEW packages will be INSTALLED:

    openssl:    1.0.1k-1    
    pip:        6.1.1-py27_0
    python:     2.7.9-3     
    readline:   6.2-2       
    setuptools: 16.0-py27_0 
    sqlite:     3.8.4.1-1   
    system:     5.8-2       
    tk:         8.5.18-0    
    zlib:       1.2.8-0     

Linking packages ...
[                    ]|                                                  |   0%[openssl             ]|                                                  |   0%[readline            ]|#####                                             |  11%[sqlite              ]|###########                                       |  22%[system              ]|################                                  |  33%[tk                  ]|######################                            |  44%[zlib                ]|###########################                       |  55%[python              ]|#################################                 |  66%[setuptools          ]|######################################            |  77%[pip                 ]|############################################      |  88%[      COMPLETE      ]|##################################################| 100%
Removing old work directory
Source cache directory is: /home/ubuntu/miniconda/conda-bld/src_cache
Found source in cache: pyPdf-1.13.tar.gz
Extracting download
Package: pypdf-1.13-py27_0
source tree in: /home/ubuntu/miniconda/conda-bld/work/pyPdf-1.13
number of files: 13
Fixing permissions
Fixing permissions
BUILD END: pypdf-1.13-py27_0
TEST START: pypdf-1.13-py27_0
Fetching package metadata: ......
Solving package specifications: .===== testing package: pypdf-1.13-py27_0 =====
import: u'pyPdf'
import: u'pypdf'
Traceback (most recent call last):
  File "/home/ubuntu/miniconda/conda-bld/test-tmp_dir/run_test.py", line 28, in <module>
    import pypdf
ImportError: No module named pypdf

The following packages will be downloaded:

    package                    |            build
    ---------------------------|-----------------
    pypdf-1.13                 |           py27_0          53 KB

The following NEW packages will be INSTALLED:

    openssl:    1.0.1k-1    
    pip:        6.1.1-py27_0
    pypdf:      1.13-py27_0 
    python:     2.7.9-3     
    readline:   6.2-2       
    setuptools: 16.0-py27_0 
    sqlite:     3.8.4.1-1   
    system:     5.8-2       
    tk:         8.5.18-0    
    zlib:       1.2.8-0     

Fetching packages ...
pypdf-1.13-py2   0% |                              | ETA:  --:--:--   0.00  B/spypdf-1.13-py2  30% |#########                      | ETA:  0:00:00  44.89 MB/spypdf-1.13-py2  60% |##################             | ETA:  0:00:00  57.29 MB/spypdf-1.13-py2  90% |###########################    | ETA:  0:00:00  64.67 MB/spypdf-1.13-py2 100% |###############################| ETA:  0:00:00  59.49 MB/spypdf-1.13-py2 100% |###############################| Time: 0:00:00  48.23 MB/s
Extracting packages ...
[      COMPLETE      ]|                                                  |   0%[pypdf               ]|                                                  |   0%[pypdf               ]|                                                  |   0%[      COMPLETE      ]|##################################################| 100%
Linking packages ...
[      COMPLETE      ]|                                                  |   0%[openssl             ]|                                                  |   0%[openssl             ]|                                                  |   0%[readline            ]|#####                                             |  10%[sqlite              ]|##########                                        |  20%[system              ]|###############                                   |  30%[tk                  ]|####################                              |  40%[zlib                ]|#########################                         |  50%[pypdf               ]|##############################                    |  60%[python              ]|###################################               |  70%[setuptools          ]|########################################          |  80%[pip                 ]|#############################################     |  90%[      COMPLETE      ]|##################################################| 100%
TESTS FAILED: pypdf-1.13-py27_0
