Removing old build directory
Removing old work directory
BUILD START: pyscss-1.3.4-py27_0
Fetching package metadata: ......
Solving package specifications: .+ /home/ubuntu/miniconda/envs/_build/bin/python setup.py install
running install
running bdist_egg
running egg_info
writing requirements to pyScss.egg-info/requires.txt
writing pyScss.egg-info/PKG-INFO
writing top-level names to pyScss.egg-info/top_level.txt
writing dependency_links to pyScss.egg-info/dependency_links.txt
writing entry points to pyScss.egg-info/entry_points.txt
reading manifest file 'pyScss.egg-info/SOURCES.txt'
reading manifest template 'MANIFEST.in'
writing manifest file 'pyScss.egg-info/SOURCES.txt'
installing library code to build/bdist.linux-x86_64/egg
running install_lib
running build_py
creating build
creating build/lib.linux-x86_64-2.7
creating build/lib.linux-x86_64-2.7/scss
copying scss/legacy.py -> build/lib.linux-x86_64-2.7/scss
copying scss/cssdefs.py -> build/lib.linux-x86_64-2.7/scss
copying scss/__main__.py -> build/lib.linux-x86_64-2.7/scss
copying scss/errors.py -> build/lib.linux-x86_64-2.7/scss
copying scss/types.py -> build/lib.linux-x86_64-2.7/scss
copying scss/config.py -> build/lib.linux-x86_64-2.7/scss
copying scss/compiler.py -> build/lib.linux-x86_64-2.7/scss
copying scss/sourcemap.py -> build/lib.linux-x86_64-2.7/scss
copying scss/setup.py -> build/lib.linux-x86_64-2.7/scss
copying scss/selector.py -> build/lib.linux-x86_64-2.7/scss
copying scss/source.py -> build/lib.linux-x86_64-2.7/scss
copying scss/util.py -> build/lib.linux-x86_64-2.7/scss
copying scss/namespace.py -> build/lib.linux-x86_64-2.7/scss
copying scss/ast.py -> build/lib.linux-x86_64-2.7/scss
copying scss/__init__.py -> build/lib.linux-x86_64-2.7/scss
copying scss/tool.py -> build/lib.linux-x86_64-2.7/scss
copying scss/calculator.py -> build/lib.linux-x86_64-2.7/scss
copying scss/scss_meta.py -> build/lib.linux-x86_64-2.7/scss
copying scss/rule.py -> build/lib.linux-x86_64-2.7/scss
creating build/lib.linux-x86_64-2.7/scss/extension
copying scss/extension/api.py -> build/lib.linux-x86_64-2.7/scss/extension
copying scss/extension/bootstrap.py -> build/lib.linux-x86_64-2.7/scss/extension
copying scss/extension/__init__.py -> build/lib.linux-x86_64-2.7/scss/extension
copying scss/extension/fonts.py -> build/lib.linux-x86_64-2.7/scss/extension
copying scss/extension/extra.py -> build/lib.linux-x86_64-2.7/scss/extension
copying scss/extension/core.py -> build/lib.linux-x86_64-2.7/scss/extension
creating build/lib.linux-x86_64-2.7/scss/extension/compass
copying scss/extension/compass/layouts.py -> build/lib.linux-x86_64-2.7/scss/extension/compass
copying scss/extension/compass/configuration.py -> build/lib.linux-x86_64-2.7/scss/extension/compass
copying scss/extension/compass/sprites.py -> build/lib.linux-x86_64-2.7/scss/extension/compass
copying scss/extension/compass/__init__.py -> build/lib.linux-x86_64-2.7/scss/extension/compass
copying scss/extension/compass/gradients.py -> build/lib.linux-x86_64-2.7/scss/extension/compass
copying scss/extension/compass/helpers.py -> build/lib.linux-x86_64-2.7/scss/extension/compass
copying scss/extension/compass/images.py -> build/lib.linux-x86_64-2.7/scss/extension/compass
creating build/lib.linux-x86_64-2.7/scss/grammar
copying scss/grammar/scanner.py -> build/lib.linux-x86_64-2.7/scss/grammar
copying scss/grammar/expression.py -> build/lib.linux-x86_64-2.7/scss/grammar
copying scss/grammar/__init__.py -> build/lib.linux-x86_64-2.7/scss/grammar
running build_ext
building 'scss.grammar._scanner' extension
creating build/temp.linux-x86_64-2.7
creating build/temp.linux-x86_64-2.7/scss
creating build/temp.linux-x86_64-2.7/scss/src
gcc -pthread -fno-strict-aliasing -g -O2 -DNDEBUG -g -fwrapv -O3 -Wall -Wstrict-prototypes -fPIC -I/home/ubuntu/miniconda/envs/_build/include/python2.7 -c scss/src/_speedups.c -o build/temp.linux-x86_64-2.7/scss/src/_speedups.o
In file included from scss/src/_speedups.c:14:0:
scss/src/scanner.h:17:18: fatal error: pcre.h: No such file or directory
 #include <pcre.h>
                  ^
compilation terminated.
==========================================================================
WARNING: The C extension could not be compiled, speedups are not enabled.
Failure information, if any, is above.
Retrying the build without the C extension now.

running install
running bdist_egg
running egg_info
writing requirements to pyScss.egg-info/requires.txt
writing pyScss.egg-info/PKG-INFO
writing top-level names to pyScss.egg-info/top_level.txt
writing dependency_links to pyScss.egg-info/dependency_links.txt
writing entry points to pyScss.egg-info/entry_points.txt
reading manifest file 'pyScss.egg-info/SOURCES.txt'
reading manifest template 'MANIFEST.in'
writing manifest file 'pyScss.egg-info/SOURCES.txt'
installing library code to build/bdist.linux-x86_64/egg
running install_lib
running build_py
creating build/lib
creating build/lib/scss
copying scss/legacy.py -> build/lib/scss
copying scss/cssdefs.py -> build/lib/scss
copying scss/__main__.py -> build/lib/scss
copying scss/errors.py -> build/lib/scss
copying scss/types.py -> build/lib/scss
copying scss/config.py -> build/lib/scss
copying scss/compiler.py -> build/lib/scss
copying scss/sourcemap.py -> build/lib/scss
copying scss/setup.py -> build/lib/scss
copying scss/selector.py -> build/lib/scss
copying scss/source.py -> build/lib/scss
copying scss/util.py -> build/lib/scss
copying scss/namespace.py -> build/lib/scss
copying scss/ast.py -> build/lib/scss
copying scss/__init__.py -> build/lib/scss
copying scss/tool.py -> build/lib/scss
copying scss/calculator.py -> build/lib/scss
copying scss/scss_meta.py -> build/lib/scss
copying scss/rule.py -> build/lib/scss
creating build/lib/scss/extension
copying scss/extension/api.py -> build/lib/scss/extension
copying scss/extension/bootstrap.py -> build/lib/scss/extension
copying scss/extension/__init__.py -> build/lib/scss/extension
copying scss/extension/fonts.py -> build/lib/scss/extension
copying scss/extension/extra.py -> build/lib/scss/extension
copying scss/extension/core.py -> build/lib/scss/extension
creating build/lib/scss/extension/compass
copying scss/extension/compass/layouts.py -> build/lib/scss/extension/compass
copying scss/extension/compass/configuration.py -> build/lib/scss/extension/compass
copying scss/extension/compass/sprites.py -> build/lib/scss/extension/compass
copying scss/extension/compass/__init__.py -> build/lib/scss/extension/compass
copying scss/extension/compass/gradients.py -> build/lib/scss/extension/compass
copying scss/extension/compass/helpers.py -> build/lib/scss/extension/compass
copying scss/extension/compass/images.py -> build/lib/scss/extension/compass
creating build/lib/scss/grammar
copying scss/grammar/scanner.py -> build/lib/scss/grammar
copying scss/grammar/expression.py -> build/lib/scss/grammar
copying scss/grammar/__init__.py -> build/lib/scss/grammar
creating build/bdist.linux-x86_64
creating build/bdist.linux-x86_64/egg
creating build/bdist.linux-x86_64/egg/scss
copying build/lib/scss/legacy.py -> build/bdist.linux-x86_64/egg/scss
copying build/lib/scss/cssdefs.py -> build/bdist.linux-x86_64/egg/scss
copying build/lib/scss/__main__.py -> build/bdist.linux-x86_64/egg/scss
creating build/bdist.linux-x86_64/egg/scss/extension
copying build/lib/scss/extension/api.py -> build/bdist.linux-x86_64/egg/scss/extension
copying build/lib/scss/extension/bootstrap.py -> build/bdist.linux-x86_64/egg/scss/extension
copying build/lib/scss/extension/__init__.py -> build/bdist.linux-x86_64/egg/scss/extension
creating build/bdist.linux-x86_64/egg/scss/extension/compass
copying build/lib/scss/extension/compass/layouts.py -> build/bdist.linux-x86_64/egg/scss/extension/compass
copying build/lib/scss/extension/compass/configuration.py -> build/bdist.linux-x86_64/egg/scss/extension/compass
copying build/lib/scss/extension/compass/sprites.py -> build/bdist.linux-x86_64/egg/scss/extension/compass
copying build/lib/scss/extension/compass/__init__.py -> build/bdist.linux-x86_64/egg/scss/extension/compass
copying build/lib/scss/extension/compass/gradients.py -> build/bdist.linux-x86_64/egg/scss/extension/compass
copying build/lib/scss/extension/compass/helpers.py -> build/bdist.linux-x86_64/egg/scss/extension/compass
copying build/lib/scss/extension/compass/images.py -> build/bdist.linux-x86_64/egg/scss/extension/compass
copying build/lib/scss/extension/fonts.py -> build/bdist.linux-x86_64/egg/scss/extension
copying build/lib/scss/extension/extra.py -> build/bdist.linux-x86_64/egg/scss/extension
copying build/lib/scss/extension/core.py -> build/bdist.linux-x86_64/egg/scss/extension
copying build/lib/scss/errors.py -> build/bdist.linux-x86_64/egg/scss
copying build/lib/scss/types.py -> build/bdist.linux-x86_64/egg/scss
copying build/lib/scss/config.py -> build/bdist.linux-x86_64/egg/scss
copying build/lib/scss/compiler.py -> build/bdist.linux-x86_64/egg/scss
copying build/lib/scss/sourcemap.py -> build/bdist.linux-x86_64/egg/scss
copying build/lib/scss/setup.py -> build/bdist.linux-x86_64/egg/scss
copying build/lib/scss/selector.py -> build/bdist.linux-x86_64/egg/scss
creating build/bdist.linux-x86_64/egg/scss/grammar
copying build/lib/scss/grammar/scanner.py -> build/bdist.linux-x86_64/egg/scss/grammar
copying build/lib/scss/grammar/expression.py -> build/bdist.linux-x86_64/egg/scss/grammar
copying build/lib/scss/grammar/__init__.py -> build/bdist.linux-x86_64/egg/scss/grammar
copying build/lib/scss/source.py -> build/bdist.linux-x86_64/egg/scss
copying build/lib/scss/util.py -> build/bdist.linux-x86_64/egg/scss
copying build/lib/scss/namespace.py -> build/bdist.linux-x86_64/egg/scss
copying build/lib/scss/ast.py -> build/bdist.linux-x86_64/egg/scss
copying build/lib/scss/__init__.py -> build/bdist.linux-x86_64/egg/scss
copying build/lib/scss/tool.py -> build/bdist.linux-x86_64/egg/scss
copying build/lib/scss/calculator.py -> build/bdist.linux-x86_64/egg/scss
copying build/lib/scss/scss_meta.py -> build/bdist.linux-x86_64/egg/scss
copying build/lib/scss/rule.py -> build/bdist.linux-x86_64/egg/scss
byte-compiling build/bdist.linux-x86_64/egg/scss/legacy.py to legacy.pyc
byte-compiling build/bdist.linux-x86_64/egg/scss/cssdefs.py to cssdefs.pyc
byte-compiling build/bdist.linux-x86_64/egg/scss/__main__.py to __main__.pyc
byte-compiling build/bdist.linux-x86_64/egg/scss/extension/api.py to api.pyc
byte-compiling build/bdist.linux-x86_64/egg/scss/extension/bootstrap.py to bootstrap.pyc
byte-compiling build/bdist.linux-x86_64/egg/scss/extension/__init__.py to __init__.pyc
byte-compiling build/bdist.linux-x86_64/egg/scss/extension/compass/layouts.py to layouts.pyc
byte-compiling build/bdist.linux-x86_64/egg/scss/extension/compass/configuration.py to configuration.pyc
byte-compiling build/bdist.linux-x86_64/egg/scss/extension/compass/sprites.py to sprites.pyc
byte-compiling build/bdist.linux-x86_64/egg/scss/extension/compass/__init__.py to __init__.pyc
byte-compiling build/bdist.linux-x86_64/egg/scss/extension/compass/gradients.py to gradients.pyc
byte-compiling build/bdist.linux-x86_64/egg/scss/extension/compass/helpers.py to helpers.pyc
byte-compiling build/bdist.linux-x86_64/egg/scss/extension/compass/images.py to images.pyc
byte-compiling build/bdist.linux-x86_64/egg/scss/extension/fonts.py to fonts.pyc
byte-compiling build/bdist.linux-x86_64/egg/scss/extension/extra.py to extra.pyc
byte-compiling build/bdist.linux-x86_64/egg/scss/extension/core.py to core.pyc
byte-compiling build/bdist.linux-x86_64/egg/scss/errors.py to errors.pyc
byte-compiling build/bdist.linux-x86_64/egg/scss/types.py to types.pyc
byte-compiling build/bdist.linux-x86_64/egg/scss/config.py to config.pyc
byte-compiling build/bdist.linux-x86_64/egg/scss/compiler.py to compiler.pyc
byte-compiling build/bdist.linux-x86_64/egg/scss/sourcemap.py to sourcemap.pyc
byte-compiling build/bdist.linux-x86_64/egg/scss/setup.py to setup.pyc
byte-compiling build/bdist.linux-x86_64/egg/scss/selector.py to selector.pyc
byte-compiling build/bdist.linux-x86_64/egg/scss/grammar/scanner.py to scanner.pyc
byte-compiling build/bdist.linux-x86_64/egg/scss/grammar/expression.py to expression.pyc
byte-compiling build/bdist.linux-x86_64/egg/scss/grammar/__init__.py to __init__.pyc
byte-compiling build/bdist.linux-x86_64/egg/scss/source.py to source.pyc
byte-compiling build/bdist.linux-x86_64/egg/scss/util.py to util.pyc
byte-compiling build/bdist.linux-x86_64/egg/scss/namespace.py to namespace.pyc
byte-compiling build/bdist.linux-x86_64/egg/scss/ast.py to ast.pyc
byte-compiling build/bdist.linux-x86_64/egg/scss/__init__.py to __init__.pyc
byte-compiling build/bdist.linux-x86_64/egg/scss/tool.py to tool.pyc
byte-compiling build/bdist.linux-x86_64/egg/scss/calculator.py to calculator.pyc
byte-compiling build/bdist.linux-x86_64/egg/scss/scss_meta.py to scss_meta.pyc
byte-compiling build/bdist.linux-x86_64/egg/scss/rule.py to rule.pyc
creating build/bdist.linux-x86_64/egg/EGG-INFO
copying pyScss.egg-info/PKG-INFO -> build/bdist.linux-x86_64/egg/EGG-INFO
copying pyScss.egg-info/SOURCES.txt -> build/bdist.linux-x86_64/egg/EGG-INFO
copying pyScss.egg-info/dependency_links.txt -> build/bdist.linux-x86_64/egg/EGG-INFO
copying pyScss.egg-info/entry_points.txt -> build/bdist.linux-x86_64/egg/EGG-INFO
copying pyScss.egg-info/requires.txt -> build/bdist.linux-x86_64/egg/EGG-INFO
copying pyScss.egg-info/top_level.txt -> build/bdist.linux-x86_64/egg/EGG-INFO
zip_safe flag not set; analyzing archive contents...
scss.util: module references __file__
scss.config: module references __file__
creating dist
creating 'dist/pyScss-1.3.4-py2.7.egg' and adding 'build/bdist.linux-x86_64/egg' to it
removing 'build/bdist.linux-x86_64/egg' (and everything under it)
Processing pyScss-1.3.4-py2.7.egg
creating /home/ubuntu/miniconda/envs/_build/lib/python2.7/site-packages/pyScss-1.3.4-py2.7.egg
Extracting pyScss-1.3.4-py2.7.egg to /home/ubuntu/miniconda/envs/_build/lib/python2.7/site-packages
Adding pyScss 1.3.4 to easy-install.pth file
Installing pyscss script to /home/ubuntu/miniconda/envs/_build/bin

Installed /home/ubuntu/miniconda/envs/_build/lib/python2.7/site-packages/pyScss-1.3.4-py2.7.egg
Processing dependencies for pyScss==1.3.4
Searching for pathlib==1.0.1
Best match: pathlib 1.0.1
Adding pathlib 1.0.1 to easy-install.pth file

Using /home/ubuntu/miniconda/envs/_build/lib/python2.7/site-packages
Searching for enum34==1.0.4
Best match: enum34 1.0.4
Adding enum34 1.0.4 to easy-install.pth file

Using /home/ubuntu/miniconda/envs/_build/lib/python2.7/site-packages
Searching for six==1.9.0
Best match: six 1.9.0
Adding six 1.9.0 to easy-install.pth file

Using /home/ubuntu/miniconda/envs/_build/lib/python2.7/site-packages
Finished processing dependencies for pyScss==1.3.4
==========================================================================
WARNING: The C extension could not be compiled, speedups are not enabled.
pyScss will still work fine, but may be slower.
The most likely cause is missing PCRE headers; you may need to install libpcre or libpcre-dev, depending on your platform.
Plain-Python installation succeeded.
==========================================================================

The following NEW packages will be INSTALLED:

    enum34:     1.0.4-py27_0
    openssl:    1.0.1k-1    
    pathlib:    1.0.1-py27_0
    pip:        6.1.1-py27_0
    python:     2.7.9-3     
    readline:   6.2-2       
    setuptools: 16.0-py27_0 
    six:        1.9.0-py27_0
    sqlite:     3.8.4.1-1   
    system:     5.8-2       
    tk:         8.5.18-0    
    zlib:       1.2.8-0     

Linking packages ...
[                    ]|                                                  |   0%[openssl             ]|                                                  |   0%[readline            ]|####                                              |   8%[sqlite              ]|########                                          |  16%[system              ]|############                                      |  25%[tk                  ]|################                                  |  33%[zlib                ]|####################                              |  41%[enum34              ]|#########################                         |  50%[pathlib             ]|#############################                     |  58%[python              ]|#################################                 |  66%[setuptools          ]|#####################################             |  75%[six                 ]|#########################################         |  83%[pip                 ]|#############################################     |  91%[      COMPLETE      ]|##################################################| 100%
Removing old work directory
Source cache directory is: /home/ubuntu/miniconda/conda-bld/src_cache
Found source in cache: pyScss-1.3.4.tar.gz
Extracting download
Package: pyscss-1.3.4-py27_0
source tree in: /home/ubuntu/miniconda/conda-bld/work/pyScss-1.3.4
number of files: 79
Fixing permissions
Detected hard-coded path in text file bin/pyscss
Fixing permissions
BUILD END: pyscss-1.3.4-py27_0
TEST START: pyscss-1.3.4-py27_0
Fetching package metadata: ......
Solving package specifications: .===== testing package: pyscss-1.3.4-py27_0 =====
import: u'pyscss'
Traceback (most recent call last):
  File "/home/ubuntu/miniconda/conda-bld/test-tmp_dir/run_test.py", line 25, in <module>
    import pyscss
ImportError: No module named pyscss

The following packages will be downloaded:

    package                    |            build
    ---------------------------|-----------------
    pyscss-1.3.4               |           py27_0         182 KB

The following NEW packages will be INSTALLED:

    enum34:     1.0.4-py27_0
    openssl:    1.0.1k-1    
    pathlib:    1.0.1-py27_0
    pip:        6.1.1-py27_0
    pyscss:     1.3.4-py27_0
    python:     2.7.9-3     
    readline:   6.2-2       
    setuptools: 16.0-py27_0 
    six:        1.9.0-py27_0
    sqlite:     3.8.4.1-1   
    system:     5.8-2       
    tk:         8.5.18-0    
    zlib:       1.2.8-0     

Fetching packages ...
pyscss-1.3.4-p   0% |                              | ETA:  --:--:--   0.00  B/spyscss-1.3.4-p   8% |##                             | ETA:  0:00:00  44.62 MB/spyscss-1.3.4-p  17% |#####                          | ETA:  0:00:00  56.98 MB/spyscss-1.3.4-p  26% |########                       | ETA:  0:00:00  60.30 MB/spyscss-1.3.4-p  35% |##########                     | ETA:  0:00:00  65.08 MB/spyscss-1.3.4-p  44% |#############                  | ETA:  0:00:00  68.66 MB/spyscss-1.3.4-p  52% |################               | ETA:  0:00:00  71.43 MB/spyscss-1.3.4-p  61% |###################            | ETA:  0:00:00  11.82 MB/spyscss-1.3.4-p  70% |#####################          | ETA:  0:00:00  13.24 MB/spyscss-1.3.4-p  79% |########################       | ETA:  0:00:00  14.62 MB/spyscss-1.3.4-p  88% |###########################    | ETA:  0:00:00  15.96 MB/spyscss-1.3.4-p  96% |############################## | ETA:  0:00:00  17.25 MB/spyscss-1.3.4-p 100% |###############################| ETA:  0:00:00  17.55 MB/spyscss-1.3.4-p 100% |###############################| Time: 0:00:00  17.17 MB/s
Extracting packages ...
[      COMPLETE      ]|                                                  |   0%[pyscss              ]|                                                  |   0%[pyscss              ]|                                                  |   0%[      COMPLETE      ]|##################################################| 100%
Linking packages ...
[      COMPLETE      ]|                                                  |   0%[openssl             ]|                                                  |   0%[openssl             ]|                                                  |   0%[readline            ]|###                                               |   7%[sqlite              ]|#######                                           |  15%[system              ]|###########                                       |  23%[tk                  ]|###############                                   |  30%[zlib                ]|###################                               |  38%[enum34              ]|#######################                           |  46%[pathlib             ]|##########################                        |  53%[python              ]|##############################                    |  61%[setuptools          ]|##################################                |  69%[six                 ]|######################################            |  76%[pip                 ]|##########################################        |  84%[pyscss              ]|##############################################    |  92%[      COMPLETE      ]|##################################################| 100%
TESTS FAILED: pyscss-1.3.4-py27_0
