Removing old build directory
Removing old work directory
BUILD START: pystache-0.5.4-py27_0
Fetching package metadata: ......
Solving package specifications: .+ /home/ubuntu/miniconda/envs/_build/bin/python setup.py install
pystache: using: version '16.0' of <module 'setuptools' from '/home/ubuntu/miniconda/envs/_build/lib/python2.7/site-packages/setuptools-16.0-py2.7.egg/setuptools/__init__.py'>
running install
running bdist_egg
running egg_info
writing pystache.egg-info/PKG-INFO
writing top-level names to pystache.egg-info/top_level.txt
writing dependency_links to pystache.egg-info/dependency_links.txt
writing entry points to pystache.egg-info/entry_points.txt
reading manifest file 'pystache.egg-info/SOURCES.txt'
reading manifest template 'MANIFEST.in'
writing manifest file 'pystache.egg-info/SOURCES.txt'
installing library code to build/bdist.linux-x86_64/egg
running install_lib
running build_py
creating build
creating build/lib
creating build/lib/pystache
copying pystache/renderengine.py -> build/lib/pystache
copying pystache/loader.py -> build/lib/pystache
copying pystache/specloader.py -> build/lib/pystache
copying pystache/parser.py -> build/lib/pystache
copying pystache/defaults.py -> build/lib/pystache
copying pystache/init.py -> build/lib/pystache
copying pystache/parsed.py -> build/lib/pystache
copying pystache/context.py -> build/lib/pystache
copying pystache/__init__.py -> build/lib/pystache
copying pystache/locator.py -> build/lib/pystache
copying pystache/common.py -> build/lib/pystache
copying pystache/renderer.py -> build/lib/pystache
copying pystache/template_spec.py -> build/lib/pystache
creating build/lib/pystache/commands
copying pystache/commands/render.py -> build/lib/pystache/commands
copying pystache/commands/__init__.py -> build/lib/pystache/commands
copying pystache/commands/test.py -> build/lib/pystache/commands
creating build/lib/pystache/tests
copying pystache/tests/test_pystache.py -> build/lib/pystache/tests
copying pystache/tests/test_context.py -> build/lib/pystache/tests
copying pystache/tests/test_locator.py -> build/lib/pystache/tests
copying pystache/tests/test_commands.py -> build/lib/pystache/tests
copying pystache/tests/test_renderer.py -> build/lib/pystache/tests
copying pystache/tests/test_renderengine.py -> build/lib/pystache/tests
copying pystache/tests/test_defaults.py -> build/lib/pystache/tests
copying pystache/tests/test_simple.py -> build/lib/pystache/tests
copying pystache/tests/test_loader.py -> build/lib/pystache/tests
copying pystache/tests/test___init__.py -> build/lib/pystache/tests
copying pystache/tests/benchmark.py -> build/lib/pystache/tests
copying pystache/tests/test_parser.py -> build/lib/pystache/tests
copying pystache/tests/test_examples.py -> build/lib/pystache/tests
copying pystache/tests/doctesting.py -> build/lib/pystache/tests
copying pystache/tests/main.py -> build/lib/pystache/tests
copying pystache/tests/__init__.py -> build/lib/pystache/tests
copying pystache/tests/test_specloader.py -> build/lib/pystache/tests
copying pystache/tests/common.py -> build/lib/pystache/tests
copying pystache/tests/spectesting.py -> build/lib/pystache/tests
creating build/lib/pystache/tests/data
copying pystache/tests/data/views.py -> build/lib/pystache/tests/data
copying pystache/tests/data/__init__.py -> build/lib/pystache/tests/data
creating build/lib/pystache/tests/data/locator
copying pystache/tests/data/locator/__init__.py -> build/lib/pystache/tests/data/locator
creating build/lib/pystache/tests/examples
copying pystache/tests/examples/nested_context.py -> build/lib/pystache/tests/examples
copying pystache/tests/examples/readme.py -> build/lib/pystache/tests/examples
copying pystache/tests/examples/escaped.py -> build/lib/pystache/tests/examples
copying pystache/tests/examples/template_partial.py -> build/lib/pystache/tests/examples
copying pystache/tests/examples/delimiters.py -> build/lib/pystache/tests/examples
copying pystache/tests/examples/partials_with_lambdas.py -> build/lib/pystache/tests/examples
copying pystache/tests/examples/__init__.py -> build/lib/pystache/tests/examples
copying pystache/tests/examples/comments.py -> build/lib/pystache/tests/examples
copying pystache/tests/examples/double_section.py -> build/lib/pystache/tests/examples
copying pystache/tests/examples/unicode_input.py -> build/lib/pystache/tests/examples
copying pystache/tests/examples/simple.py -> build/lib/pystache/tests/examples
copying pystache/tests/examples/lambdas.py -> build/lib/pystache/tests/examples
copying pystache/tests/examples/unicode_output.py -> build/lib/pystache/tests/examples
copying pystache/tests/examples/inverted.py -> build/lib/pystache/tests/examples
copying pystache/tests/examples/unescaped.py -> build/lib/pystache/tests/examples
copying pystache/tests/examples/complex.py -> build/lib/pystache/tests/examples
copying pystache/tests/data/duplicate.mustache -> build/lib/pystache/tests/data
copying pystache/tests/data/say_hello.mustache -> build/lib/pystache/tests/data
copying pystache/tests/data/ascii.mustache -> build/lib/pystache/tests/data
copying pystache/tests/data/sample_view.mustache -> build/lib/pystache/tests/data
copying pystache/tests/data/non_ascii.mustache -> build/lib/pystache/tests/data
copying pystache/tests/data/locator/duplicate.mustache -> build/lib/pystache/tests/data/locator
copying pystache/tests/data/locator/template.txt -> build/lib/pystache/tests/data/locator
copying pystache/tests/examples/lambdas.mustache -> build/lib/pystache/tests/examples
copying pystache/tests/examples/partial_in_partial.mustache -> build/lib/pystache/tests/examples
copying pystache/tests/examples/say_hello.mustache -> build/lib/pystache/tests/examples
copying pystache/tests/examples/simple.mustache -> build/lib/pystache/tests/examples
copying pystache/tests/examples/nested_context.mustache -> build/lib/pystache/tests/examples
copying pystache/tests/examples/escaped.mustache -> build/lib/pystache/tests/examples
copying pystache/tests/examples/unicode_output.mustache -> build/lib/pystache/tests/examples
copying pystache/tests/examples/comments.mustache -> build/lib/pystache/tests/examples
copying pystache/tests/examples/looping_partial.mustache -> build/lib/pystache/tests/examples
copying pystache/tests/examples/unicode_input.mustache -> build/lib/pystache/tests/examples
copying pystache/tests/examples/delimiters.mustache -> build/lib/pystache/tests/examples
copying pystache/tests/examples/tagless.mustache -> build/lib/pystache/tests/examples
copying pystache/tests/examples/template_partial.mustache -> build/lib/pystache/tests/examples
copying pystache/tests/examples/unescaped.mustache -> build/lib/pystache/tests/examples
copying pystache/tests/examples/complex.mustache -> build/lib/pystache/tests/examples
copying pystache/tests/examples/partial_with_lambda.mustache -> build/lib/pystache/tests/examples
copying pystache/tests/examples/partial_with_partial_and_lambda.mustache -> build/lib/pystache/tests/examples
copying pystache/tests/examples/inverted.mustache -> build/lib/pystache/tests/examples
copying pystache/tests/examples/double_section.mustache -> build/lib/pystache/tests/examples
copying pystache/tests/examples/inner_partial.mustache -> build/lib/pystache/tests/examples
copying pystache/tests/examples/template_partial.txt -> build/lib/pystache/tests/examples
copying pystache/tests/examples/inner_partial.txt -> build/lib/pystache/tests/examples
creating build/bdist.linux-x86_64
creating build/bdist.linux-x86_64/egg
creating build/bdist.linux-x86_64/egg/pystache
copying build/lib/pystache/renderengine.py -> build/bdist.linux-x86_64/egg/pystache
copying build/lib/pystache/loader.py -> build/bdist.linux-x86_64/egg/pystache
copying build/lib/pystache/specloader.py -> build/bdist.linux-x86_64/egg/pystache
copying build/lib/pystache/parser.py -> build/bdist.linux-x86_64/egg/pystache
copying build/lib/pystache/defaults.py -> build/bdist.linux-x86_64/egg/pystache
copying build/lib/pystache/init.py -> build/bdist.linux-x86_64/egg/pystache
creating build/bdist.linux-x86_64/egg/pystache/tests
copying build/lib/pystache/tests/test_pystache.py -> build/bdist.linux-x86_64/egg/pystache/tests
copying build/lib/pystache/tests/test_context.py -> build/bdist.linux-x86_64/egg/pystache/tests
copying build/lib/pystache/tests/test_locator.py -> build/bdist.linux-x86_64/egg/pystache/tests
copying build/lib/pystache/tests/test_commands.py -> build/bdist.linux-x86_64/egg/pystache/tests
copying build/lib/pystache/tests/test_renderer.py -> build/bdist.linux-x86_64/egg/pystache/tests
copying build/lib/pystache/tests/test_renderengine.py -> build/bdist.linux-x86_64/egg/pystache/tests
copying build/lib/pystache/tests/test_defaults.py -> build/bdist.linux-x86_64/egg/pystache/tests
creating build/bdist.linux-x86_64/egg/pystache/tests/examples
copying build/lib/pystache/tests/examples/nested_context.py -> build/bdist.linux-x86_64/egg/pystache/tests/examples
copying build/lib/pystache/tests/examples/template_partial.txt -> build/bdist.linux-x86_64/egg/pystache/tests/examples
copying build/lib/pystache/tests/examples/readme.py -> build/bdist.linux-x86_64/egg/pystache/tests/examples
copying build/lib/pystache/tests/examples/escaped.py -> build/bdist.linux-x86_64/egg/pystache/tests/examples
copying build/lib/pystache/tests/examples/lambdas.mustache -> build/bdist.linux-x86_64/egg/pystache/tests/examples
copying build/lib/pystache/tests/examples/partial_in_partial.mustache -> build/bdist.linux-x86_64/egg/pystache/tests/examples
copying build/lib/pystache/tests/examples/say_hello.mustache -> build/bdist.linux-x86_64/egg/pystache/tests/examples
copying build/lib/pystache/tests/examples/simple.mustache -> build/bdist.linux-x86_64/egg/pystache/tests/examples
copying build/lib/pystache/tests/examples/nested_context.mustache -> build/bdist.linux-x86_64/egg/pystache/tests/examples
copying build/lib/pystache/tests/examples/escaped.mustache -> build/bdist.linux-x86_64/egg/pystache/tests/examples
copying build/lib/pystache/tests/examples/template_partial.py -> build/bdist.linux-x86_64/egg/pystache/tests/examples
copying build/lib/pystache/tests/examples/unicode_output.mustache -> build/bdist.linux-x86_64/egg/pystache/tests/examples
copying build/lib/pystache/tests/examples/comments.mustache -> build/bdist.linux-x86_64/egg/pystache/tests/examples
copying build/lib/pystache/tests/examples/looping_partial.mustache -> build/bdist.linux-x86_64/egg/pystache/tests/examples
copying build/lib/pystache/tests/examples/delimiters.py -> build/bdist.linux-x86_64/egg/pystache/tests/examples
copying build/lib/pystache/tests/examples/unicode_input.mustache -> build/bdist.linux-x86_64/egg/pystache/tests/examples
copying build/lib/pystache/tests/examples/inner_partial.txt -> build/bdist.linux-x86_64/egg/pystache/tests/examples
copying build/lib/pystache/tests/examples/delimiters.mustache -> build/bdist.linux-x86_64/egg/pystache/tests/examples
copying build/lib/pystache/tests/examples/partials_with_lambdas.py -> build/bdist.linux-x86_64/egg/pystache/tests/examples
copying build/lib/pystache/tests/examples/__init__.py -> build/bdist.linux-x86_64/egg/pystache/tests/examples
copying build/lib/pystache/tests/examples/comments.py -> build/bdist.linux-x86_64/egg/pystache/tests/examples
copying build/lib/pystache/tests/examples/tagless.mustache -> build/bdist.linux-x86_64/egg/pystache/tests/examples
copying build/lib/pystache/tests/examples/template_partial.mustache -> build/bdist.linux-x86_64/egg/pystache/tests/examples
copying build/lib/pystache/tests/examples/unescaped.mustache -> build/bdist.linux-x86_64/egg/pystache/tests/examples
copying build/lib/pystache/tests/examples/complex.mustache -> build/bdist.linux-x86_64/egg/pystache/tests/examples
copying build/lib/pystache/tests/examples/double_section.py -> build/bdist.linux-x86_64/egg/pystache/tests/examples
copying build/lib/pystache/tests/examples/partial_with_lambda.mustache -> build/bdist.linux-x86_64/egg/pystache/tests/examples
copying build/lib/pystache/tests/examples/unicode_input.py -> build/bdist.linux-x86_64/egg/pystache/tests/examples
copying build/lib/pystache/tests/examples/partial_with_partial_and_lambda.mustache -> build/bdist.linux-x86_64/egg/pystache/tests/examples
copying build/lib/pystache/tests/examples/inverted.mustache -> build/bdist.linux-x86_64/egg/pystache/tests/examples
copying build/lib/pystache/tests/examples/simple.py -> build/bdist.linux-x86_64/egg/pystache/tests/examples
copying build/lib/pystache/tests/examples/lambdas.py -> build/bdist.linux-x86_64/egg/pystache/tests/examples
copying build/lib/pystache/tests/examples/double_section.mustache -> build/bdist.linux-x86_64/egg/pystache/tests/examples
copying build/lib/pystache/tests/examples/unicode_output.py -> build/bdist.linux-x86_64/egg/pystache/tests/examples
copying build/lib/pystache/tests/examples/inner_partial.mustache -> build/bdist.linux-x86_64/egg/pystache/tests/examples
copying build/lib/pystache/tests/examples/inverted.py -> build/bdist.linux-x86_64/egg/pystache/tests/examples
copying build/lib/pystache/tests/examples/unescaped.py -> build/bdist.linux-x86_64/egg/pystache/tests/examples
copying build/lib/pystache/tests/examples/complex.py -> build/bdist.linux-x86_64/egg/pystache/tests/examples
copying build/lib/pystache/tests/test_simple.py -> build/bdist.linux-x86_64/egg/pystache/tests
copying build/lib/pystache/tests/test_loader.py -> build/bdist.linux-x86_64/egg/pystache/tests
copying build/lib/pystache/tests/test___init__.py -> build/bdist.linux-x86_64/egg/pystache/tests
copying build/lib/pystache/tests/benchmark.py -> build/bdist.linux-x86_64/egg/pystache/tests
copying build/lib/pystache/tests/test_parser.py -> build/bdist.linux-x86_64/egg/pystache/tests
creating build/bdist.linux-x86_64/egg/pystache/tests/data
copying build/lib/pystache/tests/data/duplicate.mustache -> build/bdist.linux-x86_64/egg/pystache/tests/data
copying build/lib/pystache/tests/data/say_hello.mustache -> build/bdist.linux-x86_64/egg/pystache/tests/data
copying build/lib/pystache/tests/data/ascii.mustache -> build/bdist.linux-x86_64/egg/pystache/tests/data
copying build/lib/pystache/tests/data/views.py -> build/bdist.linux-x86_64/egg/pystache/tests/data
copying build/lib/pystache/tests/data/sample_view.mustache -> build/bdist.linux-x86_64/egg/pystache/tests/data
copying build/lib/pystache/tests/data/non_ascii.mustache -> build/bdist.linux-x86_64/egg/pystache/tests/data
copying build/lib/pystache/tests/data/__init__.py -> build/bdist.linux-x86_64/egg/pystache/tests/data
creating build/bdist.linux-x86_64/egg/pystache/tests/data/locator
copying build/lib/pystache/tests/data/locator/duplicate.mustache -> build/bdist.linux-x86_64/egg/pystache/tests/data/locator
copying build/lib/pystache/tests/data/locator/template.txt -> build/bdist.linux-x86_64/egg/pystache/tests/data/locator
copying build/lib/pystache/tests/data/locator/__init__.py -> build/bdist.linux-x86_64/egg/pystache/tests/data/locator
copying build/lib/pystache/tests/test_examples.py -> build/bdist.linux-x86_64/egg/pystache/tests
copying build/lib/pystache/tests/doctesting.py -> build/bdist.linux-x86_64/egg/pystache/tests
copying build/lib/pystache/tests/main.py -> build/bdist.linux-x86_64/egg/pystache/tests
copying build/lib/pystache/tests/__init__.py -> build/bdist.linux-x86_64/egg/pystache/tests
copying build/lib/pystache/tests/test_specloader.py -> build/bdist.linux-x86_64/egg/pystache/tests
copying build/lib/pystache/tests/common.py -> build/bdist.linux-x86_64/egg/pystache/tests
copying build/lib/pystache/tests/spectesting.py -> build/bdist.linux-x86_64/egg/pystache/tests
copying build/lib/pystache/parsed.py -> build/bdist.linux-x86_64/egg/pystache
copying build/lib/pystache/context.py -> build/bdist.linux-x86_64/egg/pystache
copying build/lib/pystache/__init__.py -> build/bdist.linux-x86_64/egg/pystache
copying build/lib/pystache/locator.py -> build/bdist.linux-x86_64/egg/pystache
copying build/lib/pystache/common.py -> build/bdist.linux-x86_64/egg/pystache
copying build/lib/pystache/renderer.py -> build/bdist.linux-x86_64/egg/pystache
creating build/bdist.linux-x86_64/egg/pystache/commands
copying build/lib/pystache/commands/render.py -> build/bdist.linux-x86_64/egg/pystache/commands
copying build/lib/pystache/commands/__init__.py -> build/bdist.linux-x86_64/egg/pystache/commands
copying build/lib/pystache/commands/test.py -> build/bdist.linux-x86_64/egg/pystache/commands
copying build/lib/pystache/template_spec.py -> build/bdist.linux-x86_64/egg/pystache
byte-compiling build/bdist.linux-x86_64/egg/pystache/renderengine.py to renderengine.pyc
byte-compiling build/bdist.linux-x86_64/egg/pystache/loader.py to loader.pyc
byte-compiling build/bdist.linux-x86_64/egg/pystache/specloader.py to specloader.pyc
byte-compiling build/bdist.linux-x86_64/egg/pystache/parser.py to parser.pyc
byte-compiling build/bdist.linux-x86_64/egg/pystache/defaults.py to defaults.pyc
byte-compiling build/bdist.linux-x86_64/egg/pystache/init.py to init.pyc
byte-compiling build/bdist.linux-x86_64/egg/pystache/tests/test_pystache.py to test_pystache.pyc
byte-compiling build/bdist.linux-x86_64/egg/pystache/tests/test_context.py to test_context.pyc
byte-compiling build/bdist.linux-x86_64/egg/pystache/tests/test_locator.py to test_locator.pyc
byte-compiling build/bdist.linux-x86_64/egg/pystache/tests/test_commands.py to test_commands.pyc
byte-compiling build/bdist.linux-x86_64/egg/pystache/tests/test_renderer.py to test_renderer.pyc
byte-compiling build/bdist.linux-x86_64/egg/pystache/tests/test_renderengine.py to test_renderengine.pyc
byte-compiling build/bdist.linux-x86_64/egg/pystache/tests/test_defaults.py to test_defaults.pyc
byte-compiling build/bdist.linux-x86_64/egg/pystache/tests/examples/nested_context.py to nested_context.pyc
byte-compiling build/bdist.linux-x86_64/egg/pystache/tests/examples/readme.py to readme.pyc
byte-compiling build/bdist.linux-x86_64/egg/pystache/tests/examples/escaped.py to escaped.pyc
byte-compiling build/bdist.linux-x86_64/egg/pystache/tests/examples/template_partial.py to template_partial.pyc
byte-compiling build/bdist.linux-x86_64/egg/pystache/tests/examples/delimiters.py to delimiters.pyc
byte-compiling build/bdist.linux-x86_64/egg/pystache/tests/examples/partials_with_lambdas.py to partials_with_lambdas.pyc
byte-compiling build/bdist.linux-x86_64/egg/pystache/tests/examples/__init__.py to __init__.pyc
byte-compiling build/bdist.linux-x86_64/egg/pystache/tests/examples/comments.py to comments.pyc
byte-compiling build/bdist.linux-x86_64/egg/pystache/tests/examples/double_section.py to double_section.pyc
byte-compiling build/bdist.linux-x86_64/egg/pystache/tests/examples/unicode_input.py to unicode_input.pyc
byte-compiling build/bdist.linux-x86_64/egg/pystache/tests/examples/simple.py to simple.pyc
byte-compiling build/bdist.linux-x86_64/egg/pystache/tests/examples/lambdas.py to lambdas.pyc
byte-compiling build/bdist.linux-x86_64/egg/pystache/tests/examples/unicode_output.py to unicode_output.pyc
byte-compiling build/bdist.linux-x86_64/egg/pystache/tests/examples/inverted.py to inverted.pyc
byte-compiling build/bdist.linux-x86_64/egg/pystache/tests/examples/unescaped.py to unescaped.pyc
byte-compiling build/bdist.linux-x86_64/egg/pystache/tests/examples/complex.py to complex.pyc
byte-compiling build/bdist.linux-x86_64/egg/pystache/tests/test_simple.py to test_simple.pyc
byte-compiling build/bdist.linux-x86_64/egg/pystache/tests/test_loader.py to test_loader.pyc
byte-compiling build/bdist.linux-x86_64/egg/pystache/tests/test___init__.py to test___init__.pyc
byte-compiling build/bdist.linux-x86_64/egg/pystache/tests/benchmark.py to benchmark.pyc
byte-compiling build/bdist.linux-x86_64/egg/pystache/tests/test_parser.py to test_parser.pyc
byte-compiling build/bdist.linux-x86_64/egg/pystache/tests/data/views.py to views.pyc
byte-compiling build/bdist.linux-x86_64/egg/pystache/tests/data/__init__.py to __init__.pyc
byte-compiling build/bdist.linux-x86_64/egg/pystache/tests/data/locator/__init__.py to __init__.pyc
byte-compiling build/bdist.linux-x86_64/egg/pystache/tests/test_examples.py to test_examples.pyc
byte-compiling build/bdist.linux-x86_64/egg/pystache/tests/doctesting.py to doctesting.pyc
byte-compiling build/bdist.linux-x86_64/egg/pystache/tests/main.py to main.pyc
byte-compiling build/bdist.linux-x86_64/egg/pystache/tests/__init__.py to __init__.pyc
byte-compiling build/bdist.linux-x86_64/egg/pystache/tests/test_specloader.py to test_specloader.pyc
byte-compiling build/bdist.linux-x86_64/egg/pystache/tests/common.py to common.pyc
byte-compiling build/bdist.linux-x86_64/egg/pystache/tests/spectesting.py to spectesting.pyc
byte-compiling build/bdist.linux-x86_64/egg/pystache/parsed.py to parsed.pyc
byte-compiling build/bdist.linux-x86_64/egg/pystache/context.py to context.pyc
byte-compiling build/bdist.linux-x86_64/egg/pystache/__init__.py to __init__.pyc
byte-compiling build/bdist.linux-x86_64/egg/pystache/locator.py to locator.pyc
byte-compiling build/bdist.linux-x86_64/egg/pystache/common.py to common.pyc
byte-compiling build/bdist.linux-x86_64/egg/pystache/renderer.py to renderer.pyc
byte-compiling build/bdist.linux-x86_64/egg/pystache/commands/render.py to render.pyc
byte-compiling build/bdist.linux-x86_64/egg/pystache/commands/__init__.py to __init__.pyc
byte-compiling build/bdist.linux-x86_64/egg/pystache/commands/test.py to test.pyc
byte-compiling build/bdist.linux-x86_64/egg/pystache/template_spec.py to template_spec.pyc
creating build/bdist.linux-x86_64/egg/EGG-INFO
copying pystache.egg-info/PKG-INFO -> build/bdist.linux-x86_64/egg/EGG-INFO
copying pystache.egg-info/SOURCES.txt -> build/bdist.linux-x86_64/egg/EGG-INFO
copying pystache.egg-info/dependency_links.txt -> build/bdist.linux-x86_64/egg/EGG-INFO
copying pystache.egg-info/entry_points.txt -> build/bdist.linux-x86_64/egg/EGG-INFO
copying pystache.egg-info/top_level.txt -> build/bdist.linux-x86_64/egg/EGG-INFO
zip_safe flag not set; analyzing archive contents...
pystache.locator: module references __file__
pystache.tests.common: module references __file__
creating dist
creating 'dist/pystache-0.5.4-py2.7.egg' and adding 'build/bdist.linux-x86_64/egg' to it
removing 'build/bdist.linux-x86_64/egg' (and everything under it)
Processing pystache-0.5.4-py2.7.egg
creating /home/ubuntu/miniconda/envs/_build/lib/python2.7/site-packages/pystache-0.5.4-py2.7.egg
Extracting pystache-0.5.4-py2.7.egg to /home/ubuntu/miniconda/envs/_build/lib/python2.7/site-packages
Adding pystache 0.5.4 to easy-install.pth file
Installing pystache script to /home/ubuntu/miniconda/envs/_build/bin
Installing pystache-test script to /home/ubuntu/miniconda/envs/_build/bin

Installed /home/ubuntu/miniconda/envs/_build/lib/python2.7/site-packages/pystache-0.5.4-py2.7.egg
Processing dependencies for pystache==0.5.4
Finished processing dependencies for pystache==0.5.4

The following NEW packages will be INSTALLED:

    openssl:    1.0.1k-1    
    pip:        6.1.1-py27_0
    python:     2.7.9-3     
    readline:   6.2-2       
    setuptools: 16.0-py27_0 
    sqlite:     3.8.4.1-1   
    system:     5.8-2       
    tk:         8.5.18-0    
    zlib:       1.2.8-0     

Linking packages ...
[                    ]|                                                  |   0%[openssl             ]|                                                  |   0%[readline            ]|#####                                             |  11%[sqlite              ]|###########                                       |  22%[system              ]|################                                  |  33%[tk                  ]|######################                            |  44%[zlib                ]|###########################                       |  55%[python              ]|#################################                 |  66%[setuptools          ]|######################################            |  77%[pip                 ]|############################################      |  88%[      COMPLETE      ]|##################################################| 100%
Removing old work directory
Source cache directory is: /home/ubuntu/miniconda/conda-bld/src_cache
Found source in cache: pystache-0.5.4.tar.gz
Extracting download
Package: pystache-0.5.4-py27_0
source tree in: /home/ubuntu/miniconda/conda-bld/work/pystache-0.5.4
found egg dir: /home/ubuntu/miniconda/envs/_build/lib/python2.7/site-packages/pystache-0.5.4-py2.7.egg
number of files: 140
Fixing permissions
Detected hard-coded path in text file bin/pystache
Detected hard-coded path in text file bin/pystache-test
Fixing permissions
BUILD END: pystache-0.5.4-py27_0
TEST START: pystache-0.5.4-py27_0
Fetching package metadata: ......
Solving package specifications: .===== testing package: pystache-0.5.4-py27_0 =====
import: u'pystache'
import: u'pystache.commands'
import: u'pystache.tests'
import: u'pystache.tests.data'
import: u'pystache.tests.data.locator'
import: u'pystache.tests.examples'
===== pystache-0.5.4-py27_0 OK =====
+ pystache --help
Usage: pystache [-h] template context

Render a mustache template with the given context.

positional arguments:
  template    A filename or template string.
  context     A filename or JSON string.

Options:
  -h, --help  show this help message and exit
+ pystache-test --help
pystache: running tests: argv: ['/home/ubuntu/miniconda/envs/_test/bin/pystache-test', '--help']
pystache: skipping spec tests: spec test directory not found
Traceback (most recent call last):
  File "/home/ubuntu/miniconda/envs/_test/bin/pystache-test", line 6, in <module>
    sys.exit(main())
  File "/home/ubuntu/miniconda/envs/_test/lib/python2.7/site-packages/pystache/commands/test.py", line 14, in main
    run_tests(sys_argv=sys_argv)
  File "/home/ubuntu/miniconda/envs/_test/lib/python2.7/site-packages/pystache/tests/main.py", line 140, in main
    extra_tests = make_extra_tests(project_dir, spec_test_dir)
  File "/home/ubuntu/miniconda/envs/_test/lib/python2.7/site-packages/pystache/tests/main.py", line 31, in make_extra_tests
    doctest_suites = get_doctests(text_doctest_dir)
  File "/home/ubuntu/miniconda/envs/_test/lib/python2.7/site-packages/pystache/tests/doctesting.py", line 56, in get_doctests
    suite = doctest.DocFileSuite(path, module_relative=False)
  File "/home/ubuntu/miniconda/envs/_test/lib/python2.7/doctest.py", line 2539, in DocFileSuite
    suite.addTest(DocFileTest(path, **kw))
  File "/home/ubuntu/miniconda/envs/_test/lib/python2.7/doctest.py", line 2458, in DocFileTest
    doc, path = _load_testfile(path, package, module_relative)
  File "/home/ubuntu/miniconda/envs/_test/lib/python2.7/doctest.py", line 219, in _load_testfile
    with open(filename, 'U') as f:
IOError: [Errno 2] No such file or directory: '--help/README.md'

The following packages will be downloaded:

    package                    |            build
    ---------------------------|-----------------
    pystache-0.5.4             |           py27_0          82 KB

The following NEW packages will be INSTALLED:

    openssl:    1.0.1k-1    
    pip:        6.1.1-py27_0
    pystache:   0.5.4-py27_0
    python:     2.7.9-3     
    readline:   6.2-2       
    setuptools: 16.0-py27_0 
    sqlite:     3.8.4.1-1   
    system:     5.8-2       
    tk:         8.5.18-0    
    zlib:       1.2.8-0     

Fetching packages ...
pystache-0.5.4   0% |                              | ETA:  --:--:--   0.00  B/spystache-0.5.4  19% |######                         | ETA:  0:00:00  45.51 MB/spystache-0.5.4  38% |############                   | ETA:  0:00:00   3.74 MB/spystache-0.5.4  58% |##################             | ETA:  0:00:00   5.45 MB/spystache-0.5.4  77% |########################       | ETA:  0:00:00   7.12 MB/spystache-0.5.4  97% |############################## | ETA:  0:00:00   8.71 MB/spystache-0.5.4 100% |###############################| ETA:  0:00:00   8.83 MB/spystache-0.5.4 100% |###############################| Time: 0:00:00   8.61 MB/s
Extracting packages ...
[      COMPLETE      ]|                                                  |   0%[pystache            ]|                                                  |   0%[pystache            ]|                                                  |   0%[      COMPLETE      ]|##################################################| 100%
Linking packages ...
[      COMPLETE      ]|                                                  |   0%[openssl             ]|                                                  |   0%[openssl             ]|                                                  |   0%[readline            ]|#####                                             |  10%[sqlite              ]|##########                                        |  20%[system              ]|###############                                   |  30%[tk                  ]|####################                              |  40%[zlib                ]|#########################                         |  50%[pystache            ]|##############################                    |  60%[python              ]|###################################               |  70%[setuptools          ]|########################################          |  80%[pip                 ]|#############################################     |  90%[      COMPLETE      ]|##################################################| 100%
TESTS FAILED: pystache-0.5.4-py27_0
