Removing old build directory
Removing old work directory
BUILD START: python-subunit-1.1.0-py27_0
Fetching package metadata: ......
Solving package specifications: .+ /home/ubuntu/miniconda/envs/_build/bin/python setup.py install
running install
running build
running build_py
creating build
creating build/lib
creating build/lib/subunit
copying python/subunit/filters.py -> build/lib/subunit
copying python/subunit/_output.py -> build/lib/subunit
copying python/subunit/progress_model.py -> build/lib/subunit
copying python/subunit/iso8601.py -> build/lib/subunit
copying python/subunit/chunked.py -> build/lib/subunit
copying python/subunit/test_results.py -> build/lib/subunit
copying python/subunit/run.py -> build/lib/subunit
copying python/subunit/__init__.py -> build/lib/subunit
copying python/subunit/details.py -> build/lib/subunit
copying python/subunit/v2.py -> build/lib/subunit
creating build/lib/subunit/tests
copying python/subunit/tests/test_progress_model.py -> build/lib/subunit/tests
copying python/subunit/tests/test_filters.py -> build/lib/subunit/tests
copying python/subunit/tests/test_test_results.py -> build/lib/subunit/tests
copying python/subunit/tests/test_chunked.py -> build/lib/subunit/tests
copying python/subunit/tests/test_test_protocol.py -> build/lib/subunit/tests
copying python/subunit/tests/sample-script.py -> build/lib/subunit/tests
copying python/subunit/tests/test_details.py -> build/lib/subunit/tests
copying python/subunit/tests/sample-two-script.py -> build/lib/subunit/tests
copying python/subunit/tests/test_test_protocol2.py -> build/lib/subunit/tests
copying python/subunit/tests/test_subunit_stats.py -> build/lib/subunit/tests
copying python/subunit/tests/test_run.py -> build/lib/subunit/tests
copying python/subunit/tests/__init__.py -> build/lib/subunit/tests
copying python/subunit/tests/test_output_filter.py -> build/lib/subunit/tests
copying python/subunit/tests/test_subunit_filter.py -> build/lib/subunit/tests
copying python/subunit/tests/test_tap2subunit.py -> build/lib/subunit/tests
copying python/subunit/tests/test_subunit_tags.py -> build/lib/subunit/tests
running build_scripts
creating build/scripts-2.7
copying and adjusting filters/subunit-1to2 -> build/scripts-2.7
copying and adjusting filters/subunit-2to1 -> build/scripts-2.7
copying and adjusting filters/subunit-filter -> build/scripts-2.7
copying and adjusting filters/subunit-ls -> build/scripts-2.7
copying and adjusting filters/subunit-notify -> build/scripts-2.7
copying and adjusting filters/subunit-output -> build/scripts-2.7
copying and adjusting filters/subunit-stats -> build/scripts-2.7
copying and adjusting filters/subunit-tags -> build/scripts-2.7
copying and adjusting filters/subunit2csv -> build/scripts-2.7
copying and adjusting filters/subunit2gtk -> build/scripts-2.7
copying and adjusting filters/subunit2junitxml -> build/scripts-2.7
copying and adjusting filters/subunit2pyunit -> build/scripts-2.7
copying and adjusting filters/tap2subunit -> build/scripts-2.7
changing mode of build/scripts-2.7/subunit-1to2 from 664 to 775
changing mode of build/scripts-2.7/subunit-2to1 from 664 to 775
changing mode of build/scripts-2.7/subunit-filter from 664 to 775
changing mode of build/scripts-2.7/subunit-ls from 664 to 775
changing mode of build/scripts-2.7/subunit-notify from 664 to 775
changing mode of build/scripts-2.7/subunit-output from 664 to 775
changing mode of build/scripts-2.7/subunit-stats from 664 to 775
changing mode of build/scripts-2.7/subunit-tags from 664 to 775
changing mode of build/scripts-2.7/subunit2csv from 664 to 775
changing mode of build/scripts-2.7/subunit2gtk from 664 to 775
changing mode of build/scripts-2.7/subunit2junitxml from 664 to 775
changing mode of build/scripts-2.7/subunit2pyunit from 664 to 775
changing mode of build/scripts-2.7/tap2subunit from 664 to 775
running install_lib
creating /home/ubuntu/miniconda/envs/_build/lib/python2.7/site-packages/subunit
copying build/lib/subunit/filters.py -> /home/ubuntu/miniconda/envs/_build/lib/python2.7/site-packages/subunit
copying build/lib/subunit/_output.py -> /home/ubuntu/miniconda/envs/_build/lib/python2.7/site-packages/subunit
copying build/lib/subunit/progress_model.py -> /home/ubuntu/miniconda/envs/_build/lib/python2.7/site-packages/subunit
copying build/lib/subunit/iso8601.py -> /home/ubuntu/miniconda/envs/_build/lib/python2.7/site-packages/subunit
creating /home/ubuntu/miniconda/envs/_build/lib/python2.7/site-packages/subunit/tests
copying build/lib/subunit/tests/test_progress_model.py -> /home/ubuntu/miniconda/envs/_build/lib/python2.7/site-packages/subunit/tests
copying build/lib/subunit/tests/test_filters.py -> /home/ubuntu/miniconda/envs/_build/lib/python2.7/site-packages/subunit/tests
copying build/lib/subunit/tests/test_test_results.py -> /home/ubuntu/miniconda/envs/_build/lib/python2.7/site-packages/subunit/tests
copying build/lib/subunit/tests/test_chunked.py -> /home/ubuntu/miniconda/envs/_build/lib/python2.7/site-packages/subunit/tests
copying build/lib/subunit/tests/test_test_protocol.py -> /home/ubuntu/miniconda/envs/_build/lib/python2.7/site-packages/subunit/tests
copying build/lib/subunit/tests/sample-script.py -> /home/ubuntu/miniconda/envs/_build/lib/python2.7/site-packages/subunit/tests
copying build/lib/subunit/tests/test_details.py -> /home/ubuntu/miniconda/envs/_build/lib/python2.7/site-packages/subunit/tests
copying build/lib/subunit/tests/sample-two-script.py -> /home/ubuntu/miniconda/envs/_build/lib/python2.7/site-packages/subunit/tests
copying build/lib/subunit/tests/test_test_protocol2.py -> /home/ubuntu/miniconda/envs/_build/lib/python2.7/site-packages/subunit/tests
copying build/lib/subunit/tests/test_subunit_stats.py -> /home/ubuntu/miniconda/envs/_build/lib/python2.7/site-packages/subunit/tests
copying build/lib/subunit/tests/test_run.py -> /home/ubuntu/miniconda/envs/_build/lib/python2.7/site-packages/subunit/tests
copying build/lib/subunit/tests/__init__.py -> /home/ubuntu/miniconda/envs/_build/lib/python2.7/site-packages/subunit/tests
copying build/lib/subunit/tests/test_output_filter.py -> /home/ubuntu/miniconda/envs/_build/lib/python2.7/site-packages/subunit/tests
copying build/lib/subunit/tests/test_subunit_filter.py -> /home/ubuntu/miniconda/envs/_build/lib/python2.7/site-packages/subunit/tests
copying build/lib/subunit/tests/test_tap2subunit.py -> /home/ubuntu/miniconda/envs/_build/lib/python2.7/site-packages/subunit/tests
copying build/lib/subunit/tests/test_subunit_tags.py -> /home/ubuntu/miniconda/envs/_build/lib/python2.7/site-packages/subunit/tests
copying build/lib/subunit/chunked.py -> /home/ubuntu/miniconda/envs/_build/lib/python2.7/site-packages/subunit
copying build/lib/subunit/test_results.py -> /home/ubuntu/miniconda/envs/_build/lib/python2.7/site-packages/subunit
copying build/lib/subunit/run.py -> /home/ubuntu/miniconda/envs/_build/lib/python2.7/site-packages/subunit
copying build/lib/subunit/__init__.py -> /home/ubuntu/miniconda/envs/_build/lib/python2.7/site-packages/subunit
copying build/lib/subunit/details.py -> /home/ubuntu/miniconda/envs/_build/lib/python2.7/site-packages/subunit
copying build/lib/subunit/v2.py -> /home/ubuntu/miniconda/envs/_build/lib/python2.7/site-packages/subunit
byte-compiling /home/ubuntu/miniconda/envs/_build/lib/python2.7/site-packages/subunit/filters.py to filters.pyc
byte-compiling /home/ubuntu/miniconda/envs/_build/lib/python2.7/site-packages/subunit/_output.py to _output.pyc
byte-compiling /home/ubuntu/miniconda/envs/_build/lib/python2.7/site-packages/subunit/progress_model.py to progress_model.pyc
byte-compiling /home/ubuntu/miniconda/envs/_build/lib/python2.7/site-packages/subunit/iso8601.py to iso8601.pyc
byte-compiling /home/ubuntu/miniconda/envs/_build/lib/python2.7/site-packages/subunit/tests/test_progress_model.py to test_progress_model.pyc
byte-compiling /home/ubuntu/miniconda/envs/_build/lib/python2.7/site-packages/subunit/tests/test_filters.py to test_filters.pyc
byte-compiling /home/ubuntu/miniconda/envs/_build/lib/python2.7/site-packages/subunit/tests/test_test_results.py to test_test_results.pyc
byte-compiling /home/ubuntu/miniconda/envs/_build/lib/python2.7/site-packages/subunit/tests/test_chunked.py to test_chunked.pyc
byte-compiling /home/ubuntu/miniconda/envs/_build/lib/python2.7/site-packages/subunit/tests/test_test_protocol.py to test_test_protocol.pyc
byte-compiling /home/ubuntu/miniconda/envs/_build/lib/python2.7/site-packages/subunit/tests/sample-script.py to sample-script.pyc
byte-compiling /home/ubuntu/miniconda/envs/_build/lib/python2.7/site-packages/subunit/tests/test_details.py to test_details.pyc
byte-compiling /home/ubuntu/miniconda/envs/_build/lib/python2.7/site-packages/subunit/tests/sample-two-script.py to sample-two-script.pyc
byte-compiling /home/ubuntu/miniconda/envs/_build/lib/python2.7/site-packages/subunit/tests/test_test_protocol2.py to test_test_protocol2.pyc
byte-compiling /home/ubuntu/miniconda/envs/_build/lib/python2.7/site-packages/subunit/tests/test_subunit_stats.py to test_subunit_stats.pyc
byte-compiling /home/ubuntu/miniconda/envs/_build/lib/python2.7/site-packages/subunit/tests/test_run.py to test_run.pyc
byte-compiling /home/ubuntu/miniconda/envs/_build/lib/python2.7/site-packages/subunit/tests/__init__.py to __init__.pyc
byte-compiling /home/ubuntu/miniconda/envs/_build/lib/python2.7/site-packages/subunit/tests/test_output_filter.py to test_output_filter.pyc
byte-compiling /home/ubuntu/miniconda/envs/_build/lib/python2.7/site-packages/subunit/tests/test_subunit_filter.py to test_subunit_filter.pyc
byte-compiling /home/ubuntu/miniconda/envs/_build/lib/python2.7/site-packages/subunit/tests/test_tap2subunit.py to test_tap2subunit.pyc
byte-compiling /home/ubuntu/miniconda/envs/_build/lib/python2.7/site-packages/subunit/tests/test_subunit_tags.py to test_subunit_tags.pyc
byte-compiling /home/ubuntu/miniconda/envs/_build/lib/python2.7/site-packages/subunit/chunked.py to chunked.pyc
byte-compiling /home/ubuntu/miniconda/envs/_build/lib/python2.7/site-packages/subunit/test_results.py to test_results.pyc
byte-compiling /home/ubuntu/miniconda/envs/_build/lib/python2.7/site-packages/subunit/run.py to run.pyc
byte-compiling /home/ubuntu/miniconda/envs/_build/lib/python2.7/site-packages/subunit/__init__.py to __init__.pyc
byte-compiling /home/ubuntu/miniconda/envs/_build/lib/python2.7/site-packages/subunit/details.py to details.pyc
byte-compiling /home/ubuntu/miniconda/envs/_build/lib/python2.7/site-packages/subunit/v2.py to v2.pyc
running install_scripts
copying build/scripts-2.7/subunit-output -> /home/ubuntu/miniconda/envs/_build/bin
copying build/scripts-2.7/subunit2pyunit -> /home/ubuntu/miniconda/envs/_build/bin
copying build/scripts-2.7/subunit2junitxml -> /home/ubuntu/miniconda/envs/_build/bin
copying build/scripts-2.7/subunit-notify -> /home/ubuntu/miniconda/envs/_build/bin
copying build/scripts-2.7/subunit-1to2 -> /home/ubuntu/miniconda/envs/_build/bin
copying build/scripts-2.7/tap2subunit -> /home/ubuntu/miniconda/envs/_build/bin
copying build/scripts-2.7/subunit2gtk -> /home/ubuntu/miniconda/envs/_build/bin
copying build/scripts-2.7/subunit-tags -> /home/ubuntu/miniconda/envs/_build/bin
copying build/scripts-2.7/subunit-stats -> /home/ubuntu/miniconda/envs/_build/bin
copying build/scripts-2.7/subunit-filter -> /home/ubuntu/miniconda/envs/_build/bin
copying build/scripts-2.7/subunit-2to1 -> /home/ubuntu/miniconda/envs/_build/bin
copying build/scripts-2.7/subunit-ls -> /home/ubuntu/miniconda/envs/_build/bin
copying build/scripts-2.7/subunit2csv -> /home/ubuntu/miniconda/envs/_build/bin
changing mode of /home/ubuntu/miniconda/envs/_build/bin/subunit-output to 775
changing mode of /home/ubuntu/miniconda/envs/_build/bin/subunit2pyunit to 775
changing mode of /home/ubuntu/miniconda/envs/_build/bin/subunit2junitxml to 775
changing mode of /home/ubuntu/miniconda/envs/_build/bin/subunit-notify to 775
changing mode of /home/ubuntu/miniconda/envs/_build/bin/subunit-1to2 to 775
changing mode of /home/ubuntu/miniconda/envs/_build/bin/tap2subunit to 775
changing mode of /home/ubuntu/miniconda/envs/_build/bin/subunit2gtk to 775
changing mode of /home/ubuntu/miniconda/envs/_build/bin/subunit-tags to 775
changing mode of /home/ubuntu/miniconda/envs/_build/bin/subunit-stats to 775
changing mode of /home/ubuntu/miniconda/envs/_build/bin/subunit-filter to 775
changing mode of /home/ubuntu/miniconda/envs/_build/bin/subunit-2to1 to 775
changing mode of /home/ubuntu/miniconda/envs/_build/bin/subunit-ls to 775
changing mode of /home/ubuntu/miniconda/envs/_build/bin/subunit2csv to 775
running install_egg_info
Writing /home/ubuntu/miniconda/envs/_build/lib/python2.7/site-packages/python_subunit-1.1.0-py2.7.egg-info

The following NEW packages will be INSTALLED:

    openssl:    1.0.1k-1     
    pip:        7.0.3-py27_0 
    python:     2.7.10-0     
    readline:   6.2-2        
    setuptools: 17.1.1-py27_0
    sqlite:     3.8.4.1-1    
    system:     5.8-2        
    tk:         8.5.18-0     
    zlib:       1.2.8-0      

Linking packages ...
[                    ]|                                                  |   0%[openssl             ]|                                                  |   0%[readline            ]|#####                                             |  11%[sqlite              ]|###########                                       |  22%[system              ]|################                                  |  33%[tk                  ]|######################                            |  44%[zlib                ]|###########################                       |  55%[python              ]|#################################                 |  66%[setuptools          ]|######################################            |  77%[pip                 ]|############################################      |  88%[      COMPLETE      ]|##################################################| 100%
Removing old work directory
Source cache directory is: /home/ubuntu/miniconda/conda-bld/src_cache
Found source in cache: python-subunit-1.1.0.tar.gz
Extracting download
Package: python-subunit-1.1.0-py27_0
source tree in: /home/ubuntu/miniconda/conda-bld/work/python-subunit-1.1.0
number of files: 66
Fixing permissions
Detected hard-coded path in text file bin/subunit-1to2
Detected hard-coded path in text file bin/subunit-2to1
Detected hard-coded path in text file bin/subunit-filter
Detected hard-coded path in text file bin/subunit-ls
Detected hard-coded path in text file bin/subunit-notify
Detected hard-coded path in text file bin/subunit-output
Detected hard-coded path in text file bin/subunit-stats
Detected hard-coded path in text file bin/subunit-tags
Detected hard-coded path in text file bin/subunit2csv
Detected hard-coded path in text file bin/subunit2gtk
Detected hard-coded path in text file bin/subunit2junitxml
Detected hard-coded path in text file bin/subunit2pyunit
Detected hard-coded path in text file bin/tap2subunit
Fixing permissions
BUILD END: python-subunit-1.1.0-py27_0
TEST START: python-subunit-1.1.0-py27_0
Fetching package metadata: ......
Solving package specifications: .===== testing package: python-subunit-1.1.0-py27_0 =====
import: u'subunit'
Traceback (most recent call last):
  File "/home/ubuntu/miniconda/conda-bld/test-tmp_dir/run_test.py", line 25, in <module>
    import subunit
  File "/home/ubuntu/miniconda/envs/_test/lib/python2.7/site-packages/subunit/__init__.py", line 129, in <module>
    from extras import safe_hasattr
ImportError: No module named extras

The following packages will be downloaded:

    package                    |            build
    ---------------------------|-----------------
    python-subunit-1.1.0       |           py27_0         113 KB

The following NEW packages will be INSTALLED:

    openssl:        1.0.1k-1     
    pip:            7.0.3-py27_0 
    python:         2.7.10-0     
    python-subunit: 1.1.0-py27_0 
    readline:       6.2-2        
    setuptools:     17.1.1-py27_0
    sqlite:         3.8.4.1-1    
    system:         5.8-2        
    tk:             8.5.18-0     
    zlib:           1.2.8-0      

Fetching packages ...
python-subunit   0% |                              | ETA:  --:--:--   0.00  B/spython-subunit  14% |####                           | ETA:  0:00:00  46.28 MB/spython-subunit  28% |########                       | ETA:  0:00:00  57.77 MB/spython-subunit  42% |#############                  | ETA:  0:00:00  64.83 MB/spython-subunit  56% |#################              | ETA:  0:00:00  69.12 MB/spython-subunit  70% |#####################          | ETA:  0:00:00  71.79 MB/spython-subunit  84% |##########################     | ETA:  0:00:00  74.13 MB/spython-subunit  98% |############################## | ETA:  0:00:00  75.74 MB/spython-subunit 100% |###############################| ETA:  0:00:00  70.23 MB/spython-subunit 100% |###############################| Time: 0:00:00  61.48 MB/s
Extracting packages ...
[      COMPLETE      ]|                                                  |   0%[python-subunit      ]|                                                  |   0%[python-subunit      ]|                                                  |   0%[      COMPLETE      ]|##################################################| 100%
Linking packages ...
[      COMPLETE      ]|                                                  |   0%[openssl             ]|                                                  |   0%[openssl             ]|                                                  |   0%[readline            ]|#####                                             |  10%[sqlite              ]|##########                                        |  20%[system              ]|###############                                   |  30%[tk                  ]|####################                              |  40%[zlib                ]|#########################                         |  50%[python              ]|##############################                    |  60%[python-subunit      ]|###################################               |  70%[setuptools          ]|########################################          |  80%[pip                 ]|#############################################     |  90%[      COMPLETE      ]|##################################################| 100%
TESTS FAILED: python-subunit-1.1.0-py27_0
