Removing old build directory
Removing old work directory
BUILD START: testscenarios-0.5.0-py27_0
Fetching package metadata: ......
Solving package specifications: .+ /home/ubuntu/miniconda/envs/_build/bin/python setup.py install
running install
running build
running build_py
creating build
creating build/lib
creating build/lib/testscenarios
copying testscenarios/scenarios.py -> build/lib/testscenarios
copying testscenarios/__init__.py -> build/lib/testscenarios
copying testscenarios/testcase.py -> build/lib/testscenarios
creating build/lib/testscenarios/tests
copying testscenarios/tests/test_scenarios.py -> build/lib/testscenarios/tests
copying testscenarios/tests/__init__.py -> build/lib/testscenarios/tests
copying testscenarios/tests/test_testcase.py -> build/lib/testscenarios/tests
running egg_info
writing requirements to testscenarios.egg-info/requires.txt
writing testscenarios.egg-info/PKG-INFO
writing top-level names to testscenarios.egg-info/top_level.txt
writing dependency_links to testscenarios.egg-info/dependency_links.txt
[pbr] Reusing existing SOURCES.txt
running install_lib
creating /home/ubuntu/miniconda/envs/_build/lib/python2.7/site-packages/testscenarios
copying build/lib/testscenarios/scenarios.py -> /home/ubuntu/miniconda/envs/_build/lib/python2.7/site-packages/testscenarios
creating /home/ubuntu/miniconda/envs/_build/lib/python2.7/site-packages/testscenarios/tests
copying build/lib/testscenarios/tests/test_scenarios.py -> /home/ubuntu/miniconda/envs/_build/lib/python2.7/site-packages/testscenarios/tests
copying build/lib/testscenarios/tests/__init__.py -> /home/ubuntu/miniconda/envs/_build/lib/python2.7/site-packages/testscenarios/tests
copying build/lib/testscenarios/tests/test_testcase.py -> /home/ubuntu/miniconda/envs/_build/lib/python2.7/site-packages/testscenarios/tests
copying build/lib/testscenarios/__init__.py -> /home/ubuntu/miniconda/envs/_build/lib/python2.7/site-packages/testscenarios
copying build/lib/testscenarios/testcase.py -> /home/ubuntu/miniconda/envs/_build/lib/python2.7/site-packages/testscenarios
byte-compiling /home/ubuntu/miniconda/envs/_build/lib/python2.7/site-packages/testscenarios/scenarios.py to scenarios.pyc
byte-compiling /home/ubuntu/miniconda/envs/_build/lib/python2.7/site-packages/testscenarios/tests/test_scenarios.py to test_scenarios.pyc
byte-compiling /home/ubuntu/miniconda/envs/_build/lib/python2.7/site-packages/testscenarios/tests/__init__.py to __init__.pyc
byte-compiling /home/ubuntu/miniconda/envs/_build/lib/python2.7/site-packages/testscenarios/tests/test_testcase.py to test_testcase.pyc
byte-compiling /home/ubuntu/miniconda/envs/_build/lib/python2.7/site-packages/testscenarios/__init__.py to __init__.pyc
byte-compiling /home/ubuntu/miniconda/envs/_build/lib/python2.7/site-packages/testscenarios/testcase.py to testcase.pyc
running install_egg_info
Copying testscenarios.egg-info to /home/ubuntu/miniconda/envs/_build/lib/python2.7/site-packages/testscenarios-0.5.0-py2.7.egg-info
running install_scripts

The following NEW packages will be INSTALLED:

    openssl:    1.0.1k-1    
    pbr:        1.0.1-py27_0
    pip:        6.1.1-py27_0
    python:     2.7.9-3     
    readline:   6.2-2       
    setuptools: 16.0-py27_0 
    sqlite:     3.8.4.1-1   
    system:     5.8-2       
    tk:         8.5.18-0    
    zlib:       1.2.8-0     

Linking packages ...
[                    ]|                                                  |   0%[openssl             ]|                                                  |   0%[readline            ]|#####                                             |  10%[sqlite              ]|##########                                        |  20%[system              ]|###############                                   |  30%[tk                  ]|####################                              |  40%[zlib                ]|#########################                         |  50%[python              ]|##############################                    |  60%[setuptools          ]|###################################               |  70%[pbr                 ]|########################################          |  80%[pip                 ]|#############################################     |  90%[      COMPLETE      ]|##################################################| 100%
Removing old work directory
Source cache directory is: /home/ubuntu/miniconda/conda-bld/src_cache
Found source in cache: testscenarios-0.5.0.tar.gz
Extracting download
Package: testscenarios-0.5.0-py27_0
source tree in: /home/ubuntu/miniconda/conda-bld/work/testscenarios-0.5.0
number of files: 19
Fixing permissions
Fixing permissions
BUILD END: testscenarios-0.5.0-py27_0
TEST START: testscenarios-0.5.0-py27_0
Fetching package metadata: ......
Solving package specifications: .===== testing package: testscenarios-0.5.0-py27_0 =====
import: u'testscenarios'
Traceback (most recent call last):
  File "/home/ubuntu/miniconda/conda-bld/test-tmp_dir/run_test.py", line 25, in <module>
    import testscenarios
  File "/home/ubuntu/miniconda/envs/_test/lib/python2.7/site-packages/testscenarios/__init__.py", line 58, in <module>
    from testscenarios.scenarios import (
  File "/home/ubuntu/miniconda/envs/_test/lib/python2.7/site-packages/testscenarios/scenarios.py", line 33, in <module>
    from testtools.testcase import clone_test_with_new_id
ImportError: No module named testtools.testcase

The following packages will be downloaded:

    package                    |            build
    ---------------------------|-----------------
    testscenarios-0.5.0        |           py27_0          17 KB

The following NEW packages will be INSTALLED:

    openssl:       1.0.1k-1    
    pbr:           1.0.1-py27_0
    pip:           6.1.1-py27_0
    python:        2.7.9-3     
    readline:      6.2-2       
    setuptools:    16.0-py27_0 
    sqlite:        3.8.4.1-1   
    system:        5.8-2       
    testscenarios: 0.5.0-py27_0
    tk:            8.5.18-0    
    zlib:          1.2.8-0     

Fetching packages ...
testscenarios-   0% |                              | ETA:  --:--:--   0.00  B/stestscenarios-  92% |############################   | ETA:  0:00:00  45.63 MB/stestscenarios- 100% |###############################| ETA:  0:00:00  33.68 MB/stestscenarios- 100% |###############################| Time: 0:00:00  22.00 MB/s
Extracting packages ...
[      COMPLETE      ]|                                                  |   0%[testscenarios       ]|                                                  |   0%[testscenarios       ]|                                                  |   0%[      COMPLETE      ]|##################################################| 100%
Linking packages ...
[      COMPLETE      ]|                                                  |   0%[openssl             ]|                                                  |   0%[openssl             ]|                                                  |   0%[readline            ]|####                                              |   9%[sqlite              ]|#########                                         |  18%[system              ]|#############                                     |  27%[tk                  ]|##################                                |  36%[zlib                ]|######################                            |  45%[python              ]|###########################                       |  54%[setuptools          ]|###############################                   |  63%[pbr                 ]|####################################              |  72%[pip                 ]|########################################          |  81%[testscenarios       ]|#############################################     |  90%[      COMPLETE      ]|##################################################| 100%
TESTS FAILED: testscenarios-0.5.0-py27_0
