There was an error importing jinja2.
Please run `conda install jinja2` to enable jinja template support
Removing old build directory
Removing old work directory
BUILD START: venusian-1.0-py27_0
Fetching package metadata: ......
Solving package specifications: .There was an error importing jinja2.
Please run `conda install jinja2` to enable jinja template support
+ /home/ubuntu/miniconda/envs/_build/bin/python setup.py install
running install
running bdist_egg
running egg_info
writing requirements to venusian.egg-info/requires.txt
writing venusian.egg-info/PKG-INFO
writing top-level names to venusian.egg-info/top_level.txt
writing dependency_links to venusian.egg-info/dependency_links.txt
writing entry points to venusian.egg-info/entry_points.txt
reading manifest file 'venusian.egg-info/SOURCES.txt'
writing manifest file 'venusian.egg-info/SOURCES.txt'
installing library code to build/bdist.linux-x86_64/egg
running install_lib
running build_py
creating build
creating build/lib
creating build/lib/venusian
copying venusian/advice.py -> build/lib/venusian
copying venusian/__init__.py -> build/lib/venusian
creating build/lib/venusian/compat
copying venusian/compat/pkgutil_26.py -> build/lib/venusian/compat
copying venusian/compat/__init__.py -> build/lib/venusian/compat
creating build/lib/venusian/tests
copying venusian/tests/test_advice.py -> build/lib/venusian/tests
copying venusian/tests/__init__.py -> build/lib/venusian/tests
copying venusian/tests/test_venusian.py -> build/lib/venusian/tests
creating build/lib/venusian/tests/fixtures
copying venusian/tests/fixtures/lifting1.py -> build/lib/venusian/tests/fixtures
copying venusian/tests/fixtures/inheritance.py -> build/lib/venusian/tests/fixtures
copying venusian/tests/fixtures/lifting5.py -> build/lib/venusian/tests/fixtures
copying venusian/tests/fixtures/subclassing.py -> build/lib/venusian/tests/fixtures
copying venusian/tests/fixtures/lifting2.py -> build/lib/venusian/tests/fixtures
copying venusian/tests/fixtures/lifting4.py -> build/lib/venusian/tests/fixtures
copying venusian/tests/fixtures/__init__.py -> build/lib/venusian/tests/fixtures
copying venusian/tests/fixtures/classdecorator.py -> build/lib/venusian/tests/fixtures
copying venusian/tests/fixtures/category.py -> build/lib/venusian/tests/fixtures
copying venusian/tests/fixtures/lifting3.py -> build/lib/venusian/tests/fixtures
creating build/lib/venusian/tests/fixtures/attrerror
copying venusian/tests/fixtures/attrerror/__init__.py -> build/lib/venusian/tests/fixtures/attrerror
copying venusian/tests/fixtures/attrerror/will_cause_import_error.py -> build/lib/venusian/tests/fixtures/attrerror
creating build/lib/venusian/tests/fixtures/two
copying venusian/tests/fixtures/two/mod1.py -> build/lib/venusian/tests/fixtures/two
copying venusian/tests/fixtures/two/mod2.py -> build/lib/venusian/tests/fixtures/two
copying venusian/tests/fixtures/two/__init__.py -> build/lib/venusian/tests/fixtures/two
creating build/lib/venusian/tests/fixtures/import_and_scan
copying venusian/tests/fixtures/import_and_scan/two.py -> build/lib/venusian/tests/fixtures/import_and_scan
copying venusian/tests/fixtures/import_and_scan/__init__.py -> build/lib/venusian/tests/fixtures/import_and_scan
copying venusian/tests/fixtures/import_and_scan/one.py -> build/lib/venusian/tests/fixtures/import_and_scan
creating build/lib/venusian/tests/fixtures/pyc
copying venusian/tests/fixtures/pyc/module.py -> build/lib/venusian/tests/fixtures/pyc
copying venusian/tests/fixtures/pyc/__init__.py -> build/lib/venusian/tests/fixtures/pyc
creating build/lib/venusian/tests/fixtures/subpackages
copying venusian/tests/fixtures/subpackages/mod2.py -> build/lib/venusian/tests/fixtures/subpackages
copying venusian/tests/fixtures/subpackages/__init__.py -> build/lib/venusian/tests/fixtures/subpackages
creating build/lib/venusian/tests/fixtures/one
copying venusian/tests/fixtures/one/module.py -> build/lib/venusian/tests/fixtures/one
copying venusian/tests/fixtures/one/module2.py -> build/lib/venusian/tests/fixtures/one
copying venusian/tests/fixtures/one/__init__.py -> build/lib/venusian/tests/fixtures/one
creating build/lib/venusian/tests/fixtures/importonly
copying venusian/tests/fixtures/importonly/two.py -> build/lib/venusian/tests/fixtures/importonly
copying venusian/tests/fixtures/importonly/__init__.py -> build/lib/venusian/tests/fixtures/importonly
copying venusian/tests/fixtures/importonly/one.py -> build/lib/venusian/tests/fixtures/importonly
creating build/lib/venusian/tests/fixtures/importerror_package
copying venusian/tests/fixtures/importerror_package/__init__.py -> build/lib/venusian/tests/fixtures/importerror_package
creating build/lib/venusian/tests/fixtures/importerror
copying venusian/tests/fixtures/importerror/__init__.py -> build/lib/venusian/tests/fixtures/importerror
copying venusian/tests/fixtures/importerror/will_cause_import_error.py -> build/lib/venusian/tests/fixtures/importerror
creating build/lib/venusian/tests/fixtures/attrerror_package
copying venusian/tests/fixtures/attrerror_package/__init__.py -> build/lib/venusian/tests/fixtures/attrerror_package
creating build/lib/venusian/tests/fixtures/nested
copying venusian/tests/fixtures/nested/__init__.py -> build/lib/venusian/tests/fixtures/nested
creating build/lib/venusian/tests/fixtures/pyc/subpackage
copying venusian/tests/fixtures/pyc/subpackage/__init__.py -> build/lib/venusian/tests/fixtures/pyc/subpackage
creating build/lib/venusian/tests/fixtures/subpackages/childpackage
copying venusian/tests/fixtures/subpackages/childpackage/__init__.py -> build/lib/venusian/tests/fixtures/subpackages/childpackage
copying venusian/tests/fixtures/subpackages/childpackage/will_cause_import_error.py -> build/lib/venusian/tests/fixtures/subpackages/childpackage
creating build/lib/venusian/tests/fixtures/importerror_package/will_cause_import_error
copying venusian/tests/fixtures/importerror_package/will_cause_import_error/__init__.py -> build/lib/venusian/tests/fixtures/importerror_package/will_cause_import_error
creating build/lib/venusian/tests/fixtures/attrerror_package/will_cause_import_error
copying venusian/tests/fixtures/attrerror_package/will_cause_import_error/__init__.py -> build/lib/venusian/tests/fixtures/attrerror_package/will_cause_import_error
creating build/lib/venusian/tests/fixtures/nested/sub1
copying venusian/tests/fixtures/nested/sub1/__init__.py -> build/lib/venusian/tests/fixtures/nested/sub1
creating build/lib/venusian/tests/fixtures/nested/sub2
copying venusian/tests/fixtures/nested/sub2/__init__.py -> build/lib/venusian/tests/fixtures/nested/sub2
creating build/lib/venusian/tests/fixtures/nested/sub1/subsub1
copying venusian/tests/fixtures/nested/sub1/subsub1/__init__.py -> build/lib/venusian/tests/fixtures/nested/sub1/subsub1
creating build/lib/venusian/tests/fixtures/nested/sub2/subsub2
copying venusian/tests/fixtures/nested/sub2/subsub2/__init__.py -> build/lib/venusian/tests/fixtures/nested/sub2/subsub2
creating build/bdist.linux-x86_64
creating build/bdist.linux-x86_64/egg
creating build/bdist.linux-x86_64/egg/venusian
creating build/bdist.linux-x86_64/egg/venusian/compat
copying build/lib/venusian/compat/pkgutil_26.py -> build/bdist.linux-x86_64/egg/venusian/compat
copying build/lib/venusian/compat/__init__.py -> build/bdist.linux-x86_64/egg/venusian/compat
copying build/lib/venusian/advice.py -> build/bdist.linux-x86_64/egg/venusian
creating build/bdist.linux-x86_64/egg/venusian/tests
creating build/bdist.linux-x86_64/egg/venusian/tests/fixtures
creating build/bdist.linux-x86_64/egg/venusian/tests/fixtures/attrerror
copying build/lib/venusian/tests/fixtures/attrerror/__init__.py -> build/bdist.linux-x86_64/egg/venusian/tests/fixtures/attrerror
copying build/lib/venusian/tests/fixtures/attrerror/will_cause_import_error.py -> build/bdist.linux-x86_64/egg/venusian/tests/fixtures/attrerror
creating build/bdist.linux-x86_64/egg/venusian/tests/fixtures/two
copying build/lib/venusian/tests/fixtures/two/mod1.py -> build/bdist.linux-x86_64/egg/venusian/tests/fixtures/two
copying build/lib/venusian/tests/fixtures/two/mod2.py -> build/bdist.linux-x86_64/egg/venusian/tests/fixtures/two
copying build/lib/venusian/tests/fixtures/two/__init__.py -> build/bdist.linux-x86_64/egg/venusian/tests/fixtures/two
creating build/bdist.linux-x86_64/egg/venusian/tests/fixtures/import_and_scan
copying build/lib/venusian/tests/fixtures/import_and_scan/two.py -> build/bdist.linux-x86_64/egg/venusian/tests/fixtures/import_and_scan
copying build/lib/venusian/tests/fixtures/import_and_scan/__init__.py -> build/bdist.linux-x86_64/egg/venusian/tests/fixtures/import_and_scan
copying build/lib/venusian/tests/fixtures/import_and_scan/one.py -> build/bdist.linux-x86_64/egg/venusian/tests/fixtures/import_and_scan
creating build/bdist.linux-x86_64/egg/venusian/tests/fixtures/pyc
copying build/lib/venusian/tests/fixtures/pyc/module.py -> build/bdist.linux-x86_64/egg/venusian/tests/fixtures/pyc
creating build/bdist.linux-x86_64/egg/venusian/tests/fixtures/pyc/subpackage
copying build/lib/venusian/tests/fixtures/pyc/subpackage/__init__.py -> build/bdist.linux-x86_64/egg/venusian/tests/fixtures/pyc/subpackage
copying build/lib/venusian/tests/fixtures/pyc/__init__.py -> build/bdist.linux-x86_64/egg/venusian/tests/fixtures/pyc
copying build/lib/venusian/tests/fixtures/lifting1.py -> build/bdist.linux-x86_64/egg/venusian/tests/fixtures
copying build/lib/venusian/tests/fixtures/inheritance.py -> build/bdist.linux-x86_64/egg/venusian/tests/fixtures
copying build/lib/venusian/tests/fixtures/lifting5.py -> build/bdist.linux-x86_64/egg/venusian/tests/fixtures
creating build/bdist.linux-x86_64/egg/venusian/tests/fixtures/subpackages
copying build/lib/venusian/tests/fixtures/subpackages/mod2.py -> build/bdist.linux-x86_64/egg/venusian/tests/fixtures/subpackages
copying build/lib/venusian/tests/fixtures/subpackages/__init__.py -> build/bdist.linux-x86_64/egg/venusian/tests/fixtures/subpackages
creating build/bdist.linux-x86_64/egg/venusian/tests/fixtures/subpackages/childpackage
copying build/lib/venusian/tests/fixtures/subpackages/childpackage/__init__.py -> build/bdist.linux-x86_64/egg/venusian/tests/fixtures/subpackages/childpackage
copying build/lib/venusian/tests/fixtures/subpackages/childpackage/will_cause_import_error.py -> build/bdist.linux-x86_64/egg/venusian/tests/fixtures/subpackages/childpackage
creating build/bdist.linux-x86_64/egg/venusian/tests/fixtures/one
copying build/lib/venusian/tests/fixtures/one/module.py -> build/bdist.linux-x86_64/egg/venusian/tests/fixtures/one
copying build/lib/venusian/tests/fixtures/one/module2.py -> build/bdist.linux-x86_64/egg/venusian/tests/fixtures/one
copying build/lib/venusian/tests/fixtures/one/__init__.py -> build/bdist.linux-x86_64/egg/venusian/tests/fixtures/one
creating build/bdist.linux-x86_64/egg/venusian/tests/fixtures/importonly
copying build/lib/venusian/tests/fixtures/importonly/two.py -> build/bdist.linux-x86_64/egg/venusian/tests/fixtures/importonly
copying build/lib/venusian/tests/fixtures/importonly/__init__.py -> build/bdist.linux-x86_64/egg/venusian/tests/fixtures/importonly
copying build/lib/venusian/tests/fixtures/importonly/one.py -> build/bdist.linux-x86_64/egg/venusian/tests/fixtures/importonly
copying build/lib/venusian/tests/fixtures/subclassing.py -> build/bdist.linux-x86_64/egg/venusian/tests/fixtures
creating build/bdist.linux-x86_64/egg/venusian/tests/fixtures/importerror_package
creating build/bdist.linux-x86_64/egg/venusian/tests/fixtures/importerror_package/will_cause_import_error
copying build/lib/venusian/tests/fixtures/importerror_package/will_cause_import_error/__init__.py -> build/bdist.linux-x86_64/egg/venusian/tests/fixtures/importerror_package/will_cause_import_error
copying build/lib/venusian/tests/fixtures/importerror_package/__init__.py -> build/bdist.linux-x86_64/egg/venusian/tests/fixtures/importerror_package
copying build/lib/venusian/tests/fixtures/lifting2.py -> build/bdist.linux-x86_64/egg/venusian/tests/fixtures
copying build/lib/venusian/tests/fixtures/lifting4.py -> build/bdist.linux-x86_64/egg/venusian/tests/fixtures
creating build/bdist.linux-x86_64/egg/venusian/tests/fixtures/importerror
copying build/lib/venusian/tests/fixtures/importerror/__init__.py -> build/bdist.linux-x86_64/egg/venusian/tests/fixtures/importerror
copying build/lib/venusian/tests/fixtures/importerror/will_cause_import_error.py -> build/bdist.linux-x86_64/egg/venusian/tests/fixtures/importerror
copying build/lib/venusian/tests/fixtures/__init__.py -> build/bdist.linux-x86_64/egg/venusian/tests/fixtures
copying build/lib/venusian/tests/fixtures/classdecorator.py -> build/bdist.linux-x86_64/egg/venusian/tests/fixtures
copying build/lib/venusian/tests/fixtures/category.py -> build/bdist.linux-x86_64/egg/venusian/tests/fixtures
copying build/lib/venusian/tests/fixtures/lifting3.py -> build/bdist.linux-x86_64/egg/venusian/tests/fixtures
creating build/bdist.linux-x86_64/egg/venusian/tests/fixtures/attrerror_package
creating build/bdist.linux-x86_64/egg/venusian/tests/fixtures/attrerror_package/will_cause_import_error
copying build/lib/venusian/tests/fixtures/attrerror_package/will_cause_import_error/__init__.py -> build/bdist.linux-x86_64/egg/venusian/tests/fixtures/attrerror_package/will_cause_import_error
copying build/lib/venusian/tests/fixtures/attrerror_package/__init__.py -> build/bdist.linux-x86_64/egg/venusian/tests/fixtures/attrerror_package
creating build/bdist.linux-x86_64/egg/venusian/tests/fixtures/nested
creating build/bdist.linux-x86_64/egg/venusian/tests/fixtures/nested/sub1
creating build/bdist.linux-x86_64/egg/venusian/tests/fixtures/nested/sub1/subsub1
copying build/lib/venusian/tests/fixtures/nested/sub1/subsub1/__init__.py -> build/bdist.linux-x86_64/egg/venusian/tests/fixtures/nested/sub1/subsub1
copying build/lib/venusian/tests/fixtures/nested/sub1/__init__.py -> build/bdist.linux-x86_64/egg/venusian/tests/fixtures/nested/sub1
copying build/lib/venusian/tests/fixtures/nested/__init__.py -> build/bdist.linux-x86_64/egg/venusian/tests/fixtures/nested
creating build/bdist.linux-x86_64/egg/venusian/tests/fixtures/nested/sub2
creating build/bdist.linux-x86_64/egg/venusian/tests/fixtures/nested/sub2/subsub2
copying build/lib/venusian/tests/fixtures/nested/sub2/subsub2/__init__.py -> build/bdist.linux-x86_64/egg/venusian/tests/fixtures/nested/sub2/subsub2
copying build/lib/venusian/tests/fixtures/nested/sub2/__init__.py -> build/bdist.linux-x86_64/egg/venusian/tests/fixtures/nested/sub2
copying build/lib/venusian/tests/test_advice.py -> build/bdist.linux-x86_64/egg/venusian/tests
copying build/lib/venusian/tests/__init__.py -> build/bdist.linux-x86_64/egg/venusian/tests
copying build/lib/venusian/tests/test_venusian.py -> build/bdist.linux-x86_64/egg/venusian/tests
copying build/lib/venusian/__init__.py -> build/bdist.linux-x86_64/egg/venusian
byte-compiling build/bdist.linux-x86_64/egg/venusian/compat/pkgutil_26.py to pkgutil_26.pyc
byte-compiling build/bdist.linux-x86_64/egg/venusian/compat/__init__.py to __init__.pyc
byte-compiling build/bdist.linux-x86_64/egg/venusian/advice.py to advice.pyc
byte-compiling build/bdist.linux-x86_64/egg/venusian/tests/fixtures/attrerror/__init__.py to __init__.pyc
byte-compiling build/bdist.linux-x86_64/egg/venusian/tests/fixtures/attrerror/will_cause_import_error.py to will_cause_import_error.pyc
byte-compiling build/bdist.linux-x86_64/egg/venusian/tests/fixtures/two/mod1.py to mod1.pyc
byte-compiling build/bdist.linux-x86_64/egg/venusian/tests/fixtures/two/mod2.py to mod2.pyc
byte-compiling build/bdist.linux-x86_64/egg/venusian/tests/fixtures/two/__init__.py to __init__.pyc
byte-compiling build/bdist.linux-x86_64/egg/venusian/tests/fixtures/import_and_scan/two.py to two.pyc
byte-compiling build/bdist.linux-x86_64/egg/venusian/tests/fixtures/import_and_scan/__init__.py to __init__.pyc
byte-compiling build/bdist.linux-x86_64/egg/venusian/tests/fixtures/import_and_scan/one.py to one.pyc
byte-compiling build/bdist.linux-x86_64/egg/venusian/tests/fixtures/pyc/module.py to module.pyc
byte-compiling build/bdist.linux-x86_64/egg/venusian/tests/fixtures/pyc/subpackage/__init__.py to __init__.pyc
byte-compiling build/bdist.linux-x86_64/egg/venusian/tests/fixtures/pyc/__init__.py to __init__.pyc
byte-compiling build/bdist.linux-x86_64/egg/venusian/tests/fixtures/lifting1.py to lifting1.pyc
byte-compiling build/bdist.linux-x86_64/egg/venusian/tests/fixtures/inheritance.py to inheritance.pyc
byte-compiling build/bdist.linux-x86_64/egg/venusian/tests/fixtures/lifting5.py to lifting5.pyc
byte-compiling build/bdist.linux-x86_64/egg/venusian/tests/fixtures/subpackages/mod2.py to mod2.pyc
byte-compiling build/bdist.linux-x86_64/egg/venusian/tests/fixtures/subpackages/__init__.py to __init__.pyc
byte-compiling build/bdist.linux-x86_64/egg/venusian/tests/fixtures/subpackages/childpackage/__init__.py to __init__.pyc
byte-compiling build/bdist.linux-x86_64/egg/venusian/tests/fixtures/subpackages/childpackage/will_cause_import_error.py to will_cause_import_error.pyc
byte-compiling build/bdist.linux-x86_64/egg/venusian/tests/fixtures/one/module.py to module.pyc
byte-compiling build/bdist.linux-x86_64/egg/venusian/tests/fixtures/one/module2.py to module2.pyc
byte-compiling build/bdist.linux-x86_64/egg/venusian/tests/fixtures/one/__init__.py to __init__.pyc
byte-compiling build/bdist.linux-x86_64/egg/venusian/tests/fixtures/importonly/two.py to two.pyc
byte-compiling build/bdist.linux-x86_64/egg/venusian/tests/fixtures/importonly/__init__.py to __init__.pyc
byte-compiling build/bdist.linux-x86_64/egg/venusian/tests/fixtures/importonly/one.py to one.pyc
byte-compiling build/bdist.linux-x86_64/egg/venusian/tests/fixtures/subclassing.py to subclassing.pyc
byte-compiling build/bdist.linux-x86_64/egg/venusian/tests/fixtures/importerror_package/will_cause_import_error/__init__.py to __init__.pyc
byte-compiling build/bdist.linux-x86_64/egg/venusian/tests/fixtures/importerror_package/__init__.py to __init__.pyc
byte-compiling build/bdist.linux-x86_64/egg/venusian/tests/fixtures/lifting2.py to lifting2.pyc
byte-compiling build/bdist.linux-x86_64/egg/venusian/tests/fixtures/lifting4.py to lifting4.pyc
byte-compiling build/bdist.linux-x86_64/egg/venusian/tests/fixtures/importerror/__init__.py to __init__.pyc
byte-compiling build/bdist.linux-x86_64/egg/venusian/tests/fixtures/importerror/will_cause_import_error.py to will_cause_import_error.pyc
byte-compiling build/bdist.linux-x86_64/egg/venusian/tests/fixtures/__init__.py to __init__.pyc
byte-compiling build/bdist.linux-x86_64/egg/venusian/tests/fixtures/classdecorator.py to classdecorator.pyc
byte-compiling build/bdist.linux-x86_64/egg/venusian/tests/fixtures/category.py to category.pyc
byte-compiling build/bdist.linux-x86_64/egg/venusian/tests/fixtures/lifting3.py to lifting3.pyc
byte-compiling build/bdist.linux-x86_64/egg/venusian/tests/fixtures/attrerror_package/will_cause_import_error/__init__.py to __init__.pyc
byte-compiling build/bdist.linux-x86_64/egg/venusian/tests/fixtures/attrerror_package/__init__.py to __init__.pyc
byte-compiling build/bdist.linux-x86_64/egg/venusian/tests/fixtures/nested/sub1/subsub1/__init__.py to __init__.pyc
byte-compiling build/bdist.linux-x86_64/egg/venusian/tests/fixtures/nested/sub1/__init__.py to __init__.pyc
byte-compiling build/bdist.linux-x86_64/egg/venusian/tests/fixtures/nested/__init__.py to __init__.pyc
byte-compiling build/bdist.linux-x86_64/egg/venusian/tests/fixtures/nested/sub2/subsub2/__init__.py to __init__.pyc
byte-compiling build/bdist.linux-x86_64/egg/venusian/tests/fixtures/nested/sub2/__init__.py to __init__.pyc
byte-compiling build/bdist.linux-x86_64/egg/venusian/tests/test_advice.py to test_advice.pyc
byte-compiling build/bdist.linux-x86_64/egg/venusian/tests/__init__.py to __init__.pyc
byte-compiling build/bdist.linux-x86_64/egg/venusian/tests/test_venusian.py to test_venusian.pyc
byte-compiling build/bdist.linux-x86_64/egg/venusian/__init__.py to __init__.pyc
creating build/bdist.linux-x86_64/egg/EGG-INFO
copying venusian.egg-info/PKG-INFO -> build/bdist.linux-x86_64/egg/EGG-INFO
copying venusian.egg-info/SOURCES.txt -> build/bdist.linux-x86_64/egg/EGG-INFO
copying venusian.egg-info/dependency_links.txt -> build/bdist.linux-x86_64/egg/EGG-INFO
copying venusian.egg-info/entry_points.txt -> build/bdist.linux-x86_64/egg/EGG-INFO
copying venusian.egg-info/not-zip-safe -> build/bdist.linux-x86_64/egg/EGG-INFO
copying venusian.egg-info/requires.txt -> build/bdist.linux-x86_64/egg/EGG-INFO
copying venusian.egg-info/top_level.txt -> build/bdist.linux-x86_64/egg/EGG-INFO
creating dist
creating 'dist/venusian-1.0-py2.7.egg' and adding 'build/bdist.linux-x86_64/egg' to it
removing 'build/bdist.linux-x86_64/egg' (and everything under it)
Processing venusian-1.0-py2.7.egg
creating /home/ubuntu/miniconda/envs/_build/lib/python2.7/site-packages/venusian-1.0-py2.7.egg
Extracting venusian-1.0-py2.7.egg to /home/ubuntu/miniconda/envs/_build/lib/python2.7/site-packages
Adding venusian 1.0 to easy-install.pth file

Installed /home/ubuntu/miniconda/envs/_build/lib/python2.7/site-packages/venusian-1.0-py2.7.egg
Processing dependencies for venusian==1.0
Finished processing dependencies for venusian==1.0

The following NEW packages will be INSTALLED:

    openssl:    1.0.1k-1    
    pip:        6.1.1-py27_0
    python:     2.7.9-3     
    readline:   6.2-2       
    setuptools: 16.0-py27_0 
    sqlite:     3.8.4.1-1   
    system:     5.8-2       
    tk:         8.5.18-0    
    zlib:       1.2.8-0     

Linking packages ...
[                    ]|                                                  |   0%[openssl             ]|                                                  |   0%[readline            ]|#####                                             |  11%[sqlite              ]|###########                                       |  22%[system              ]|################                                  |  33%[tk                  ]|######################                            |  44%[zlib                ]|###########################                       |  55%[python              ]|#################################                 |  66%[setuptools          ]|######################################            |  77%[pip                 ]|############################################      |  88%[      COMPLETE      ]|##################################################| 100%
Removing old work directory
Source cache directory is: /home/ubuntu/miniconda/conda-bld/src_cache
Found source in cache: venusian-1.0.tar.gz
Extracting download
Package: venusian-1.0-py27_0
source tree in: /home/ubuntu/miniconda/conda-bld/work/venusian-1.0
number of files: 106
Fixing permissions
Fixing permissions
BUILD END: venusian-1.0-py27_0
TEST START: venusian-1.0-py27_0
Fetching package metadata: ......
Solving package specifications: .===== testing package: venusian-1.0-py27_0 =====
import: u'venusian'
import: u'venusian.compat'
import: u'venusian.tests'
import: u'venusian.tests.fixtures'
import: u'venusian.tests.fixtures.attrerror'
import: u'venusian.tests.fixtures.attrerror_package'
import: u'venusian.tests.fixtures.attrerror_package.will_cause_import_error'
Traceback (most recent call last):
  File "/home/ubuntu/miniconda/conda-bld/test-tmp_dir/run_test.py", line 43, in <module>
    import venusian.tests.fixtures.attrerror_package.will_cause_import_error
  File "/home/ubuntu/miniconda/envs/_test/lib/python2.7/site-packages/venusian-1.0-py2.7.egg/venusian/tests/fixtures/attrerror_package/will_cause_import_error/__init__.py", line 1, in <module>
    raise AttributeError
AttributeError

The following packages will be downloaded:

    package                    |            build
    ---------------------------|-----------------
    venusian-1.0               |           py27_0          37 KB

The following NEW packages will be INSTALLED:

    openssl:    1.0.1k-1    
    pip:        6.1.1-py27_0
    python:     2.7.9-3     
    readline:   6.2-2       
    setuptools: 16.0-py27_0 
    sqlite:     3.8.4.1-1   
    system:     5.8-2       
    tk:         8.5.18-0    
    venusian:   1.0-py27_0  
    zlib:       1.2.8-0     

Fetching packages ...
venusian-1.0-p   0% |                              | ETA:  --:--:--   0.00  B/svenusian-1.0-p  42% |#############                  | ETA:  0:00:00  46.40 MB/svenusian-1.0-p  85% |##########################     | ETA:  0:00:00  58.51 MB/svenusian-1.0-p 100% |###############################| ETA:  0:00:00  52.68 MB/svenusian-1.0-p 100% |###############################| Time: 0:00:00  40.85 MB/s
Extracting packages ...
[      COMPLETE      ]|                                                  |   0%[venusian            ]|                                                  |   0%[venusian            ]|                                                  |   0%[      COMPLETE      ]|##################################################| 100%
Linking packages ...
[      COMPLETE      ]|                                                  |   0%[openssl             ]|                                                  |   0%[openssl             ]|                                                  |   0%[readline            ]|#####                                             |  10%[sqlite              ]|##########                                        |  20%[system              ]|###############                                   |  30%[tk                  ]|####################                              |  40%[zlib                ]|#########################                         |  50%[python              ]|##############################                    |  60%[setuptools          ]|###################################               |  70%[pip                 ]|########################################          |  80%[venusian            ]|#############################################     |  90%[      COMPLETE      ]|##################################################| 100%
TESTS FAILED: venusian-1.0-py27_0
