There was an error importing jinja2.
Please run `conda install jinja2` to enable jinja template support
Removing old build directory
Removing old work directory
BUILD START: yelp_cheetah-0.10.0-py27_0
Fetching package metadata: ......
Solving package specifications: .There was an error importing jinja2.
Please run `conda install jinja2` to enable jinja template support
+ /home/ubuntu/miniconda/envs/_build/bin/python setup.py install
running install
running bdist_egg
running egg_info
writing requirements to yelp_cheetah.egg-info/requires.txt
writing yelp_cheetah.egg-info/PKG-INFO
writing top-level names to yelp_cheetah.egg-info/top_level.txt
writing dependency_links to yelp_cheetah.egg-info/dependency_links.txt
writing entry points to yelp_cheetah.egg-info/entry_points.txt
reading manifest file 'yelp_cheetah.egg-info/SOURCES.txt'
reading manifest template 'MANIFEST.in'
writing manifest file 'yelp_cheetah.egg-info/SOURCES.txt'
installing library code to build/bdist.linux-x86_64/egg
running install_lib
running build_py
creating build
creating build/lib.linux-x86_64-2.7
creating build/lib.linux-x86_64-2.7/Cheetah
copying Cheetah/Template.py -> build/lib.linux-x86_64-2.7/Cheetah
copying Cheetah/SourceReader.py -> build/lib.linux-x86_64-2.7/Cheetah
copying Cheetah/legacy_parser.py -> build/lib.linux-x86_64-2.7/Cheetah
copying Cheetah/partial_template.py -> build/lib.linux-x86_64-2.7/Cheetah
copying Cheetah/filters.py -> build/lib.linux-x86_64-2.7/Cheetah
copying Cheetah/DummyTransaction.py -> build/lib.linux-x86_64-2.7/Cheetah
copying Cheetah/NameMapper.py -> build/lib.linux-x86_64-2.7/Cheetah
copying Cheetah/cheetah_compile.py -> build/lib.linux-x86_64-2.7/Cheetah
copying Cheetah/legacy_compiler.py -> build/lib.linux-x86_64-2.7/Cheetah
copying Cheetah/SettingsManager.py -> build/lib.linux-x86_64-2.7/Cheetah
copying Cheetah/ast_utils.py -> build/lib.linux-x86_64-2.7/Cheetah
copying Cheetah/compile.py -> build/lib.linux-x86_64-2.7/Cheetah
copying Cheetah/__init__.py -> build/lib.linux-x86_64-2.7/Cheetah
creating build/lib.linux-x86_64-2.7/Cheetah/testing
copying Cheetah/testing/all_partials_tested.py -> build/lib.linux-x86_64-2.7/Cheetah/testing
copying Cheetah/testing/__init__.py -> build/lib.linux-x86_64-2.7/Cheetah/testing
copying Cheetah/testing/partial_template_test_case.py -> build/lib.linux-x86_64-2.7/Cheetah/testing
running build_ext
building 'Cheetah._namemapper' extension
creating build/temp.linux-x86_64-2.7
creating build/temp.linux-x86_64-2.7/Cheetah
creating build/temp.linux-x86_64-2.7/Cheetah/c
gcc -pthread -fno-strict-aliasing -g -O2 -DNDEBUG -g -fwrapv -O3 -Wall -Wstrict-prototypes -fPIC -I/home/ubuntu/miniconda/envs/_build/include/python2.7 -c Cheetah/c/_namemapper.c -o build/temp.linux-x86_64-2.7/Cheetah/c/_namemapper.o
gcc -pthread -shared -L/home/ubuntu/miniconda/envs/_build/lib -Wl,-rpath=/home/ubuntu/miniconda/envs/_build/lib,--no-as-needed build/temp.linux-x86_64-2.7/Cheetah/c/_namemapper.o -L/home/ubuntu/miniconda/envs/_build/lib -lpython2.7 -o build/lib.linux-x86_64-2.7/Cheetah/_namemapper.so
creating build/bdist.linux-x86_64
creating build/bdist.linux-x86_64/egg
creating build/bdist.linux-x86_64/egg/Cheetah
copying build/lib.linux-x86_64-2.7/Cheetah/Template.py -> build/bdist.linux-x86_64/egg/Cheetah
copying build/lib.linux-x86_64-2.7/Cheetah/SourceReader.py -> build/bdist.linux-x86_64/egg/Cheetah
copying build/lib.linux-x86_64-2.7/Cheetah/legacy_parser.py -> build/bdist.linux-x86_64/egg/Cheetah
copying build/lib.linux-x86_64-2.7/Cheetah/partial_template.py -> build/bdist.linux-x86_64/egg/Cheetah
copying build/lib.linux-x86_64-2.7/Cheetah/filters.py -> build/bdist.linux-x86_64/egg/Cheetah
copying build/lib.linux-x86_64-2.7/Cheetah/_namemapper.so -> build/bdist.linux-x86_64/egg/Cheetah
copying build/lib.linux-x86_64-2.7/Cheetah/DummyTransaction.py -> build/bdist.linux-x86_64/egg/Cheetah
copying build/lib.linux-x86_64-2.7/Cheetah/NameMapper.py -> build/bdist.linux-x86_64/egg/Cheetah
copying build/lib.linux-x86_64-2.7/Cheetah/cheetah_compile.py -> build/bdist.linux-x86_64/egg/Cheetah
copying build/lib.linux-x86_64-2.7/Cheetah/legacy_compiler.py -> build/bdist.linux-x86_64/egg/Cheetah
copying build/lib.linux-x86_64-2.7/Cheetah/SettingsManager.py -> build/bdist.linux-x86_64/egg/Cheetah
creating build/bdist.linux-x86_64/egg/Cheetah/testing
copying build/lib.linux-x86_64-2.7/Cheetah/testing/all_partials_tested.py -> build/bdist.linux-x86_64/egg/Cheetah/testing
copying build/lib.linux-x86_64-2.7/Cheetah/testing/__init__.py -> build/bdist.linux-x86_64/egg/Cheetah/testing
copying build/lib.linux-x86_64-2.7/Cheetah/testing/partial_template_test_case.py -> build/bdist.linux-x86_64/egg/Cheetah/testing
copying build/lib.linux-x86_64-2.7/Cheetah/ast_utils.py -> build/bdist.linux-x86_64/egg/Cheetah
copying build/lib.linux-x86_64-2.7/Cheetah/compile.py -> build/bdist.linux-x86_64/egg/Cheetah
copying build/lib.linux-x86_64-2.7/Cheetah/__init__.py -> build/bdist.linux-x86_64/egg/Cheetah
byte-compiling build/bdist.linux-x86_64/egg/Cheetah/Template.py to Template.pyc
byte-compiling build/bdist.linux-x86_64/egg/Cheetah/SourceReader.py to SourceReader.pyc
byte-compiling build/bdist.linux-x86_64/egg/Cheetah/legacy_parser.py to legacy_parser.pyc
byte-compiling build/bdist.linux-x86_64/egg/Cheetah/partial_template.py to partial_template.pyc
byte-compiling build/bdist.linux-x86_64/egg/Cheetah/filters.py to filters.pyc
byte-compiling build/bdist.linux-x86_64/egg/Cheetah/DummyTransaction.py to DummyTransaction.pyc
byte-compiling build/bdist.linux-x86_64/egg/Cheetah/NameMapper.py to NameMapper.pyc
byte-compiling build/bdist.linux-x86_64/egg/Cheetah/cheetah_compile.py to cheetah_compile.pyc
byte-compiling build/bdist.linux-x86_64/egg/Cheetah/legacy_compiler.py to legacy_compiler.pyc
byte-compiling build/bdist.linux-x86_64/egg/Cheetah/SettingsManager.py to SettingsManager.pyc
byte-compiling build/bdist.linux-x86_64/egg/Cheetah/testing/all_partials_tested.py to all_partials_tested.pyc
byte-compiling build/bdist.linux-x86_64/egg/Cheetah/testing/__init__.py to __init__.pyc
byte-compiling build/bdist.linux-x86_64/egg/Cheetah/testing/partial_template_test_case.py to partial_template_test_case.pyc
byte-compiling build/bdist.linux-x86_64/egg/Cheetah/ast_utils.py to ast_utils.pyc
byte-compiling build/bdist.linux-x86_64/egg/Cheetah/compile.py to compile.pyc
byte-compiling build/bdist.linux-x86_64/egg/Cheetah/__init__.py to __init__.pyc
creating stub loader for Cheetah/_namemapper.so
byte-compiling build/bdist.linux-x86_64/egg/Cheetah/_namemapper.py to _namemapper.pyc
creating build/bdist.linux-x86_64/egg/EGG-INFO
copying yelp_cheetah.egg-info/PKG-INFO -> build/bdist.linux-x86_64/egg/EGG-INFO
copying yelp_cheetah.egg-info/SOURCES.txt -> build/bdist.linux-x86_64/egg/EGG-INFO
copying yelp_cheetah.egg-info/dependency_links.txt -> build/bdist.linux-x86_64/egg/EGG-INFO
copying yelp_cheetah.egg-info/entry_points.txt -> build/bdist.linux-x86_64/egg/EGG-INFO
copying yelp_cheetah.egg-info/requires.txt -> build/bdist.linux-x86_64/egg/EGG-INFO
copying yelp_cheetah.egg-info/top_level.txt -> build/bdist.linux-x86_64/egg/EGG-INFO
writing build/bdist.linux-x86_64/egg/EGG-INFO/native_libs.txt
zip_safe flag not set; analyzing archive contents...
Cheetah.compile: module references __file__
Cheetah.testing.all_partials_tested: module references __path__
creating dist
creating 'dist/yelp_cheetah-0.10.0-py2.7-linux-x86_64.egg' and adding 'build/bdist.linux-x86_64/egg' to it
removing 'build/bdist.linux-x86_64/egg' (and everything under it)
Processing yelp_cheetah-0.10.0-py2.7-linux-x86_64.egg
creating /home/ubuntu/miniconda/envs/_build/lib/python2.7/site-packages/yelp_cheetah-0.10.0-py2.7-linux-x86_64.egg
Extracting yelp_cheetah-0.10.0-py2.7-linux-x86_64.egg to /home/ubuntu/miniconda/envs/_build/lib/python2.7/site-packages
Adding yelp-cheetah 0.10.0 to easy-install.pth file
Installing cheetah-compile script to /home/ubuntu/miniconda/envs/_build/bin

Installed /home/ubuntu/miniconda/envs/_build/lib/python2.7/site-packages/yelp_cheetah-0.10.0-py2.7-linux-x86_64.egg
Processing dependencies for yelp-cheetah==0.10.0
Searching for six==1.9.0
Best match: six 1.9.0
Adding six 1.9.0 to easy-install.pth file

Using /home/ubuntu/miniconda/envs/_build/lib/python2.7/site-packages
Searching for MarkupSafe==0.23
Best match: MarkupSafe 0.23
Adding MarkupSafe 0.23 to easy-install.pth file

Using /home/ubuntu/miniconda/envs/_build/lib/python2.7/site-packages
Searching for argparse==1.3.0
Best match: argparse 1.3.0
Processing argparse-1.3.0-py2.7.egg
Adding argparse 1.3.0 to easy-install.pth file

Using /home/ubuntu/miniconda/envs/_build/lib/python2.7/site-packages/argparse-1.3.0-py2.7.egg
Finished processing dependencies for yelp-cheetah==0.10.0

The following NEW packages will be INSTALLED:

    argparse:   1.3.0-py27_0
    markupsafe: 0.23-py27_0 
    openssl:    1.0.1k-1    
    pip:        6.1.1-py27_0
    python:     2.7.9-3     
    readline:   6.2-2       
    setuptools: 16.0-py27_0 
    six:        1.9.0-py27_0
    sqlite:     3.8.4.1-1   
    system:     5.8-2       
    tk:         8.5.18-0    
    zlib:       1.2.8-0     

Linking packages ...
[                    ]|                                                  |   0%[openssl             ]|                                                  |   0%[readline            ]|####                                              |   8%[sqlite              ]|########                                          |  16%[system              ]|############                                      |  25%[tk                  ]|################                                  |  33%[zlib                ]|####################                              |  41%[argparse            ]|#########################                         |  50%[markupsafe          ]|#############################                     |  58%[python              ]|#################################                 |  66%[setuptools          ]|#####################################             |  75%[six                 ]|#########################################         |  83%[pip                 ]|#############################################     |  91%[      COMPLETE      ]|##################################################| 100%
Removing old work directory
Source cache directory is: /home/ubuntu/miniconda/conda-bld/src_cache
Found source in cache: yelp_cheetah-0.10.0.tar.gz
Extracting download
Package: yelp_cheetah-0.10.0-py27_0
source tree in: /home/ubuntu/miniconda/conda-bld/work/yelp_cheetah-0.10.0
found egg dir: /home/ubuntu/miniconda/envs/_build/lib/python2.7/site-packages/yelp_cheetah-0.10.0-py2.7-linux-x86_64.egg
number of files: 35
Fixing permissions
patchelf: file: /home/ubuntu/miniconda/envs/_build/lib/python2.7/site-packages/Cheetah/_namemapper.so
    setting rpath to: $ORIGIN/../../..
Ignored hard-coded path in lib/python2.7/site-packages/Cheetah/_namemapper.so
Detected hard-coded path in text file bin/cheetah-compile
Fixing permissions
BUILD END: yelp_cheetah-0.10.0-py27_0
TEST START: yelp_cheetah-0.10.0-py27_0
Fetching package metadata: ......
Solving package specifications: .===== testing package: yelp_cheetah-0.10.0-py27_0 =====
import: u'Cheetah'
import: u'Cheetah.testing'
import: u'yelp_cheetah'
Traceback (most recent call last):
  File "/home/ubuntu/miniconda/conda-bld/test-tmp_dir/run_test.py", line 31, in <module>
    import yelp_cheetah
ImportError: No module named yelp_cheetah

The following packages will be downloaded:

    package                    |            build
    ---------------------------|-----------------
    yelp_cheetah-0.10.0        |           py27_0          73 KB

The following NEW packages will be INSTALLED:

    argparse:     1.3.0-py27_0 
    markupsafe:   0.23-py27_0  
    openssl:      1.0.1k-1     
    pip:          6.1.1-py27_0 
    python:       2.7.9-3      
    readline:     6.2-2        
    setuptools:   16.0-py27_0  
    six:          1.9.0-py27_0 
    sqlite:       3.8.4.1-1    
    system:       5.8-2        
    tk:           8.5.18-0     
    yelp_cheetah: 0.10.0-py27_0
    zlib:         1.2.8-0      

Fetching packages ...
yelp_cheetah-0   0% |                              | ETA:  --:--:--   0.00  B/syelp_cheetah-0  21% |######                         | ETA:  0:00:00  45.78 MB/syelp_cheetah-0  43% |#############                  | ETA:  0:00:00   3.75 MB/syelp_cheetah-0  65% |####################           | ETA:  0:00:00   5.50 MB/syelp_cheetah-0  87% |###########################    | ETA:  0:00:00   7.18 MB/syelp_cheetah-0 100% |###############################| ETA:  0:00:00   8.02 MB/syelp_cheetah-0 100% |###############################| Time: 0:00:00   7.84 MB/s
Extracting packages ...
[      COMPLETE      ]|                                                  |   0%[yelp_cheetah        ]|                                                  |   0%[yelp_cheetah        ]|                                                  |   0%[      COMPLETE      ]|##################################################| 100%
Linking packages ...
[      COMPLETE      ]|                                                  |   0%[openssl             ]|                                                  |   0%[openssl             ]|                                                  |   0%[readline            ]|###                                               |   7%[sqlite              ]|#######                                           |  15%[system              ]|###########                                       |  23%[tk                  ]|###############                                   |  30%[zlib                ]|###################                               |  38%[argparse            ]|#######################                           |  46%[markupsafe          ]|##########################                        |  53%[python              ]|##############################                    |  61%[setuptools          ]|##################################                |  69%[six                 ]|######################################            |  76%[pip                 ]|##########################################        |  84%[yelp_cheetah        ]|##############################################    |  92%[      COMPLETE      ]|##################################################| 100%
TESTS FAILED: yelp_cheetah-0.10.0-py27_0
